[    0.000000] Initializing cgroup subsys cpuset
[    0.000000] Initializing cgroup subsys cpu
[    0.000000] Initializing cgroup subsys cpuacct
[    0.000000] Linux version 4.4.0-154-generic (buildd@lgw01-amd64-049) (gcc version 5.4.0 20160609 (Ubuntu 5.4.0-6ubuntu1~16.04.10) ) #181-Ubuntu SMP Tue Jun 25 05:29:03 UTC 2019 (Ubuntu 4.4.0-154.181-generic 4.4.179)
[    0.000000] Command line: BOOT_IMAGE=/boot/vmlinuz-4.4.0-154-generic root=LABEL=cloudimg-rootfs ro console=tty1 console=ttyS0
[    0.000000] KERNEL supported cpus:
[    0.000000] Intel GenuineIntel
[    0.000000]   AMD AuthenticAMD
[    0.000000]   Centaur CentaurHauls
[    0.000000] x6/fpu: Legacy x87 FPU detected.
[    0.000000] e820: BIOS-provided physical RAM map:
[    0.000000] BIOS-e820: [mem 0x0000000000000000-0x000000000009fbff] usable
[    0.000000] BIOS-e820: [mem 0x000000000009fc00-0x000000000009ffff] reserved
[    0.000000] BIOS-e820: [mem 0x00000000000f0000-0x00000000000fffff] reserved
[    0.000000] BIOS-e820: [mem 0x0000000000100000-0x00000003ffeffff] usable
[    0.000000] BIOS-e820: [mem 0x000000003fff0000-0x000000003fffffff] ACPI data
[    0.000000] BIOS-e820: [mem 0x00000000fec00000-0x00000000fec00fff] reserved
[    0.000000] BIOS-e820: [mem 0x00000000fee00000-0x00000000fee00fff] reserved
[    0.000000] BIOS-e820: [mm 0x00000000fffc0000-0x00000000ffffffff] reserve
[    0.000000] NX (Execute Disable) protection activ
[    0.000000] SMBIOS 2.5 present.
[    0.000000] Hpervisor detcted: KVM
[    0.000000] e820: last_pfn = 0x3fff0 max_arch_pfn = 0x400000000
[    0.000000] MTRR: Disabled
[    0.000000] x86/PAT: MTRRs disabled, skipping PAT initialization too.
[    0.000000] CPU MTRRs all blank - virtualized system.
[    00.00000] x86/PAT: Configuration [0-7]: WB  WT  UC- UC  WB  WT  UC- UC  
[    0.000000] found SMP MP-table at [mem 0x0009fff0-0x0009ffff] mapped at [ffff88000009fff0]
[    0.000000] Scanning 1 areas for low memory corruption
[    0.000000] RAMDISK: [mem 0x362fa000-0x37174fff]
[    0.000000] ACPI: Early table checksum verification disabled
[    0.000000] ACPI: RSDP 0x00000000000E0000 000024 (v02 VBOX  )
[    0.000000] ACPI: XSDT 0x000000003FFF0030 00003C (v01 VBOX   VBOXXSDT 00000001 ASL  00000061)
[    0.000000] ACPI: FACP 0x000000003FFF00F0 0000F4 (v04 VBOX   VBOXFACP 00000001 ASL  00000061)
[    0.000000] ACPI: DSDT 0x000000003FFF0470 0021FF (v02 VBOX   VBOXBIOS 00000002 INTL 20180105)
[    0.000000] ACPI: FACS 0x000000003FFF0200 000040
[    0.000000] ACPI: FACS 0x000000003FFF0200 000040
[    0.000000] ACPI: APIC 0x000000003FFF024 0005C (02 VBOX   VBOXAPIC 00000001 ASL  00000061)
[    0.000000] ACPI: SSDT 0x000000003FFF02A0 0001CC (v01 VBOX   VBOXCPUT 00000002 INTL 20180105)
[    0.000000] No NUMA configuration found
[    0.000000] Faking a node at [mem 0x0000000000000000-0x000000003ffeffff]
[   0.000000] NODE_DATA(0) allocated [mem 0x3ffeb000-0x3ffeffff]
[    0.000000] kvm-clock: Using msrs 4b564d01 and 4b564d00
[    0.000000] kvm-clock: cpu 0, msr 0:3ffe3001, primary cpu clock
[    0.000000] kvm-clock: using sched offset of 4973979930 cycles
[    0.000000] clocksourrce: vm-clock: mask: 0xffffffffffffffff max_cycles: 0x1cd42e4dffb, max_idle_ns: 881590591483 ns
[    0.000000] Zone ranges:
[    0.000000]   DMA      [mem 0x0000000000001000-0x0000000000ffffff]
[    0.000000]   DMA32    [mem 0x0000000001000000-0x000000003ffeffff]
[    0.000000]   Normal   empty
[    0.000000]   Device   empty
[    0.000000] Movable zone start for each node
[    0.00000] Early memory node ranges
[    0.000000]   node   0: [mem 0x000000000001000-0x000000000009efff]
[    0.000000]   node   0: [mem 0x0000000000100000-0x000000003ffeffff]
[    0.000000] Initmm setup node 0 [mem 0x0000000000001000-0x000000003ffeffff]
[    .000000] ACPI: PM-Timer IO Port: 0x4008
[    0.000000] IOAPIC[0]: apic_id 2, version 32, address 0xfec00000, GSI 0-23
[    0.000000] ACPI: INT_SRC_OVR (bus 0 bus_irq 0 global_irq 2 dfl dfl)
[    0.000000] ACPI: INT_SRC_OVR (bus 0 bus_irq 9 global_irq 9 low level)
[    0.000000] Using ACPI (MADT) for SMP configuration information
[    0.000000] smpboot: Allowing 2 CPUs, 0 hotplug CPUs
[    0.000000] PM: Registered nosave memory: [mem 0x00000000-0x00000fff]
[    0.000000] PM: Registered nosave memory: [mem 0x0009f000-0x0009ffff]
[    0.000000] PM: Registered nosave memory: [mem 0x000a0000-0x000effff]
[    0.000000] PM: Registered nosave memory: [mem 0x000f0000-0x000fffff]
[    0.000000] e820: [mem 0x40000000-0xfebfffff] available for PCI devices
[    0.000000] Booting paravirtualized kernel on KVM
[    0.000000] clocksource: refined-jiffies: mask: 0xffffffff max_cycles: 0xffffffff, max_idle_ns: 7645519600211568 ns
[    0.000000] setup_percpu: NR_CPUS:512 nr_cpumask_bits:512 nr_cpu_ids:2 nr_node_ids:1
[    0.000000] PERCPU: Embedded 34 pages/cpu @ffff88003fc00000 s99480 r8192 d31592 u1048576
[    0.000000] Built 1 zonelists in Node order, mobility grouping on.  Total pages: 257912
[    0.000000] Policy zone: DMA32
[    0.000000] Kernel command line: BOOT_IMAGE=/boot/vmlinuz-4.4.0-154-generic root=LABEL=cloudimg-rootfs ro console=tty1 console=ttyS0
[    0.000000] PID hash table entries: 4096 (order: 3, 32768 btes)
[    0.000000] Memory: 997732K/1048120K available (8613K kernel code, 1335K rwdata, 4028K rodata, 1484K init, 1284K bss, 50388K reserved, 0K cma-reserved)
[    0.000000] SLUB: HWalign=64, Order=0-3, MinObjects=0, CPUs=2, Nodes=1
[    0.000000] Kernel/User page tables isolation: enabled
[    0.000000] Hierarchical RCU implementation.
[    0.000000] 	Build-time adjustment of leaf fanout to 64.
[    0.000000] 	RCU restricting CPUs from NR_CPUS=512 to nr_cpu_ds=2.
[    0.000000] RCU: Adjusting geometry for rcu_fanout_leaf=64, nr_cpu_ids=2
[    0.000000] NR_IRQS:33024 nr_irqs:440 16
[    0.000000] Console: colour VGA+ 80x25
[    0.000000] console [tty1] enabled
[    0.000000] console [ttyS0] enabled
[    0.000000] tsc: Detected 2992.480 MHz processor
[    1.414817] Calibrating delay loop (skipped) preset value.. 5984.96 BogoMIPS (lpj=11969920)
[    1.417706] pid_max: default: 32768 minimum: 301
[    1.419228] ACPI: Core revision 20150930
[    1.421887] ACPI: 2 ACPI AML tables successfully acquired and loaded
[    1.424018] Security Framework initialized
[    1.425428] Yama: becoming mindful.
[    1.426788] AppArmor: AppArmor initialized
[    1.428359] Dentry cache hash table entries: 131072 (order: 8, 1048576 bytes)
[    1.430937] Inode-cache hash table entries: 65536 (order: 7, 524288 bytes)
[    1.433192] Mount-cache hash table entries: 2048 (order: 2, 16384 bytes)
[    1.435157] Mountpoint-cache hash table entries: 2048 (order: 2, 16384 bytes)
[    1.437988] Initializing cgroup subsys io
[    1.439385] Initializing cgroup subsys memory
[    1.488856] Initializing cgroup subsys devices
[    1.490356] Initializing cgroup subsys freezer
[    1.550595] Initializing cgroup subsys net_cls
[    1.633465] Initializing cgroup subsys perf_event
[    1.635003] Initializing cgroup subsys net_prio
[    1.636502] Initializing cgroup subsys hugetlb
[    1.638025] Initializing cgroup subsys pids
[    1.639561] mce: CPU supports 0 MCE banks
[    1.691177] Last level iTLB entries: 4KB 128, 2MB 4, 4MB 4
[    1.692922] Last level dTLB entries: 4KB 256, 2MB 0, 4MB 32, 1GB 0
[    1.711079] Spectre V2 : Mitigation: Full generic retpoline
[    1.713560] Spectre V2 : Spectre v2 / SpectreRSB mitigation: Filling RSB on context switch
[    1.717484] Speculative Store Bypass: Vulnerable
[    1.720637] MDS: Vulnerable: Clear CPU buffers attempted, no microcode
[    1.729178] Freeing SMP alternatives memory: 36K
[    1.748685] ftrace: allocating 32299 entries in 127 pages
[    1.830708] smpboot: APIC(0) Converting physical 0 to logical package 0
[    1.835839] smpboot: Max logical packages: 1
[    1.837894] x2apic enabled
[    1.839543] Switched APIC routing to physical x2apic.
[    1.843563] ..TIMER: vector=0x30 apic1=0 pin1=2 apic2=-1 pin2=-1
[    1.948417] smpboot: CPU0: Intel(R) Core(TM)2 Duo CPU     E8400  @ 3.00GHz (family: 0x6, model: 0x17, stepping: 0xa)
[    1.952002] Performance Events: unsupported p6 CPU model 23 no PMU driver, software events only.
[    2.054271] KVM setup paravirtual spinlock
[    2.057282] x86: Booting SMP configuration:
[    2.093284] .... node  #0, CPUs:      #1
[    2.157277] kvm-clock: cpu 1, msr 0:3ffe3041, secondary cpu clock
[    2.171414] mce: CPU supports 0 MCE banks
[    2.174584] x86: Booted up 1 node, 2 CPUs
[    2.177570] smpboot: Total of 2 processors activated (11969.92 BogoMIPS)
[    2.180161] devtmpfs: initialized
[    2.184234] evm: security.selinux
[    2.185482] evm: security.SMACK64
[    2.186730] evm: security.SMACK64EXEC
[    2.188120] evm: security.SMACK64TRANSMUTE
[    2.194732] evm: security.SMACK64MMAP
[    2.196048] evm: security.ima
[    2.197230] evm: security.capability
[    2.200866] clocksource: jiffies: mask: 0xffffffff max_cycles: 0xffffffff, max_idle_ns: 7645041785100000 ns
[    2.204004] futex hash table entries: 512 (order: 3, 32768 bytes)
[    2.206042] pinctrl core: initialized pinctrl subsystem
[    2.207891] RTC time: 15:42:21, date: 08/23/19
[    2.215148] NET: Registered protocol family 16
[    2.225590] cpuidle: using governor ladder
[    2.236837] cpuidle: using governor menu
[    2.238314] PCCT header not found.
[    2.239623] ACPI: bus type PCI registered
[    2.242229] acpiphp: ACPI Hot Plug PCI Controller Driver version: 0.5
[    2.244263] PCI: Using configuration type 1 for base access
[    2.257765] ACPI: Added _OSI(Module Device)
[    2.268315] ACPI: Added _OSI(Processor Device)
[    2.306869] ACPI: Added _OSI(3.0 _SCP Extensions)
[    2.308473] ACPI: Added _OSI(Processor Aggregator Device)
[    2.311005] ACPI: Executed 1 blocks of module-level executable AML code
[    2.315589] ACPI: Interpreter enabled
[    2.316913] ACPI: (supports S0 S5)
[    2.318228] ACPI: Using IOAPIC for interrupt routing
[    2.320010] PCI: Using host bridge windows from ACPI; if necessary, use "pci=nocrs" and report a bug
[    2.327624] ACPI: PCI Root Bridge [PCI0] (domain 0000 [bus 00-ff])
[    2.329485] acpi PNP0A03:00: _OSC: OS supports [ASPM ClockPM Segments MSI]
[    2.409523] acpi PNP0A03:00: _OSC: not requesting OS control; OS requires [ExtendedConfig ASPM ClockPM MSI]
[    2.412603] acpi PNP0A03:00: fail to add MMCONFIG information, can't access extended PCI configuration space under this bridge.
[    2.478547] PCI host bridge to bus 0000:00
[    2.479980] pci_bus 0000:00: root bus resource [io  0x0000-0x0cf7 window]
[    2.481992] pci_bus 0000:00: root bus resource [io  0x0d00-0xffff window]
[    2.483971] pci_bus 0000:00: root bus resource [mem 0x000a0000-0x000bffff window]
[    2.494468] pci_bus 0000:00: root bus resource [mem 0x40000000-0xfdffffff window]
[    2.497055] pci_bus 0000:00: root bus resource [bus 00-ff]
[    2.532524] pci 0000:00:01.1: legacy IDE quirk: reg 0x10: [io  0x01f0-0x01f7]
[    2.546577] pci 0000:00:01.1: legacy IDE quirk: reg 0x14: [io  0x03f6]
[    2.548507] pci 0000:00:01.1: legacy IDE quirk: reg 0x18: [io  0x0170-0x0177]
[    2.550564] pci 0000:00:01.1: legacy IDE quirk: reg 0x1c: [io  0x0376]
[    2.653328] pci 0000:00:07.0: quirk: [io  0x4000-0x403f] claimed by PIIX4 ACPI
[    2.661333] pci 0000:00:07.0: quirk: [io  0x4100-0x410f] claimed by PIIX4 SMB
[    2.671859] ACPI: PCI Interrupt Link [LNKA] (IRQs 5 9 10 *11)
[    2.681202] ACPI: PCI Interrupt Link [LNKB] (IRQs 5 9 *10 11)
[    2.683623] ACPI: PCI Interrupt Link [LNKC] (IRQs 5 *9 10 11)
[    2.686058] ACPI: PCI Interrupt Link [LNKD] (IRQs 5 9 10 *11)
[    2.688571] ACPI: Enabled 2 GPEs in block 00 to 07
[    2.713624] vgaarb: setting as boot device: PCI:0000:00:02.0
[    2.715377] vgaarb: device added: PCI:0000:00:02.0,decodes=io+mem,owns=io+mem,locks=none
[    2.718098] vgaarb: loaded
[    2.719211] vgaarb: bridge control possible 0000:00:02.0
[    2.722715] SCSI subsystem initialized
[    2.724504] ACPI: bus type USB registered
[    2.731315] usbcore: registered new interface driver usbfs
[    2.733053] usbcore: registered new interface driver hub
[    2.734763] usbcore: registered new device driver usb
[    2.738301] PCI: Using ACPI for IRQ routing
[    2.740421] NetLabel: Initializing
[    2.741840] NetLabel:  domain hash size = 128
[    2.743298] NetLabel:  protocols = UNLABELED CIPSOv4
[    2.744952] NetLabel:  unlabeled traffic allowed by default
[    2.762031] amd_nb: Cannot enumerate AMD northbridges
[    2.763801] clocksource: Switched to clocksource kvm-clock
[    2.780161] AppArmor: AppArmor Filesystem Enabled
[    2.821118] pnp: PnP ACPI init
[   2.82395] pnp: PnP ACPI: found 3 devices

[   2.903975] clocksource: acpi_pm: mask: 0xffffff max_cycles: 0xffffff, max_idle_ns: 2085701024 ns
[    2.937695] NET: Registered protocol family 2

[    2.939905] TCP established hash table entries: 8192 (order: 4, 65536 bytes)
[   2.942110] TCP bind hash table entries: 8192 (order: 5, 131072 bytes)
[    3.101349] TCP: Hash tables configured (established 8192 bind 8192)
[    3.103419] UDP hash table entries: 512 (order: 2, 16384 bytes)
[    3.105345] UDP-Lite hash table entries: 512 (order: 2, 16384 bytes)
[    3.107438] NET: Registered protocol family 1
[    3.109024] pci 0000:00:00.0: Limiting direct PCI/CI transfers
[    3.14183] pci 0000:00:01.0: Activating ISA DMA hang workarounds
[    3.174238] Unpacking initramfs...
[  3.420268] Freeing initrd memory: 14828K
[    3.480457] clocksource: tsc: mask: 0xffffffffffffffff max_cycles: 0x2b2285792ea, max_idle_ns: 440795280120 ns
[    3.483634] platform rtc_cmos: registered platform RTC device (no PNP device found)
[    3.486354] Scanning for low memory corruption every 60 seconds

[    3.489074] audit: initializing netlink subsys (disabled)
[    3.506031] audit: type=2000 audit(1566574946.405:1): initialized
[    3.508310] Initialise system trusted keyring
[    3.568870] HugeTLB registered 2 MB page size, pre-allocated 0 pages
[    3.696107] zbud: loaded
[    3.697604] VFS: Disk quotas dquot_6.6.0
[    3.699034] VFS: Dquot-cache hash table entries: 512 (order 0, 4096 bytes)
[    3.701403] squashfs: version 4.0 (2009/01/31) Phillip Lougher
[    3.703627] fuse init (API version 7.23)
[    3.705285] Key type big_key registered
[    3.706671] Allocating IMA MOK and blacklist keyrigs.

[    3.842001] Key type asymmetric registered
[    3.901713] Asymmetric key parser 'x509' registered
[    3.934166] Block layer SCSI generic (bsg) driver version 0.4 loaded (major 249)
[    3.936970] io scheduler noop registered
[    3.946344] io scheduler deadline registered (default)
[    3.948154] io scheduler cfq registered
[    3.949728] pci_hotplug: PCI Hot Plug PCI Core version: 0.5
[    4.046086] pciehp: PCI Express Hot Plug Controller Driver version: 0.4
[    4.114738] ACPI: AC Adapter [AC] (on-line)
[    4.116268] input: Power Button as /devices/LNXSYSTM:00/LNXPWRBN:00/input/input0
[    4.118849] ACPI: Power Button [PWRF]
[    4.120264] input: Sleep Button as /devices/LNXSYSTM:00/LNXSLPBN:00/input/input1
[    4.122844] ACPI: Sleep Button [SLPF]
[    4.124502] GHES: HEST is not enabled!
[    4.204879] Serial: 8250/16550 driver, 32 ports, IRQ sharing enabled
[    4.229595] 00:02: ttyS0 at I/O 0x3f8 (irq = 4, base_baud = 115200) is a 16550A
[    4.236101] Linux agpgart interface v0.103
[    4.240457] loop: module loaded
[    4.242625] scsi host0: ata_piix
[    4.244135] scsi host1: ata_piix
[    4.245417] ata1: PATA max UDMA/33 cmd 0x1f0 ctl 0x3f6 bmdma 0xd000 irq 14
[    4.247416] ata2: PATA max UDMA/33 cmd 0x170 ctl 0x376 bmdma 0xd008 irq 15
[    4.249931] libphy: Fixed MDIO Bus: probed
[    4.252471] tun: Universal TUN/TAP device driver, 1.6
[    4.254102] tun: (C) 1999-2004 Max Krasnyansky <maxk@qualcomm.com>
[    4.256095] PPP generic driver version 2.4.2
[    4.257718] ehci_hcd: USB 2.0 'Enhanced' Host Controller (EHCI) Driver
[    4.259651] ehci-pci: EHCI PCI platform driver
[    4.284317] ehci-platform: EHCI generic platform driver
[    4.285976] ohci_hcd: USB 1.1 'Open' Host Controller (OHCI) Driver
[    4.287827] ohci-pci: OHCI PCI platform driver
[    4.349476] ohci-platform: OHCI generic platform driver
[    4.370492] uhci_hcd: USB Universal Host Controller Interface driver
[    4.372491] i8042: PNP: PS/2 Controller [PNP0303:PS2K,PNP0f03:PS2M] at 0x60,0x64 irq 1,12
[    4.375960] serio: i8042 KBD port at 0x60,0x64 irq 1
[    4.398158] serio: i8042 AUX port at 0x60,0x64 irq 12
[    4.400080] mousedev: PS/2 mouse device common for all mice
[    4.402361] input: AT Translated Set 2 keyboard as /devices/platform/i8042/serio0/input/input2
[    4.405757] rtc_cmos rtc_cmos: rtc core: registered rtc_cmos as rtc0
[    4.407839] rtc_cmos rtc_cmos: alarms up to one day, 114 bytes nvram
[    4.410113] i2c /dev entries driver
[    4.411534] device-mapper: uevent: version 1.0.3
[    4.413258] device-mapper: ioctl: 4.34.0-ioctl (2015-10-28) initialised: dm-devel@redhat.com
[    4.416211] ledtrig-cpu: registered to indicate activity on CPUs
[    4.418945] NET: Registered protocol family 10
[    4.421098] NET: Registered protocol family 17
[    4.644209] Key type dns_resolver registered
[    4.651725] registered taskstats version 1
[    4.653248] Loading compiled-in X.509 certificates
[    4.655795] Loaded X.509 cert 'Build time autogenerated kernel key: 65139e04a67245b562a838c28b5e7032abdd4348'
[    4.659086] zswap: loaded using pool lzo/zbud
[    4.800333] Key type trusted registered
[    4.870673] Key type encrypted registered
[    5.029240] AppArmor: AppArmor sha1 policy hashing enabled
[    5.078213] ima: No TPM chip found, activating TPM-bypass!
[    5.080850] ima: Allocated hash algorithm: sha1
[    5.082991] evm: HMAC attrs: 0x1
[    5.086591]   Magic number: 15:17:741
[    5.089713] workqueue writeback: hash matches
[    5.092095] rtc_cmos rtc_cmos: setting system clock to 2019-08-23 15:42:24 UTC (1566574944)
[    5.103860] BIOS EDD facility v0.16 2004-Jun-25, 0 devices found
[    5.108683] EDD information not available.
[    5.120228] Freeing unused kernel memory: 1484K
[    5.147858] Write protecting the kernel read-only data: 14336k
[    5.163866] Freeing unused kernel memory: 1616K
[    5.165814] Freeing unused kernel memory: 68K
Loading, please wait...
starting version 229
[    5.310767] random: systemd-udevd: uninitialized urandom read (16 bytes read, 2 bits of entropy available)
[    5.317635] random: systemd-udevd: uninitialized urandom read (16 bytes read, 2 bits of entropy available)
[    5.320416] random: udevadm: uninitialized urandom read (16 bytes read, 2 bits of entropy available)
[    5.320523] random: udevadm: uninitialized urandom read (16 bytes read, 2 bits of entropy available)
[    5.333366] random: systemd-udevd: uninitialized urandom read (16 bytes read, 2 bits of entropy available)
[    5.338437] random: systemd-udevd: uninitialized urandom read (16 bytes read, 2 bits of entropy available)
[    5.369106] random: systemd-udevd: uninitialized urandom read (16 bytes read, 2 bits of entropy available)
[    5.374042] random: systemd-udevd: uninitialized urandom read (16 bytes read, 2 bits of entropy available)
[    5.379404] random: systemd-udevd: uninitialized urandom read (16 bytes read, 2 bits of entropy available)
[    5.389467] random: systemd-udevd: uninitialized urandom read (16 bytes read, 2 bits of entropy available)
[    5.712826] e1000: Intel(R) PRO/1000 Network Driver - version 7.3.21-k8-NAPI
[    5.716103] e1000: Copyright (c) 1999-2006 Intel Corporation.
[    5.755290] Fusion MPT base driver 3.04.20
[    5.757882] Copyright (c) 1999-2008 LSI Corporation
[    5.777542] Fusion MPT SPI Host driver 3.04.20
[    5.915082] input: ImExPS/2 Generic Explorer Mouse as /devices/platform/i8042/serio1/input/input4
[    6.267567] e1000 0000:00:03.0 eth0: (PCI:33MHz:32-bit) 02:1e:e5:6d:71:21
[    6.269886] e1000 0000:00:03.0 eth0: Intel(R) PRO/1000 Network Connection
[    6.273592] mptbase: ioc0: Initiating bringup
[    6.279066] e1000 0000:00:03.0 enp0s3: renamed from eth0
[    6.839284] ioc0: LSI53C1030 A0: Capabilities={Initiator}
[    8.266981] scsi host2: ioc0: LSI53C1030 A0, FwRev=00000000h, Ports=1, MaxQ=256, IRQ=20
[   10.563550] scsi 2:0:0:0: Direct-Access     VBOX     HARDDISK         1.0  PQ: 0 ANSI: 5
[   10.676484] scsi target2:0:0: Beginning Domain Validation
[   10.681008] scsi target2:0:0: Domain Validation skipping write tests
[   10.684765] scsi target2:0:0: Ending Domain Validation
[   10.687918] scsi target2:0:0: asynchronous
[   10.691728] scsi 2:0:1:0: Direct-Access     VBOX     HARDDISK         1.0  PQ: 0 ANSI: 5
[   10.696572] scsi target2:0:1: Beginning Domain Validation
[   10.792617] scsi target2:0:1: Domain Validation skipping write tests
[   10.920637] scsi target2:0:1: Ending Domain Validation
[   10.922445] scsi target2:0:1: asynchronous
[   10.930219] sd 2:0:0:0: [sda] 20971520 512-byte logical blocks: (10.7 GB/10.0 GiB)
[   10.931299] sd 2:0:0:0: Attached scsi generic sg0 type 0
[   10.931989] sd 2:0:1:0: Attached scsi generic sg1 type 0
[   10.934393] sd 2:0:1:0: [sdb] 20480 512-byte logical blocks: (10.5 MB/10.0 MiB)
[   10.934593] sd 2:0:1:0: [sdb] Write Protect is off
[   10.934739] sd 2:0:1:0: [sdb] Incomplete mode parameter data
[   10.934740] sd 2:0:1:0: [sdb] Assuming drive cache: write through
[   10.947756] sd 2:0:0:0: [sda] Write Protect is off
[   10.960428] sd 2:0:1:0: [sdb] Attached SCSI disk
[   11.006886] sd 2:0:0:0: [sda] Incomplete mode parameter data
[   11.016026] sd 2:0:0:0: [sda] Assuming drive cache: write through
[   11.030058]  sda: sda1
[   11.032273] sd 2:0:0:0: [sda] Attached SCSI disk
Begin: Loading essential drivers ... [   13.409861] md: linear personality registered for level -1
[   13.437635] md: multipath personality registered for level -4
[   13.467116] md: raid0 personality registered for level 0
[   13.497131] md: raid1 personality registered for level 1
[   13.603842] raid6: sse2x1   gen()  4853 MB/s
[   13.675829] raid6: sse2x1   xor()  4687 MB/s
[   13.743823] raid6: sse2x2   gen()  6517 MB/s
[   13.811820] raid6: sse2x2   xor()  5986 MB/s
[   13.951827] raid6: sse2x4   gen()  8308 MB/s
[   14.111883] raid6: sse2x4   xor()  6332 MB/s
[   14.113400] raid6: using algorithm sse2x4 gen() 8308 MB/s
[   14.115166] raid6: .... xor() 6332 MB/s, rmw enabled
[   14.124735] raid6: using ssse3x2 recovery algorithm
[   14.131370] xor: measuring software checksum speed
[   14.200039]    prefetch64-sse: 34325.000 MB/sec
[   14.269755]    generic_sse: 25273.000 MB/sec
[   14.271329] xor: using function: prefetch64-sse (34325.000 MB/sec)
[   14.278284] async_tx: api initialized (async)
[   14.316372] md: raid6 personality registered for level 6
[   14.319720] md: raid5 personality registered for level 5
[   14.322090] md: raid4 personality registered for level 4
[   14.380891] md: raid10 personality registered for level 10
done.
Begin: Running /scripts/init-premount ... done.
Begin: Mounting root file system ... Begin: Running /scripts/local-top ... done.
Begin: Running /scripts/local-premount ... [   14.548780] Btrfs loaded
Scanning for Btrfs filesystems
done.
Warning: fsck not present, so skipping root file system
[   14.785422] EXT4-fs (sda1): mounted filesystem with ordered data mode. Opts: (null)
done.
Begin: Running /scripts/local-bottom ... done.
Begin: Running /scripts/init-bottom ... done.
[   15.627950] systemd[1]: systemd 229 running in system mode. (+PAM +AUDIT +SELINUX +IMA +APPARMOR +SMACK +SYSVINIT +UTMP +LIBCRYPTSETUP +GCRYPT +GNUTLS +ACL +XZ -LZ4 +SECCOMP +BLKID +ELFUTILS +KMOD -IDN)
[   15.653377] systemd[1]: Detected virtualization oracle.
[   15.655062] systemd[1]: Detected architecture x86-64.

Welcome to [1mUbuntu 16.04.6 LTS[0m!

[ 15.684526] systemd[1]: Set hostname to <ubuntu>.
[   15.767303] systemd[1]: Initializg machine ID from random generator.
[   15.828434] systemd[1]: Installed transient /etc/machine-id file.

[   16.066053] random: nonblocking pool is initialized
[  17.101044] systemd[1]: Listening on LVM2 metadata daemon socket.
[[0;32m  OK  [0m] Listening on LVM2 metadata daemon socket.
[   17.135472] systemd[1]: Listening on Syslog Socket.
[[0;32m  OK  [0m] Listening on Syslog Socket.
[   17.376427] systemd[1]: Reached target Swap.
[[0;32m  OK  [0m] Reached target Swap.
[   17.379905] systemd[1]: Listening on udev Control Socket.
[[0;32m  OK  [0m] Listening on udev Control Socket.
[   17.383515] systemd[1]: Reached target System Time Synchronized.
[[0;32m  OK  [0m] Reached target System Time Synchronized.
[   17.387551] systemd[1]: Listening on LVM2 poll daemon socket.
[[0;32m  OK  [0m] Listening on LVM2 poll daemon socket.
[   17.392728] systemd[1]: Created slice User and Session Slice.
[[0;32m  OK  [0m] Created slice User and Session Slice.
[   17.396829] systemd[1]: Started Forward Password Requests to Wall Directory Watch.
[[0;32m  OK  [0m] Started Forward Password Requests to Wall Directory Watch.
[   17.401712] system1]: Reached target User and Group Name Lookups.
[[0;32m  OK  [0m] Reached target User and Group Name Lookups.
[   17.465040] systemd[1]: Set up automount Arbitrary Executable File Formats File System Automount Point.
[[0;32m  OK  [0m] Set up automount Arbitrary Executab...ats File System Automount Point.
[   17.613763] systemd[1]: Listening on Device-mapper event daemon FIFOs.
[[0;32m  OK  [0m] Listening on Device-mapper event daemon FIFOs.
[   17.617852] systemd[1]: Listening on Journal Socket.
[[0;32m  OK  [0m] Listening on Journal Socket.
[   17.621356] systemd[1]: Listening on udev Kernel Socket.
[[0;32m  OK  [0m] Listening on udev Kernel Socket.
[   17.624927] systemd[1]: Started Trigger resolvconf update for networkd DNS.
[[0;32m  OK  [0m] Started Trigger resolvconf update for networkd DNS.
[   17.629082] systemd[1]: Listening on Journal Socket (/dev/log).
[[0;32m  OK  [0m] Listening on Journal Socket (/dev/log).
[   17.632877] systemd[1]: Listening on /dev/initctl Compatibility Named Pipe.
[[0;32m  OK  [0m] Listening on /dev/initctl Compatibility Named Pipe.
[   18.021153] systemd[1]: Reached target Encrypted Volumes.
[[0;32m  OK  [0m] Reached target Encrypted Volumes.
[   18.025655] systemd[1]: Created slice System Slice.
[[0;32m  OK  [0m] Created slice System Slice.
[   18.029989] systemd[1]: Created slice system-serial\x2dgetty.slice.
[[0;32m  OK  [0m] Created slice system-serial\x2dgetty.slice.
[   18.052877] systemd[1]: Starting Nameserver information manager...
         Starting Nameserver information manager...
[   18.075038] systemd[1]: Starting Set console keymap...
         Starting Set console keymap...
[   18.082727] systemd[1]: Reached target Slices.
[[0;32m  OK  [0m] Reached target Slices.
[   18.092100] systemd[1]: Mounting Debug File System...
         Mounting Debug File System...
[   18.154685] systemd[1]: Starting Remount Root and Kernel File Systems...
         Starting Remount Root and Kernel File Systems...
[   18.177986] systemd[1]: Starting Uncomplicated firewall...
         Starting Uncomplicated firewall...
[   18.206629] systemd[1]: Mounting Huge Pages File System...
[   18.210215] EXT4-fs (sda1): re-mounted. Opts: (null)
         Mounting Huge Pages File System...
[   18.251393] systemd[1]: Starting Monitoring of LVM2 mirrors, snapshots etc. using dmeventd or progress polling...
         Starting Monitoring of LVM2 mirrors... dmeventd or progress polling...
[   18.297689] systemd[1]: Starting Create list of required static device nodes for the current kernel...
         Starting Create list of required st... nodes for the current kernel...
[   18.407724] systemd[1]: Starting Load Kernel Modules...
         Starting Load Kernel Modules...
[   18.492595] systemd[1]: Mounting POSIX Message Queue File System...
         Mounting POSIX Message Queue File System...
[   18.510962] systemd[1]: Listening on Journal Audit Socket.
[[0;32m  OK  [0m] Listening on Journal Audit Socket.
[   18.565241] systemd[1]: Starting Journal Service...
         Starting Journal Service...
[   18.595719] systemd[1]: Mounted POSIX Message Queue File System.
[[0;32m  OK  [0m] Mounted POSIX Message Queue File System.
[   18.607114] systemd[1]: Mounted Huge Pages File System.
[[0;32m  OK  [0m] Mounted Huge Pages File System.
[   18.618101] Loading iSCSI transport class v2.0-870.
[   18.621787] systemd[1]: Mounted Debug File System.
[[0;32m  OK  [0m] Mounted Debug File System.
[   18.663222] systemd[1]: Started Remount Root and Kernel File Systems.
[[0;32m  OK  [0m] Started Remount Root and Kernel File Systems.
[   18.712321] iscsi: registered transport (tcp)
[   18.718976] systemd[1]: Started Uncomplicated firewall.
[[0;32m  OK  [0m] Started Uncomplicated firewall.
[   18.730050] systemd[1]: Started Create list of required static device nodes for the current kernel.
[[0;32m  OK  [0m] Started Create list of required sta...ce nodes for the current kernel.
[   18.785703] systemd[1]: Started Nameserver information manager.
[[0;32m  OK  [0m] Started Nameserver information manager.
[   18.816705] systemd[1]: Started Set console keymap.
[[0;32m  OK  [0m] Started Set console keymap.
[   18.826605] systemd[1]: Started Journal Service.
[[0;32m  OK  [0m] Started Journal Service.
[   18.953224] iscsi: registered transport (iser)
[[0;32m  OK  [0m] Started Load Kernel Modules.
         Mounting FUSE Control File System...
         Starting Apply Kernel Variables...
[[0;32m  OK  [0m] Started LVM2 metadata daemon.
         Starting Create Static Device Nodes in /dev...
         Starting Load/Save Random Seed...
         Starting udev Coldplug all Devices...
         Starting Flush Journal to Persistent Storage...
[[0;32m  OK  [0m] Mounted FUSE Control File System.
[[0;32m  OK  [0m] Started Apply Kernel Variables.
[[0;32m  OK  [0m] Started Load/Save Random Seed.
[[0;32m  OK  [0m] Started Flush Journal to Persistent Storage.
[[0;32m  OK  [0m] Started Create Static Device Nodes in /dev.
         Starting udev Kernel Device Manager...
[[0;32m  OK  [0m] Started Monitoring of LVM2 mirrors,...ng dmeventd or progress polling.
[[0;32m  OK  [0m] Reached target Local File Systems (Pre).
[[0;32m  OK  [0m] Reached target Local File Systems.
         Starting Tell Plymouth To Write Out Runtime Data...
         Starting Commit a transient machine-id on disk...
         Starting LSB: AppArmor initialization...
         Starting Create Volatile Files and Directories...
         Starting Initial cloud-init job (pre-networking)...
         Starting Set console font and keymap...
[[0;32m  OK  [0m] Started udev Kernel Device Manager.
[[0;32m  OK  [0m] Started Tell Plymouth To Write Out Runtime Data.
[[0;32m  OK  [0m] Started Commit a transient machine-id on disk.
[[0;32m  OK  [0m] Started udev Coldplug all Devices.
[[0;32m  OK  [0m] Started Create Volatile Files and Directories.
         Starting Update UTMP about System Boot/Shutdown...
[[0;32m  OK  [0m] Started Dispatch Password Requests to Console Directory Watch.
[[0;32m  OK  [0m] Started Update UTMP about System Boot/Shutdown.
[[0;32m  OK  [0m] Found device /dev/ttyS0.
[[0;32m  OK  [0m] Listening on Load/Save RF Kill Switch Status /dev/rfkill Watch.
[[0;32m  OK  [0m] Started LSB: AppArmor initialization.
[[0;32m  OK  [0m] Started Set console font and keymap.
[[0;32m  OK  [0m] Created slice system-getty.slice.
[   25.248586] cloud-init[463]: Cloud-init v. 19.1-1-gbaa47854-0ubuntu1~16.04.1 running 'init-local' at Fri, 23 Aug 2019 15:42:45 +0000. Up 23.33 seconds.
[[0;32m  OK  [0m] Started Initial cloud-init job (pre-networking).
[[0;32m  OK  [0m] Reached target Network (Pre).
         Starting Raise network interfaces...
[[0;32m  OK  [0m] Started Raise network interfaces.
         Starting Initial cloud-init job (metadata service crawler)...
[[0;32m  OK  [0m] Reached target Network.
[   30.923147] cloud-init[950]: Cloud-init v. 19.1-1-gbaa47854-0ubuntu1~16.04.1 running 'init' at Fri, 23 Aug 2019 15:42:49 +0000. Up 28.10 seconds.
[   30.944955] cloud-init[950]: ci-info: ++++++++++++++++++++++++++++++++++++++Net device info++++++++++++++++++++++++++++++++++++++
[   30.955324] cloud-init[950]: ci-info: +--------+------+----------------------------+---------------+--------+-------------------+
[   30.966736] cloud-init[950]: ci-info: | Device |  Up  |          Address           |      Mask     | Scope  |     Hw-Address    |
[   31.001382] cloud-init[950]: ci-info: +--------+------+----------------------------+---------------+--------+-------------------+
[   31.055352] cloud-init[950]: ci-info: | enp0s3 | True |         10.0.2.15          | 255.255.255.0 | global | 02:1e:e5:6d:71:21 |
[   31.068460] cloud-init[950]: ci-info: | enp0s3 | True | fe80::1e:e5ff:fe6d:7121/64 |       .       |  link  | 02:1e:e5:6d:71:21 |
[   31.079389] cloud-init[950]: ci-info: |   lo   | True |         127.0.0.1          |   255.0.0.0   |  host  |         .         |
[   31.090412] cloud-init[950]: ci-info: |   lo   | True |          ::1/128           |       .       |  host  |         .         |
[   31.118058] cloud-init[950]: ci-info: +--------+------+----------------------------+---------------+--------+-------------------+
[   31.157024] cloud-init[950]: ci-info: +++++++++++++++++++++++++++Route IPv4 info++++++++++++++++++++++++++++
[   31.165070] cloud-init[950]: ci-info: +-------+-------------+----------+---------------+-----------+-------+
[   31.171690] cloud-init[950]: ci-info: | Route | Destination | Gateway  |    Genmask    | Interface | Flags |
[   31.178117] cloud-init[950]: ci-info: +-------+-------------+----------+---------------+-----------+-------+
[   31.184017] cloud-init[950]: ci-info: |   0   |   0.0.0.0   | 10.0.2.2 |    0.0.0.0    |   enp0s3  |   UG  |
[   31.193337] cloud-init[950]: ci-info: |   1   |   10.0.2.0  | 0.0.0.0  | 255.255.255.0 |   enp0s3  |   U   |
[   31.200417] cloud-init[950]: ci-info: +-------+-------------+----------+---------------+-----------+-------+
[   31.206969] cloud-init[950]: ci-info: +++++++++++++++++++Route IPv6 info+++++++++++++++++++
[   31.212532] cloud-init[950]: ci-info: +-------+-------------+---------+-----------+-------+
[   31.219212] cloud-init[950]: ci-info: | Route | Destination | Gateway | Interface | Flags |
[   31.241626] cloud-init[950]: ci-info: +-------+-------------+---------+-----------+-------+
[   31.256946] cloud-init[950]: ci-info: |   0   |  fe80::/64  |    ::   |   enp0s3  |   U   |
[   31.296970] cloud-init[950]: ci-info: |   3   |   ff00::/8  |    ::   |   enp0s3  |   U   |
[   31.304930] cloud-init[950]: ci-info: +-------+-------------+---------+-----------+-------+
[   31.316060] cloud-init[950]: Generating public/private rsa key pair.
[   31.325509] cloud-init[950]: Your identification has been saved in /etc/ssh/ssh_host_rsa_key.
[   31.332449] cloud-init[950]: Your public key has been saved in /etc/ssh/ssh_host_rsa_key.pub.
[   31.338769] cloud-init[950]: The key fingerprint is:
[   31.344431] cloud-init[950]: SHA256:Q0HNyLkrUDKcEjP+442xJ+w4qcsmlhaZg3LE6nPTKio root@ubuntu-xenial
[   31.351099] cloud-init[950]: The key's randomart image is:
[   31.357056] cloud-init[950]: +---[RSA 2048]----+
[   31.363338] cloud-init[950]: |  +o . oo=       |
[   31.366803] cloud-init[950]: | ..o= . +.o      |
[   31.410557] cloud-init[950]: | ... +  ..       |
[   31.416154] cloud-init[950]: |  o..  ..        |
[   31.423017] cloud-init[950]: |.oo +.  S.       |
[[0;32m  OK  [0m] Started Initial cloud-init job (metadata service crawler).
[   31.431759] cloud-init[950]: |+=.o *. ..       |
[   31.437854] cloud-init[950]: |o.+.B o.         |
[   31.439795] cloud-init[950]: |EOo= +           |
[   31.448731] cloud-init[950]: |@+=o+            |
[   31.452183] cloud-init[950]: +----[SHA256]-----+
[   31.456136] cloud-init[950]: Generating public/private dsa key pair.
[   31.461496] cloud-init[950]: Your identification has been saved in /etc/ssh/ssh_host_dsa_key.
[   31.467235] cloud-init[950]: Your public key has been saved in /etc/ssh/ssh_host_dsa_key.pub.
[   31.472144] cloud-init[950]: The key fingerprint is:
[   31.475574] cloud-init[950]: SHA256:EFvWdEadHvkgh8wG97LMa3JZMegVVViYEGVKgXTmwO0 root@ubuntu-xenial
[   31.483341] cloud-init[950]: The key's randomart image is:
[   31.492487] cloud-init[950]: +---[DSA 1024]----+
[[0;32m  OK  [0m] Reached target Cloud-config availability.
[   31.493094] cloud-init[950]: |      . o==B%B+O=|
[[0;32m  OK  [0m] Reached target System Initialization.
[   31.521089] cloud-init[950]: |       =  +XB=@. |
[   31.600662] cloud-init[950]: |      o    o=+=+ |
[   31.634073] cloud-init[950]: |       .   +E+.o.|
[[0;32m  OK  [0m] Listening on D-Bus System Message Bus Socket.
[   31.634458] cloud-init[950]: |        S   = .  |
[   31.658839] cloud-init[950]: |             +   |
[   31.659220] cloud-init[950]: |          . =    |
         Starting Socket activation for snappy daemon.
[   31.660616] cloud-init[950]: |           +     |
[   31.667813] cloud-init[950]: |                 |
[[0;32m  OK  [0m] Started Daily Cleanup of Temporary Directories.
[   31.668606] cloud-init[950]: +----[SHA256]-----+
[   31.680761] cloud-init[950]: Generating public/private ecdsa key pair.
[[0;32m  OK  [0m] Started Daily apt download activities.
[   31.681347] cloud-init[950]: Your identification has been saved in /etc/ssh/ssh_host_ecdsa_key.
[   31.696577] cloud-init[950]: Your public key has been saved in /etc/ssh/ssh_host_ecdsa_key.pub.
[   31.696970] cloud-init[950]: The key fingerprint is:
[[0;32m  OK  [0m] Started Daily apt upgrade and clean activities.
[   31.697576] cloud-init[950]: SHA256:JEIgCzsluav3cj7aVbtkiNQ/U9jYfWyESwyjk7qYjdc root@ubuntu-xenial
[   31.872647] cloud-init[950]: The key's randomart image is:
[   31.898693] cloud-init[950]: +---[ECDSA 256]---+
[   31.966116] cloud-init[950]: |+.o..     o      |
[[0;32m  OK  [0m] Started ACPI Events Check.
[   31.966466] cloud-init[950]: |o* .     o + .   |
[   32.092595] cloud-init[950]: |+.  . . =   + .  |
[[0;32m  OK  [0m] Reached target Paths.
[   32.093017] cloud-init[950]: |..   o + * o +   |
         Starting LXD - unix socket.
[[0;32m  OK  [0m] Listening on ACPID Listen Socket.
[[0;32m  OK  [0m] Listening on UUID daemon activation socket.
[[0;32m  OK  [0m] Reached target Timers.
[[0;32m  OK  [0m] Reached target Network is Online.
[   32.256792] cloud-init[950]: | .  . o S + o +  |
         Starting iSCSI initiator daemon (iscsid)...
[[0;32m  OK  [0m] Listening on Socket activation for snappy daemon.
[   32.330725] cloud-init[950]: |.  . * * o   o   |
[   32.412668] cloud-init[950]: |.   = * E        |
[   32.425168] cloud-init[950]: |. o.oo o +       |
[[0;32m  OK  [0m] Listening on LXD - unix socket.
[   32.450588] cloud-init[950]: | ..*+.  .        |
[   32.499498] cloud-init[950]: +----[SHA256]-----+
[   32.503667] cloud-init[950]: Generating public/private ed25519 key pair.
[   32.511046] cloud-init[950]: Your identification has been saved in /etc/ssh/ssh_host_ed25519_key.
[   32.517102] cloud-init[950]: Your public key has been saved in /etc/ssh/ssh_host_ed25519_key.pub.
[   32.522386] cloud-init[950]: The key fingerprint is:
[   32.532412] cloud-init[950]: SHA256:iHPcIVPcXpNBxFk7C/0VF3FLxA8nstoxcpjZMnB7g2o root@ubuntu-xenial
[   32.550636] cloud-init[950]: The key's randomart image is:
[   32.564459] cloud-init[950]: +--[ED25519 256]--+
[   32.576351] cloud-init[950]: |       ... ++=+*=|
[   32.593247] cloud-init[950]: |       .o o B.+o*|
[   32.599401] [[0;32m  OK  [0m] Reached target Sockets.
[[0;32m  OK  [0m] Reached target Basic System.
cloud-init[950]: |      o .+ O.++=o|
[   32.626803] cloud-init[950]: |     o = .@ O. +o|
[   32.629686] cloud-init[950]: |    o + S. O +. .|
[   32.634443] cloud-init[950]: |     o  E . .    |
[   32.637884] cloud-init[950]: |       .         |
[   32.650464] cloud-init[950]: |                 |
[   32.654159] cloud-init[950]: |                 |
[   32.656315] cloud-init[950]: +----[SHA256]-----+
[[0;32m  OK  [0m] Started Regular background program processing daemon.
         Starting LSB: Record successful boot for GRUB...
         Starting Pollinate to seed the pseudo random number generator...
         Starting Virtualbox guest utils...
[[0;32m  OK  [0m] Started ACPI event daemon.
         Starting Snappy daemon...
         Starting Login Service...
         Starting System Logging Service...
         Starting Accounts Service...
         Starting LSB: MD monitoring daemon...
[[0;32m  OK  [0m] Started FUSE filesystem for LXC.
         Starting LXD - container startup/shutdown...
[[0;32m  OK  [0m] Started Deferred execution scheduler.
[[0;32m  OK  [0m] Started D-Bus System Message Bus.
         Starting /etc/rc.local Compatibility...
[[0;32m  OK  [0m] Started System Logging Service.
[[0;32m  OK  [0m] Started iSCSI initiator daemon (iscsid).
[[0;32m  OK  [0m] Started /etc/rc.local Compatibility.
[[0;32m  OK  [0m] Started Login Service.
[[0;32m  OK  [0m] Started Unattended Upgrades Shutdown.
         Starting Authenticate and Authorize Users to Run Privileged Tasks...
         Starting Login to default iSCSI targets...
[[0;32m  OK  [0m] Started LSB: Record successful boot for GRUB.
[[0;32m  OK  [0m] Started LSB: MD monitoring daemon.
[[0;32m  OK  [0m] Started Login to default iSCSI targets.
[[0;32m  OK  [0m] Reached target Remote File Systems (Pre).
[[0;32m  OK  [0m] Reached target Remote File Systems.
         Starting LSB: daemon to balance interrupts for SMP systems...
         Starting LSB: automatic crash report generation...
         Starting Permit User Sessions...
         Starting LSB: Set the CPU Frequency Scaling governor to "ondemand"...
[[0;32m  OK  [0m] Started Permit User Sessions.
[[0;32m  OK  [0m] Started Authenticate and Authorize Users to Run Privileged Tasks.
[[0;32m  OK  [0m] Started Accounts Service.
         Starting Hold until boot process finishes up...
         Starting Terminate Plymouth Boot Screen...
[[0;32m  OK  [0m] Started Hold until boot process finishes up.
[[0;32m  OK  [0m] Started LXD - container startup/shutdown.
[[0;32m  OK  [0m] Started Terminate Plymouth Boot Screen.
[[0;32m  OK  [0m] Started Virtualbox guest utils.
         Starting Set console scheme...
[[0;32m  OK  [0m] Started Getty on tty1.
[[0;32m  OK  [0m] Started Serial Getty on ttyS0.
[[0;32m  OK  [0m] Reached target Login Prompts.
[[0;32m  OK  [0m] Started Set console scheme.
[[0;32m  OK  [0m] Started LSB: Set the CPU Frequency Scaling governor to "ondemand".
[[0;32m  OK  [0m] Started LSB: daemon to balance interrupts for SMP systems.
[[0;32m  OK  [0m] Started LSB: automatic crash report generation.
[[0;32m  OK  [0m] Started Pollinate to seed the pseudo random number generator.
[[0;32m  OK  [0m] Started Snappy daemon.
         Starting Wait until snapd is fully seeded...
         Starting OpenBSD Secure Shell server...
[[0;32m  OK  [0m] Started OpenBSD Secure Shell server.
[[0;32m  OK  [0m] Created slice User Slice of vagrant.
         Starting User Manager for UID 1000...
[[0;32m  OK  [0m] Started Session 1 of user vagrant.
[[0;32m  OK  [0m] Started User Manager for UID 1000.
[[0;32m  OK  [0m] Started Wait until snapd is fully seeded.
         Starting Apply the settings specified in cloud-config...
[[0;32m  OK  [0m] Reached target Multi-User System.
[[0;32m  OK  [0m] Reached target Graphical Interface.
         Starting Update UTMP about System Runlevel Changes...
[[0;32m  OK  [0m] Started Update UTMP about System Runlevel Changes.

Ubuntu 16.04.6 LTS ubuntu-xenial ttyS0

ubuntu-xenial login: [   44.189434] cloud-init[1398]: Generating locales (this might take a while)...
[   47.337793] cloud-init[1398]:   en_US.UTF-8... done
[   47.343600] cloud-init[1398]: Generation complete.
[   49.462450] cloud-init[1398]: Cloud-init v. 19.1-1-gbaa47854-0ubuntu1~16.04.1 running 'modules:config' at Fri, 23 Aug 2019 15:43:05 +0000. Up 43.48 seconds.
ci-info: no authorized ssh keys fingerprints found for user ubuntu.
<14>Aug 23 15:43:12 ec2: 
<14>Aug 23 15:43:12 ec2: #############################################################
<14>Aug 23 15:43:12 ec2: -----BEGIN SSH HOST KEY FINGERPRINTS-----
<14>Aug 23 15:43:12 ec2: 1024 SHA256:EFvWdEadHvkgh8wG97LMa3JZMegVVViYEGVKgXTmwO0 root@ubuntu-xenial (DSA)
<14>Aug 23 15:43:12 ec2: 256 SHA256:JEIgCzsluav3cj7aVbtkiNQ/U9jYfWyESwyjk7qYjdc root@ubuntu-xenial (ECDSA)
<14>Aug 23 15:43:12 ec2: 256 SHA256:iHPcIVPcXpNBxFk7C/0VF3FLxA8nstoxcpjZMnB7g2o root@ubuntu-xenial (ED25519)
<14>Aug 23 15:43:12 ec2: 2048 SHA256:Q0HNyLkrUDKcEjP+442xJ+w4qcsmlhaZg3LE6nPTKio root@ubuntu-xenial (RSA)
<14>Aug 23 15:43:12 ec2: -----END SSH HOST KEY FINGERPRINTS-----
<14>Aug 23 15:43:12 ec2: #############################################################
-----BEGIN SSH HOST KEY KEYS-----
ecdsa-sha2-nistp256 AAAAE2VjZHNhLXNoYTItbmlzdHAyNTYAAAAIbmlzdHAyNTYAAABBBDFV/M3qNmqFZGB9jtTtrtxrtuMSil41PL8P9JYf3IN4fHCkQh0Q9dZFIEDg5ykp856H0Im0+h1sYcXwr4ShhrU= root@ubuntu-xenial
ssh-ed25519 AAAAC3NzaC1lZDI1NTE5AAAAIBqJoiEsJyyMvk11Rw9c0OCogZAAxyILySfVtzRNPLwa root@ubuntu-xenial
ssh-rsa AAAAB3NzaC1yc2EAAAADAQABAAABAQDidxGxMqSMZlrupmsdLi9T4Cxc3mEI3fXtccge74PV9szw1lnadxcc8O/6iKdcffqTpbxZR+2OHeMho/C/JM+9YCVC1cT5tcpnTczpv2sVVCTEOIWIKTW8AnJJJvLtmsaPv0PtFjCM6aHnR7yVcX4sH2fV8CQTo+2c0/uwLeuGnilolG80jdJyz0pYaG0zLMQpAXW+ZzHJlst/9yFR4rAXDdgne6/AikGQj9eGNl5fb732Xko2Y9hrrJyi5fSUUA8zQAbBGa5y+mdMw/gDSKmMf2w3ZlyDxgcYA1GwAF7kSWQXUWhWt5qno7CzxcCaehsXT5MyNsXfm/M3d/zCrg1n root@ubuntu-xenial
-----END SSH HOST KEY KEYS-----
[   51.258930] cloud-init[1590]: Cloud-init v. 19.1-1-gbaa47854-0ubuntu1~16.04.1 running 'modules:final' at Fri, 23 Aug 2019 15:43:12 +0000. Up 50.49 seconds.
[   51.260877] cloud-init[1590]: ci-info: no authorized ssh keys fingerprints found for user ubuntu.
[   51.261722] cloud-init[1590]: Cloud-init v. 19.1-1-gbaa47854-0ubuntu1~16.04.1 finished at Fri, 23 Aug 2019 15:43:12 +0000. Datasource DataSourceNoCloud [seed=/dev/sdb][dsmode=net].  Up 51.21 seconds
