[    0.000000] Initializing cgroup subsys cpuset
[    0.000000] Initializing cgroup subsys cpu
[    0.000000] Initializing cgroup subsys cpuacct
[    0.000000] Linux version 4.4.0-154-generic (buildd@lgw01-amd64-049) (gcc version 5.4.0 20160609 (Ubuntu 5.4.0-6ubuntu1~16.04.10) ) #181-Ubuntu SMP Tue Jun 25 05:29:03 UTC 2019 (Ubuntu 4.4.0-154.181-generic 4.4.179)
[    0.000000] Command line: BOOT_IMAGE=/boot/vmlinuz-4.4.0-154-generic root=LABEL=cloudimg-rootfs ro console=tty1 console=ttyS0
[    0.000000] KERNEL supported cpus:
[    0.000000]   Intel GenuineIntel
[    0.000000]   AMD AuthenticAMD
[    0.000000]   Centaur CentaurHauls
[    0.000000] x86/fpu: Legacy x87 FPU detected.
[    0.000000] e820: BIOS-provided physical RAM map:
[    0.000000] BIOS-e820: [mem 0x0000000000000000-0x000000000009fbff] usable
[    0.000000] BIOS-e820: [mem 0x000000000009fc00-0x000000000009ffff] reserved
[    0.000000] BIOS-e820: [mem 0x00000000000f0000-0x00000000000fffff] reserved
[    0.000000] BIOS-e820: [mem 0x0000000000100000-0x000000002cfeffff] usable
[    0.000000] BIOS-e820: [mem 0x000000002cff0000-0x000000002cffffff] ACPI data
[    0.000000] BIOS-e820: [mem 0x00000000fec00000-0x00000000fec00fff] reserved
[    0.000000] BIOS-e820: [mem 0x00000000fee00000-0x00000000fee00fff] reserved
[    0.000000] BIOS-e820: [mem 0x00000000fffc0000-0x00000000ffffffff] reserved
[    0.000000] NX (Execute Disable) protection: active
[    0.000000] SMBIOS 2.5 present.
[    0.000000] Hypervisor detected: KVM
[    0.000000] e820: last_pfn = 0x2cff0 max_arch_pfn = 0x400000000
[    0.000000] MTRR: Disabled
[    0.000000] x86/PAT: MTRRs disabled, skipping PAT initialization too.
[    0.000000] CPU MTRRs all blank - virtualized system.
[    0.000000] x86/PAT: Configuration [0-7]: WB  WT  UC- UC  WB  WT  UC- UC  
[    0.000000] found SMP MP-table at [mem 0x0009fff0-0x0009ffff] mapped at [ffff88000009fff0]
[    0.000000] Scanning 1 areas for low memory corruption
[    0.000000] RAMDISK: [mem 0x2b8be000-0x2c738fff]
[    0.000000] ACPI: Early table checksum verification disabled
[    0.000000] ACPI: RSDP 0x00000000000E0000 000024 (v02 VBOX  )
[    0.000000] ACPI: XSDT 0x000000002CFF0030 00003C (v01 VBOX   VBOXXSDT 00000001 ASL  00000061)
[    0.000000] ACPI: FACP 0x000000002CFF00F0 0000F4 (v04 VBOX   VBOXFACP 00000001 ASL  00000061)
[    0.000000] ACPI: DSDT 0x000000002CFF0470 0021FF (v02 VBOX   VBOXBIOS 00000002 INTL 20180105)
[    0.000000] ACPI: FACS 0x000000002CFF0200 000040
[    0.000000] ACPI: FACS 0x000000002CFF0200 000040
[    0.000000] ACPI: APIC 0x000000002CFF0240 000054 (v02 VBOX   VBOXAPIC 00000001 ASL  00000061)
[    0.000000] ACPI: SSDT 0x000000002CFF02A0 0001CC (v01 VBOX   VBOXCPUT 00000002 INTL 20180105)
[    0.000000] No NUMA configuration found
[    0.000000] Faking a node at [mem 000000000000000000-0x000000002cfeffff]
[    0.000000] NODE_DATA(0) allocated [mem 0x2cfeb000-0x2cfeffff]
[    0.000000] kvm-clock: Using msrs 4b564d01 and 4b564d00
[    0.000000] kvm-clock: cpu 0, msr 0:2cfe3001, primary cpu clock
[    0.000000] kvm-clock: using sched offset of 7451742790 cycles
[    0.000000] clocksource: kvm-clock: mask: 0xffffffffffffffff max_cycles: 0x1cd42e4dffb, max_idle_ns: 881590591483 ns
[    0.000000] Zone ranges:
[    0.000000]   DMA      [mem 0x0000000000001000-0x0000000000ffffff]
[    0.000000]   DMA32    [mem 0x0000000001000000-0x000000002cfeffff]
[    0.000000]   Normal   empty
[    0.000000]   Device   empty
[    0.000000] Movable zone start for each node
[    0.000000] Early memory node ranges
[    0.000000]   node   0: [mem 0x0000000000001000-0x000000000009efff]
[    0.000000]   node   0: [mem 0x0000000000100000-0x000000002cfeffff]
[    0.000000] Initmem setup node 0 [mem 0x0000000000001000-0x000000002cfeffff]
[    0.000000] ACPI: PM-Timer IO Port: 0x4008
[    0.000000] IOAPIC[0]: apic_id 1, version 32, address 0xfec00000, GSI 0-23
[    0.000000] ACPI: INT_SRC_OVR (bus 0 bus_irq 0 global_irq 2 dfl dfl)
[    0.000000] ACPI: INT_SRC_OVR (bus 0 bus_irq 9 global_irq 9 low level)
[    0.000000] Using ACPI (MADT) for SMP configuration information
[    0.000000] smpboot: Allowing 1 CPUs, 0 hotplug CPUs
[    0.000000] PM: Registered nosave memory: [mem 0x00000000-0x00000fff]
[    0.000000] PM: Registered nosave memory: [mem 0x0009f000-0x0009ffff]
[    0.000000] PM: Registered nosave memory: [mem 0x000a0000-0x000effff]
[    0.000000] PM: Registered nosave memory: [mem 0x000f0000-0x000fffff]
[    0.000000] e820: [mem 0x2d000000-0xfebfffff] available for PCI devices
[    0.000000] Booting paravirtualized kernel on KVM
[    0.000000] clocksource: refined-jiffies: mask: 0xffffffff max_cycles: 0xffffffff, max_idle_ns: 7645519600211568 ns
[    0.000000] setup_percpu: NR_CPUS:512 nr_cpumask_bits:512 nr_cpu_ids:1 nr_node_ids:1
[    0.000000] PERCPU: Embedded 34 pages/cpu @ffff88002cc00000 s99480 r8192 d31592 u2097152
[    0.000000] Built 1 zonelists in Node order, mobility grouping on.  Total pages: 181304
[    0.000000] Policy zone: DMA32
[    0.000000] Kernel command line: BOOT_IMAGE=/boot/vmlinuz-4.4.0-154-generic root=LABEL=cloudimg-rootfs ro console=tty1 console=ttyS0
[    0.000000] PID hash table entries: 4096 (order: 3, 32768 bytes)
[    0.000000] Memory: 690668K/736824K available (8613K kernel code, 1335K rwdata, 4028K rodata, 1484K init, 1284K bss, 46156K reserved, 0K cma-reserved)
[    0.000000] SLUB: HWalign=64, Order=0-3, MinObjects=0, CPUs=1, Nodes=1
[    0.000000] Kernel/User page tables isolation: enabled
[    0.000000] Hierarchical RCU implementation.
[    0.000000] 	Build-time adjustment of leaf fanout to 64.
[    0.000000] 	RCU restricting CPUs from NR_CPUS=512 to nr_cpu_ids=1.
[    0.000000] RCU: Adjusting geometry for rcu_fanout_leaf=64, nr_cpu_ids=1
[    0.000000] NR_IRQS:33024 nr_irqs:256 16
[    0.000000] Console: colour VGA+ 80x25
[    0.000000] console [tty1] enabled
[    0.000000] console [ttyS0] enabled
[    0.000000] tsc: Detected 2992.480 MHz processor
[    0.616877] Calibrating delay loop (skipped) preset value.. 5984.96 BogoMIPS (lpj=11969920)
[    0.619895] pid_max: default: 32768 minimum: 301
[    0.621459] ACPI: Core revision 20150930
[    0.624155] ACPI: 2 ACPI AML tables successfully acquired and loaded
[    0.626448] Security Framework initialized
[    0.627911] Yama: becoming mindful.
[    0.629289] AppArmor: AppArmor initialized
[    0.630900] Dentry cache hash table entries: 131072 (order: 8, 1048576 bytes)
[    0.633417] Inode-cache hash table entries: 65536 (order: 7, 524288 bytes)
[    0.635657] Mount-cache hash table entries: 2048 (order: 2, 16384 bytes)
[    0.647743] Mountpoint-cache hash table entries: 2048 (order: 2, 16384 bytes)
[    0.650292] Initializing cgroup subsys io
[    0.702529] Initializing cgroup subsys memory
[    0.704055] Initializing cgroup subsys devices
[    0.727758] Initializing cgroup subsys freezer
[    0.729303] Initializing cgroup subsys net_cls
[    0.730870] Initializing cgroup subsys perf_event
[    0.732474] Initializing cgroup subsys net_prio
[    0.734061] Initializing cgroup subsys hugetlb
[    0.735595] Initializing cgroup subsys pids
[    0.737227] mce: CPU supports 0 MCE banks
[    0.738714] process: using mwait in idle threads
[    0.740318] Last level iTLB entries: 4KB 128, 2MB 4, 4MB 4
[    0.742077] Last level dTLB entries: 4KB 256, 2MB 0, 4MB 32, 1GB 0
[    0.744032] Spectre V2 : Mitigation: Full generic retpoline
[    0.745815] Spectre V2 : Spectre v2 / SpectreRSB mitigation: Filling RSB on context switch
[    0.803995] Speculative Store Bypass: Vulnerable
[    0.806457] MDS: Vulnerable: Clear CPU buffers attempted, no microcode
[    1.445755] Freeing SMP alternatives memory: 36K
[    1.454820] ftrace: allocating 32299 entries in 127 pages
[    1.569223] smpboot: APIC(0) Converting physical 0 to logical package 0
[    1.578411] smpboot: Max logical packages: 1
[    1.580805] x2apic enabled
[    1.638283] Switched APIC routing to physical x2apic.
[    1.642293] ..TIMER: vector=0x30 apic1=0 pin1=2 apic2=-1 pin2=-1
[    1.647638] APIC calibration not consistent with PM-Timer: 196ms instead of 100ms
[    1.650286] APIC delta adjusted to PM-Timer: 6369576 (12503430)
[    1.652211] smpboot: CPU0: Intel(R) Core(TM)2 Duo CPU     E8400  @ 3.00GHz (family: 0x6, model: 0x17, stepping: 0xa)
[    1.655866] Performance Events: unsupported p6 CPU model 23 no PMU driver, software events only.
[    1.850137] KVM setup paravirtual spinlock
[    1.879225] x86: Booted up 1 node, 1 CPUs
[    1.880686] smpboot: Total of 1 processors activated (5984.96 BogoMIPS)
[    1.883204] devtmpfs: initialized
[    1.887229] evm: security.selinux
[    1.888512] evm: security.SMACK64
[    1.889798] evm: security.SMACK64EXEC
[    1.891157] evm: security.SMACK64TRANSMUTE
[    1.892633] evm: security.SMACK64MMAP
[    1.893990] evm: security.ima
[    1.895204] evm: security.capability
[    1.896713] clocksource: jiffies: mask: 0xffffffff max_cycles: 0xffffffff, max_idle_ns: 7645041785100000 ns
[    1.955691] futex hash table entries: 256 (order: 2, 16384 bytes)
[    1.957735] pinctrl core: initialized pinctrl subsystem
[    1.959633] RTC time: 16:33:07, date: 08/23/19
[    1.961449] NET: Registered protocol family 16
[    1.963249] cpuidle: using governor ladder
[    1.964707] cpuidle: using governor menu
[    1.966139] PCCT header not found.
[    1.977473] ACPI: bus type PCI registered
[    1.978897] acpiphp: ACPI Hot Plug PCI Controller Driver version: 0.5
[    1.981031] PCI: Using configuration type 1 for base access
[    1.984391] ACPI: Added _OSI(Module Device)
[    1.985881] ACPI: Added _OSI(Processor Device)
[    1.987407] ACPI: Added _OSI(3.0 _SCP Extensions)
[    1.989013] ACPI: Added _OSI(Processor Aggregator Device)
[    1.991495] ACPI: Executed 1 blocks of module-level executable AML code
[    1.996042] ACPI: Interpreter enabled
[    1.997411] ACPI: (supports S0 S5)
[    1.998727] ACPI: Using IOAPIC for interrupt routing
[    2.000572] PCI: Using host bridge windows from ACPI; if necessary, use "pci=nocrs" and report a bug
[    2.058796] ACPI: PCI Root Bridge [PCI0] (domain 0000 [bus 00-ff])
[    2.060734] acpi PNP0A03:00: _OSC: OS supports [ASPM ClockPM Segments MSI]
[    2.062820] acpi PNP0A03:00: _OSC: not requesting OS control; OS requires [ExtendedConfig ASPM ClockPM MSI]
[    2.066022] acpi PNP0A03:00: fail to add MMCONFIG information, can't access extended PCI configuration space under this bridge.
[    2.069992] PCI host bridge to bus 0000:00
[    2.071440] pci_bus 0000:00: root bus resource [io  0x0000-0x0cf7 window]
[    2.073508] pci_bus 0000:00: root bus resource [io  0x0d00-0xffff window]
[    2.075566] pci_bus 0000:00: root bus resource [mem 0x000a0000-0x000bffff window]
[    2.088247] pci_bus 0000:00: root bus resource [mem 0x2d000000-0xfdffffff window]
[    2.090917] pci_bus 0000:00: root bus resource [bus 00-ff]
[    2.095059] pci 0000:00:01.1: legacy IDE quirk: reg 0x10: [io  0x01f0-0x01f7]
[    2.097216] pci 0000:00:01.1: legacy IDE quirk: reg 0x14: [io  0x03f6]
[    2.099218] pci 0000:00:01.1: legacy IDE quirk: reg 0x18: [io  0x0170-0x0177]
[    2.101344] pci 0000:00:01.1: legacy IDE quirk: reg 0x1c: [io  0x0376]
[    2.175036] pci 0000:00:07.0: quirk: [io  0x4000-0x403f] claimed by PIIX4 ACPI
[    2.198079] pci 0000:00:07.0: quirk: [io  0x4100-0x410f] claimed by PIIX4 SMB
[    2.263007] ACPI: PCI Interrupt Link [LNKA] (IRQs 5 9 10 *11)
[    2.269089] ACPI: PCI Interrupt Link [LNKB] (IRQs 5 9 *10 11)
[    2.271599] ACPI: PCI Interrupt Link [LNKC] (IRQs 5 *9 10 11)
[    2.295702] ACPI: PCI Interrupt Link [LNKD] (IRQs 5 9 10 *11)
[    2.308306] ACPI: Enabled 2 GPEs in block 00 to 07
[    2.361502] vgaarb: setting as boot device: PCI:0000:00:02.0
[    2.363315] vgaarb: device added: PCI:0000:00:02.0,decodes=io+mem,owns=io+mem,locks=none
[    2.366147] vgaarb: loaded
[    2.367326] vgaarb: bridge control possible 0000:00:02.0
[    2.369673] SCSI subsystem initialized
[    2.371455] ACPI: bus type USB registered
[    2.372977] usbcore: registered new interface driver usbfs
[    2.374746] usbcore: registered new interface driver hub
[    2.387331] usbcore: registered new device driver usb
[    2.389312] PCI: Using ACPI for IRQ routing
[    2.391503] NetLabel: Initializing
[    2.392830] NetLabel:  domain hash size = 128
[    2.394331] NetLabel:  protocols = UNLABELED CIPSOv4
[    2.396050] NetLabel:  unlabeled traffic allowed by default
[    2.398179] amd_nb: Cannot enumerate AMD northbridges
[    2.399954] clocksource: Switched to clocksource kvm-clock
[    2.464894] AppArmor: AppArmor Filesystem Enabled
[    2.468051] pnp: PnP ACPI init
[    2.471059] pnp: PnP ACPI: found 3 devices
[    2.483730] clocksource: acpi_pm: mask: 0xffffff max_cycles: 0xffffff, max_idle_ns: 2085701024 ns
[    2.505141] NET: Registered protocol family 2
[    2.510365] TCP established hash table entries: 8192 (order: 4, 65536 bytes)
[    2.518479] TCP bind hash table entries: 8192 (order: 5, 131072 bytes)
[    2.524622] TCP: Hash tables configured (established 8192 bind 8192)
[    2.526691] UDP hash table entries: 512 (order: 2, 16384 bytes)
[    2.569241] UDP-Lite hash table entries: 512 (order: 2, 16384 bytes)
[    2.571364] NET: Registered protocol family 1
[    2.572979] pci 0000:00:00.0: Limiting direct PCI/PCI transfers
[    2.574929] pci 0000:00:01.0: Activating ISA DMA hang workarounds
[    2.587716] Unpacking initramfs...
[    3.035995] Freeing initrd memory: 14828K
[    3.108074] clocksource: tsc: mask: 0xffffffffffffffff max_cycles: 0x2b2285792ea, max_idle_ns: 440795280120 ns
[    3.111480] platform rtc_cmos: registered platform RTC device (no PNP device found)
[    3.114389] Scanning for low memory corruption every 60 seconds
[    3.116936] audit: initializing netlink subsys (disabled)
[    3.118793] audit: type=2000 audit(1566577996.165:1): initialized
[    3.121169] Initialise system trusted keyring
[    3.122913] HugeTLB registered 2 MB page size, pre-allocated 0 pages
[    3.126635] zbud: loaded
[    3.128116] VFS: Disk quotas dquot_6.6.0
[    3.129647] VFS: Dquot-cache hash table entries: 512 (order 0, 4096 bytes)
[    3.132145] squashfs: version 4.0 (2009/01/31) Phillip Lougher
[    3.135445] fuse init (API version 7.23)
[    3.187876] Key type big_key registered
[    3.189367] Allocating IMA MOK and blacklist keyrings.
[    3.191513] Key type asymmetric registered
[    3.193020] Asymmetric key parser 'x509' registered
[    3.194689] Block layer SCSI generic (bsg) driver version 0.4 loaded (major 249)
[    3.197420] io scheduler noop registered
[    3.198835] io scheduler deadline registered (default)
[    3.200570] io scheduler cfq registered
[    3.202188] pci_hotplug: PCI Hot Plug PCI Core version: 0.5
[    3.203989] pciehp: PCI Express Hot Plug Controller Driver version: 0.4
[    3.206215] ACPI: AC Adapter [AC] (on-line)
[    3.217884] input: Power Button as /devices/LNXSYSTM:00/LNXPWRBN:00/input/input0
[    3.220600] ACPI: Power Button [PWRF]
[    3.222228] input: Sleep Button as /devices/LNXSYSTM:00/LNXSLPBN:00/input/input1
[    3.224935] ACPI: Sleep Button [SLPF]
[    3.226491] GHES: HEST is not enabled!
[    3.227989] Serial: 8250/16550 driver, 32 ports, IRQ sharing enabled
[    3.298269] 00:02: ttyS0 at I/O 0x3f8 (irq = 4, base_baud = 115200) is a 16550A
[    3.302260] Linux agpgart interface v0.103
[    3.305145] loop: module loaded
[    3.307201] scsi host0: ata_piix
[    3.308568] scsi host1: ata_piix
[    3.309936] ata1: PATA max UDMA/33 cmd 0x1f0 ctl 0x3f6 bmdma 0xd000 irq 14
[    3.312029] ata2: PATA max UDMA/33 cmd 0x170 ctl 0x376 bmdma 0xd008 irq 15
[    3.314837] libphy: Fixed MDIO Bus: probed
[    3.316303] tun: Universal TUN/TAP device driver, 1.6
[    3.327998] tun: (C) 1999-2004 Max Krasnyansky <maxk@qualcomm.com>
[    3.329964] PPP generic driver version 2.4.2
[    3.331553] ehci_hcd: USB 2.0 'Enhanced' Host Controller (EHCI) Driver
[    3.333621] ehci-pci: EHCI PCI platform driver
[    3.335161] ehci-platform: EHCI generic platform driver
[    3.336909] ohci_hcd: USB 1.1 'Open' Host Controller (OHCI) Driver
[    3.393463] ohci-pci: OHCI PCI platform driver
[    3.395011] ohci-platform: OHCI generic platform driver
[    3.398058] uhci_hcd: USB Universal Host Controller Interface driver
[    3.400080] i8042: PNP: PS/2 Controller [PNP0303:PS2K,PNP0f03:PS2M] at 0x60,0x64 irq 1,12
[    3.403680] serio: i8042 KBD port at 0x60,0x64 irq 1
[    3.405366] serio: i8042 AUX port at 0x60,0x64 irq 12
[    3.407164] mousedev: PS/2 mouse device common for all mice
[    3.409398] input: AT Translated Set 2 keyboard as /devices/platform/i8042/serio0/input/input2
[    3.412688] rtc_cmos rtc_cmos: rtc core: registered rtc_cmos as rtc0
[    3.414741] rtc_cmos rtc_cmos: alarms up to one day, 114 bytes nvram
[    3.416919] i2c /dev entries driver
[    3.418288] device-mapper: uevent: version 1.0.3
[    3.419936] device-mapper: ioctl: 4.34.0-ioctl (2015-10-28) initialised: dm-devel@redhat.com
[    3.422862] ledtrig-cpu: registered to indicate activity on CPUs
[    3.425103] NET: Registered protocol family 10
[    3.427016] NET: Registered protocol family 17
[    3.428651] Key type dns_resolver registered
[    3.430413] registered taskstats version 1
[    3.431887] Loading compiled-in X.509 certificates
[    3.438972] Loaded X.509 cert 'Build time autogenerated kernel key: 65139e04a67245b562a838c28b5e7032abdd4348'
[    3.498209] zswap: loaded using pool lzo/zbud
[    3.511775] Key type trusted registered
[    3.538157] Key type encrypted registered
[    3.540228] AppArmor: AppArmor sha1 policy hashing enabled
[    3.542748] ima: No TPM chip found, activating TPM-bypass!
[    3.545472] ima: Allocated hash algorithm: sha1
[    3.547745] evm: HMAC attrs: 0x1
[    3.549933]   Magic number: 15:467:591
[    3.602775] rtc_cmos rtc_cmos: setting system clock to 2019-08-23 16:33:09 UTC (1566577989)
[    3.605878] BIOS EDD facility v0.16 2004-Jun-25, 0 devices found
[    3.607778] EDD information not available.
[    3.614290] Freeing unused kernel memory: 1484K
[    3.624071] Write protecting the kernel read-only data: 14336k
[    3.638238] Freeing unused kernel memory: 1616K
[    3.640085] Freeing unused kernel memory: 68K
Loading, please wait...
starting version 229
[    3.927200] random: udevadm: uninitialized urandom read (16 bytes read, 3 bits of entropy available)
[    3.930448] random: udevadm: uninitialized urandom read (16 bytes read, 3 bits of entropy available)
[    4.025120] random: systemd-udevd: uninitialized urandom read (16 bytes read, 3 bits of entropy available)
[    4.028944] random: systemd-udevd: uninitialized urandom read (16 bytes read, 3 bits of entropy available)
[    4.032211] random: systemd-udevd: uninitialized urandom read (16 bytes read, 3 bits of entropy available)
[    4.035426] random: systemd-udevd: uninitialized urandom read (16 bytes read, 3 bits of entropy available)
[    4.137698] random: systemd-udevd: uninitialized urandom read (16 bytes read, 3 bits of entropy available)
[    4.232244] random: systemd-udevd: uninitialized urandom read (16 bytes read, 3 bits of entropy available)
[    4.239556] random: systemd-udevd: uninitialized urandom read (16 bytes read, 3 bits of entropy available)
[    4.244658] random: systemd-udevd: uninitialized urandom read (16 bytes read, 3 bits of entropy available)
[    5.012793] Fusion MPT base driver 3.04.20
[    5.067860] Copyright (c) 1999-2008 LSI Corporation
[    5.072880] e1000: Intel(R) PRO/1000 Network Driver - version 7.3.21-k8-NAPI
[    5.075043] e1000: Copyright (c) 1999-2006 Intel Corporation.
[    5.478274] input: ImExPS/2 Generic Explorer Mouse as /devices/platform/i8042/serio1/input/input4
[    5.785689] Fusion MPT SPI Host driver 3.04.20
[    6.364388] e1000 0000:00:03.0 eth0: (PCI:33MHz:32-bit) 02:1e:e5:6d:71:21
[    6.368420] e1000 0000:00:03.0 eth0: Intel(R) PRO/1000 Network Connection
[    6.404540] e1000 0000:00:03.0 enp0s3: renamed from eth0
[    6.408156] mptbase: ioc0: Initiating bringup
[    6.472597] ioc0: LSI53C1030 A0: Capabilities={Initiator}
[    6.634038] scsi host2: ioc0: LSI53C1030 A0, FwRev=00000000h, Ports=1, MaxQ=256, IRQ=20
[    6.749502] scsi 2:0:0:0: Direct-Access     VBOX     HARDDISK         1.0  PQ: 0 ANSI: 5
[    6.768884] scsi target2:0:0: Beginning Domain Validation
[    6.771830] scsi target2:0:0: Domain Validation skipping write tests
[    6.773827] scsi target2:0:0: Ending Domain Validation
[    6.775578] scsi target2:0:0: asynchronous
[    6.777545] scsi 2:0:1:0: Direct-Access     VBOX     HARDDISK         1.0  PQ: 0 ANSI: 5
[    6.780343] scsi target2:0:1: Beginning Domain Validation
[    6.783421] scsi target2:0:1: Domain Validation skipping write tests
[    6.785402] scsi target2:0:1: Ending Domain Validation
[    6.787188] scsi target2:0:1: asynchronous
[    6.794270] sd 2:0:0:0: Attached scsi generic sg0 type 0
[    6.796116] sd 2:0:0:0: [sda] 20971520 512-byte logical blocks: (10.7 GB/10.0 GiB)
[    6.833379] sd 2:0:1:0: [sdb] 20480 512-byte logical blocks: (10.5 MB/10.0 MiB)
[    6.841555] sd 2:0:1:0: Attached scsi generic sg1 type 0
[    6.845052] sd 2:0:1:0: [sdb] Write Protect is off
[    6.847480] sd 2:0:1:0: [sdb] Incomplete mode parameter data
[    6.850241] sd 2:0:1:0: [sdb] Assuming drive cache: write through
[    6.877568] sd 2:0:0:0: [sda] Write Protect is off
[    6.926853] sd 2:0:0:0: [sda] Incomplete mode parameter data
[    6.928691] sd 2:0:0:0: [sda] Assuming drive cache: write through
[    6.955594]  sda: sda1
[    6.969439] sd 2:0:1:0: [sdb] Attached SCSI disk
[    6.971579] sd 2:0:0:0: [sda] Attached SCSI disk
Begin: Loading essential drivers ... [   10.346059] md: linear personality registered for level -1
[   10.432045] md: multipath personality registered for level -4
[   10.539095] md: raid0 personality registered for level 0
[   10.680062] md: raid1 personality registered for level 1
[   10.808972] raid6: sse2x1   gen()  2100 MB/s
[   11.016035] raid6: sse2x1   xor()  2638 MB/s
[   11.117595] raid6: sse2x2   gen()  4208 MB/s
[   11.222453] raid6: sse2x2   xor()  3989 MB/s
[   11.324191] raid6: sse2x4   gen()  6435 MB/s
[   11.427067] raid6: sse2x4   xor()  4231 MB/s
[   11.467823] raid6: using algorithm sse2x4 gen() 6435 MB/s
[   11.537994] raid6: .... xor() 4231 MB/s, rmw enabled
[   11.539673] raid6: using ssse3x2 recovery algorithm
[   11.560828] xor: measuring software checksum speed
[   11.736893]    prefetch64-sse: 32654.000 MB/sec
[   11.863996]    generic_sse: 26659.000 MB/sec
[   11.865921] xor: using function: prefetch64-sse (32654.000 MB/sec)
[   11.876683] async_tx: api initialized (async)
[   12.050532] md: raid6 personality registered for level 6
[   12.058104] md: raid5 personality registered for level 5
[   12.059888] md: raid4 personality registered for level 4
[   12.176509] md: raid10 personality registered for level 10
done.
Begin: Running /scripts/init-premount ... done.
Begin: Mounting root file system ... Begin: Running /scripts/local-top ... done.
Begin: Running /scripts/local-premount ... [   12.595510] Btrfs loaded
Scanning for Btrfs filesystems
done.
Warning: fsck not present, so skipping root file system
[   13.033774] EXT4-fs (sda1): mounted filesystem with ordered data mode. Opts: (null)
done.
Begin: Running /scripts/local-bottom ... done.
Begin: Running /scripts/init-bottom ... done.
[   14.043173] random: nonblocking pool is initialized
[   14.186522] systemd[1]: systemd 229 running in system mode. (+PAM +AUDIT +SELINUX +IMA +APPARMOR +SMACK +SYSVINIT +UTMP +LIBCRYPTSETUP +GCRYPT +GNUTLS +ACL +XZ -LZ4 +SECCOMP +BLKID +ELFUTILS +KMOD -IDN)
[   14.434327] systemd[1]: Detected virtualization oracle.
[   14.436070] systemd[1]: Detected architecture x86-64.

Welcome to [1mUbuntu 16.04.6 LTS[0m!

[   14.464278] systemd[1]: Set hostname to <ubuntu>.
[   14.489799] systemd[1]: Initializing machine ID from random generator.
[   14.535690] systemd[1]: Installed transient /etc/machine-id file.
[   15.840490] systemd[1]: Listening on Journal Audit Socket.
[[0;32m  OK  [0m] Listening on Journal Audit Socket.
[   15.886312] systemd[1]: Listening on Journal Socket.
[[0;32m  OK  [0m] Listening on Journal Socket.
[   15.892443] systemd[1]: Listening on Syslog Socket.
[[0;32m  OK  [0m] Listening on Syslog Socket.
[   15.906704] systemd[1]: Reached target System Time Synchronized.
[[0;32m  OK  [0m] Reached target System Time Synchronized.
[   15.936727] systemd[1]: Listening on Device-mapper event daemon FIFOs.
[[0;32m  OK  [0m] Listening on Device-mapper event daemon FIFOs.
[   15.985840] systemd[1]: Listening on udev Control Socket.
[[0;32m  OK  [0m] Listening on udev Control Socket.
[   15.993635] systemd[1]: Listening on LVM2 metadata daemon socket.
[[0;32m  OK  [0m] Listening on LVM2 metadata daemon socket.
[   16.009936] systemd[1]: Reached target Encrypted Volumes.
[[0;32m  OK  [0m] Reached target Encrypted Volumes.
[   16.034061] systemd[1]: Started Trigger resolvconf update for networkd DNS.
[[0;32m  OK  [0m] Started Trigger resolvconf update for networkd DNS.
[   16.038405] systemd[1]: Reached target Swap.
[[0;32m  OK  [0m] Reached target Swap.
[   16.042370] systemd[1]: Set up automount Arbitrary Executable File Formats File System Automount Point.
[[0;32m  OK  [0m] Set up automount Arbitrary Executab...ats File System Automount Point.
[   16.092136] systemd[1]: Listening on Journal Socket (/dev/log).
[[0;32m  OK  [0m] Listening on Journal Socket (/dev/log).
[   16.117416] systemd[1]: Listening on /dev/initctl Compatibility Named Pipe.
[[0;32m  OK  [0m] Listening on /dev/initctl Compatibility Named Pipe.
[   16.121908] systemd[1]: Listening on LVM2 poll daemon socket.
[[0;32m  OK  [0m] Listening on LVM2 poll daemon socket.
[   16.197699] systemd[1]: Started Forward Password Requests to Wall Directory Watch.
[[0;32m  OK  [0m] Started Forward Password Requests to Wall Directory Watch.
[   16.206402] systemd[1]: Created slice User and Session Slice.
[[0;32m  OK  [0m] Created slice User and Session Slice.
[   16.215102] systemd[1]: Listening on udev Kernel Socket.
[[0;32m  OK  [0m] Listening on udev Kernel Socket.
[   16.219889] systemd[1]: Created slice System Slice.
[[0;32m  OK  [0m] Created slice System Slice.
[   16.227301] systemd[1]: Mounting POSIX Message Queue File System...
         Mounting POSIX Message Queue File System...
[   16.249593] systemd[1]: Reached target Slices.
[[0;32m  OK  [0m] Reached target Slices.
[   16.298601] systemd[1]: Created slice system-serial\x2dgetty.slice.
[[0;32m  OK  [0m] Created slice system-serial\x2dgetty.slice.
[   16.368616] systemd[1]: Starting Uncomplicated firewall...
         Starting Uncomplicated firewall...
[   16.513020] systemd[1]: Starting Journal Service...
         Starting Journal Service...
[   16.603585] systemd[1]: Starting Set console keymap...
         Starting Set console keymap...
[   16.643805] systemd[1]: Mounting Debug File System...
         Mounting Debug File System...
[   16.850657] systemd[1]: Starting Load Kernel Modules...
         Starting Load Kernel Modules...
[   17.032463] systemd[1]: Starting Nameserver information manager...
         Starting Nameserver information manager...
[   17.243875] systemd[1]: Starting Remount Root and Kernel File Systems...
         Starting Remount Root and Kernel File Systems...
[   17.370091] systemd[1]: Mounting Huge Pages File System...
[   17.429005] Loading iSCSI transport class v2.0-870.
[   17.459017] EXT4-fs (sda1): re-mounted. Opts: (null)
         Mounting Huge Pages File System...
[   17.547829] systemd[1]: Starting Monitoring of LVM2 mirrors, snapshots etc. using dmeventd or progress polling...
[   17.734055] iscsi: registered transport (tcp)
         Starting Monitoring of LVM2 mirrors... dmeventd or progress polling...
[   17.758089] systemd[1]: Reached target User and Group Name Lookups.
[[0;32m  OK  [0m] Reached target User and Group Name Lookups.
[   17.865506] systemd[1]: Starting Create list of required static device nodes for the current kernel...
         Starting Create list of required st... nodes for the current kernel...
[   18.186285] systemd[1]: Mounted POSIX Message Queue File System.
[[0;32m  OK  [0m] Mounted POSIX Message Queue File System.
[   18.357205] systemd[1]: Mounted Huge Pages File System.
[[0;32m  OK  [0m] Mounted Huge Pages File System.
[   18.368655] systemd[1]: Mounted Debug File System.
[[0;32m  OK  [0m] Mounted Debug File System.
[   18.461440] systemd[1]: Started Journal Service.
[[0;32m  OK  [0m] Started Journal Service.
[[0;32m  OK  [0m] Started Uncomplicated firewall.
[[0;32m  OK  [0[   18.584652] iscsi: registered transport (iser)
m] Started Remount Root and Kernel File Systems.
[[0;32m  OK  [0m] Started Create list of required sta...ce nodes for the current kernel.
[[0;32m  OK  [0m] Started Nameserver information manager.
[[0;32m  OK  [0m] Started Set console keymap.
[[0;32m  OK  [0m] Started Load Kernel Modules.
         Mounting FUSE Control File System...
         Starting Apply Kernel Variables...
[[0;32m  OK  [0m] Started LVM2 metadata daemon.
         Starting Create Static Device Nodes in /dev...
         Starting udev Coldplug all Devices...
         Starting Load/Save Random Seed...
         Starting Flush Journal to Persistent Storage...
[[0;32m  OK  [0m] Mounted FUSE Control File System.
[[0;32m  OK  [0m] Started Apply Kernel Variables.
[[0;32m  OK  [0m] Started Create Static Device Nodes in /dev.
[[0;32m  OK  [0m] Started Load/Save Random Seed.
[[0;32m  OK  [0m] Started Monitoring of LVM2 mirrors,...ng dmeventd or progress polling.
         Starting udev Kernel Device Manager...
[[0;32m  OK  [0m] Reached target Local File Systems (Pre).
[[0;32m  OK  [0m] Reached target Local File Systems.
         Starting Commit a transient machine-id on disk...
         Starting Initial cloud-init job (pre-networking)...
         Starting LSB: AppArmor initialization...
         Starting Tell Plymouth To Write Out Runtime Data...
         Starting Set console font and keymap...
[[0;32m  OK  [0m] Started Tell Plymouth To Write Out Runtime Data.
[[0;32m  OK  [0m] Started udev Coldplug all Devices.
[[0;32m  OK  [0m] Started Commit a transient machine-id on disk.
[[0;32m  OK  [0m] Started Flush Journal to Persistent Storage.
         Starting Create Volatile Files and Directories...
[[0;32m  OK  [0m] Started udev Kernel Device Manager.
[[0;32m  OK  [0m] Started Dispatch Password Requests to Console Directory Watch.
[[0;32m  OK  [0m] Started Create Volatile Files and Directories.
         Starting Update UTMP about System Boot/Shutdown...
[[0;32m  OK  [0m] Started Update UTMP about System Boot/Shutdown.
[[0;32m  OK  [0m] Found device /dev/ttyS0.
[[0;32m  OK  [0m] Listening on Load/Save RF Kill Switch Status /dev/rfkill Watch.
[[0;32m  OK  [0m] Started LSB: AppArmor initialization.
[   35.669836] cloud-init[464]: Cloud-init v. 19.1-1-gbaa47854-0ubuntu1~16.04.1 running 'init-local' at Fri, 23 Aug 2019 16:33:37 +0000. Up 29.59 seconds.
[[0;32m  OK  [0m] Started Initial cloud-init job (pre-networking).
[[0;32m  OK  [0m] Reached target Network (Pre).
         Starting Raise network interfaces...
[[0;32m  OK  [0m] Started Set console font and keymap.
[[0;32m  OK  [0m] Created slice system-getty.slice.
[[0;32m  OK  [0m] Started Raise network interfaces.
         Starting Initial cloud-init job (metadata service crawler)...
[[0;32m  OK  [0m] Reached target Network.
[   49.523593] cloud-init[956]: Cloud-init v. 19.1-1-gbaa47854-0ubuntu1~16.04.1 running 'init' at Fri, 23 Aug 2019 16:33:52 +0000. Up 44.38 seconds.
[   49.541483] cloud-init[956]: ci-info: ++++++++++++++++++++++++++++++++++++++Net device info++++++++++++++++++++++++++++++++++++++
[   49.557790] cloud-init[956]: ci-info: +--------+------+----------------------------+---------------+--------+-------------------+
[   49.597768] cloud-init[956]: ci-info: | Device |  Up  |          Address           |      Mask     | Scope  |     Hw-Address    |
[   49.625804] cloud-init[956]: ci-info: +--------+------+----------------------------+---------------+--------+-------------------+
[   49.740160] cloud-init[956]: ci-info: | enp0s3 | True |         10.0.2.15          | 255.255.255.0 | global | 02:1e:e5:6d:71:21 |
[   49.762346] cloud-init[956]: ci-info: | enp0s3 | True | fe80::1e:e5ff:fe6d:7121/64 |       .       |  link  | 02:1e:e5:6d:71:21 |
[   49.795034] cloud-init[956]: ci-info: |   lo   | True |         127.0.0.1          |   255.0.0.0   |  host  |         .         |
[   49.816881] cloud-init[956]: ci-info: |   lo   | True |          ::1/128           |       .       |  host  |         .         |
[   49.825819] cloud-init[956]: ci-info: +--------+------+----------------------------+---------------+--------+-------------------+
[   49.838792] cloud-init[956]: ci-info: +++++++++++++++++++++++++++Route IPv4 info++++++++++++++++++++++++++++
[   49.850423] cloud-init[956]: ci-info: +-------+-------------+----------+---------------+-----------+-------+
[   49.906591] cloud-init[956]: ci-info: | Route | Destination | Gateway  |    Genmask    | Interface | Flags |
[   50.008143] cloud-init[956]: ci-info: +-------+-------------+----------+---------------+-----------+-------+
[   50.089660] cloud-init[956]: ci-info: |   0   |   0.0.0.0   | 10.0.2.2 |    0.0.0.0    |   enp0s3  |   UG  |
[[0;32m  OK  [0m] Started Initial cloud-init job (metadata service crawler).
[   50.113116] cloud-init[956]: ci-info: |   1   |   10.0.2.0  | 0.0.0.0  | 255.255.255.0 |   enp0s3  |   U   |
[   50.120776] cloud-init[956]: ci-info: +-------+-------------+----------+---------------+-----------+-------+[[0;32m  OK  [0m] Reached target System Initialization.
[[0;32m  OK  [0m
[   50.137530] cloud-init[956]: ci-info: +++++++++++++++++++Route IPv6 info+++++++++++++++++++] Started Daily apt download activities.

[   50.145385] cloud-init[956]: ci-info: +-------+-------------+---------+-----------+-------+
[   50.152231] cloud-init[956]: ci-info: | Route | Destination | Gateway | Interface | Flags |
         Starting Socket activation for snappy daemon.
[   50.157737] cloud-init[956]: ci-info: +-------+-------------+---------+-----------+-------+
[   50.168586] cloud-init[956]: ci-info: |   0   |  fe80::/64  |    ::   |   enp0s3  |   U   |
[[0;32m  OK  [0m] Started Daily apt upgrade and clean activities.
[   50.173403] cloud-init[956]: ci-info: |   4   |   ff00::/8  |    ::   |   enp0s3  |   U   |
[   50.222010] cloud-init[956]: ci-info: +-------+-------------+---------+-----------+-------+
[   50.238019]          Starting LXD - unix socket.
[cloud-init[956]: Generating public/private rsa key pair.
[   50.248426] cloud-init[956]: Your identification has been saved in /etc/ssh/ssh_host_rsa_key.
[0;32m  OK  [0m] Listening on ACPID Listen Socket.
[   50.261359] cloud-init[956]: Your public key has been saved in /etc/ssh/ssh_host_rsa_key.pub.[[0;32m  OK  [0m] Listening on D-Bus System Message Bus Socket.
[   50.278634] cloud-init[956]: The key fingerprint is:
[   50.283574] cloud-init[956]: SHA256:0nag5TSg/k4JNDfV1EmnLZlj0ChpA5cPqh9bleau25o root@ubuntu-xenial
[   50.287623] 
[[0;32m  OK  [0m] Listening on UUID daemon activation socket.cloud-init[956]: The key's randomart image is:
[   50.296925] cloud-init[956]: +---[RSA 2048]----+
[   50.297255] cloud-init[956]: |      o.o=o=...  |
[   50.297485] cloud-init[956]: |     . +B o.+*   |
[   50.297714] cloud-init[956]: |    + oo== .B .  |
[   50.297938] cloud-init[956]: |   o o.B o=. o   |
[   50.298306] cloud-init[956]: |    o.o S+.      |
[   50.298535] cloud-init[956]: |    .o.+...      |
[   50.298761] cloud-init[956]: |     .++ .       |
[   50.298991] cloud-init[956]: |     oo  o.      |
[   50.299215] cloud-init[956]: |      . E+.      |
[   50.299505] cloud-init[956]: +----[SHA256]-----+
[   50.299733] cloud-init[956]: Generating public/private dsa key pair.
[   50.300030] cloud-init[956]: Your identification has been saved in /etc/ssh/ssh_host_dsa_key.
[   50.300255] cloud-init[956]: Your public key has been saved in /etc/ssh/ssh_host_dsa_key.pub.
[   50.300482] cloud-init[956]: The key fingerprint is:
[   50.300707] cloud-init[956]: SHA256:vyZXFOFcUp/2n91RS5vIoeyN+8pgQDAGNfUaAg7rffw root@ubuntu-xenial
[   50.300928] cloud-init[956]: The key's randomart image is:
[   50.301154] cloud-init[956]: +---[DSA 1024]----+
[   50.301412] cloud-init[956]: | . oo*..    ooo  |
[   50.301640] cloud-init[956]: |  + o + .  o.o ..|
[   50.301867] cloud-init[956]: | . . . o .  oo +o|
[   50.302089] cloud-init[956]: |. . . o o . + = *|
[   50.302316] cloud-init[956]: | . . o oS  + o =.|
[   50.302540] cloud-init[956]: |    . . ... +   *|
[   50.302761] cloud-init[956]: |       E o.+ . .+|
[   50.303027] cloud-init[956]: |        o =..    |
[   50.303249] cloud-init[956]: |         +.+o.   |
[   50.303472] cloud-init[956]: +----[SHA256]-----+
[   50.303698] cloud-init[956]: Generating public/private ecdsa key pair.
[   50.303942] cloud-init[956]: Your identification has been saved in /etc/ssh/ssh_host_ecdsa_key.
[   50.304168] cloud-init[956]: Your public key has been saved in /etc/ssh/ssh_host_ecdsa_key.pub.
[   50.304394] cloud-init[956]: The key fingerprint is:

[[0;32m  OK  [0m] Started Daily Cleanup of Temporary Directories.
[[0;32m  OK  [0m] Started ACPI Events Check.
[   50.704320] cloud-init[956]: SHA256:g+FCyFJWRvz0Gwwqx0h2UpaKG6j6MXz1yMarx/aiU+U root@ubuntu-xenial
[[0;32m  OK  [0m] Reached target Paths.
[[0;32m  OK  [0m] Reached target Timers.
[   50.733856] cloud-init[956]: The key's randomart image is:
[   50.755389] cloud-init[956]: +---[ECDSA 256]---+
[   50.755619] cloud-init[956]: |  o=*.           |
[   50.755908] cloud-init[956]: | ++++ o          |
[   50.756309] cloud-init[956]: |o+o*.+.+         |
[   50.756576] cloud-init[956]: |+.+.+..o=        |
[   50.756796] cloud-init[956]: |.o o. +oSo       |
[   50.757013] cloud-init[956]: |o.   =.oE.       |
[   50.757234] cloud-init[956]: |. + .o= .        |
[   50.759749] cloud-init[956]: |.  +..=.         |
[   50.760024] cloud-init[956]: | .. o*.o.        |
[   50.760246] cloud-init[956]: +----[SHA256]-----+
[   50.760463] cloud-init[956]: Generating public/private ed25519 key pair.
[   50.760679] cloud-init[956]: Your identification has been saved in /etc/ssh/ssh_host_ed25519_key.
[   50.760898] cloud-init[956]: Your public key has been saved in /etc/ssh/ssh_host_ed25519_key.pub.
[   50.761176] cloud-init[956]: The key fingerprint is:
[   50.761398] cloud-init[956]: SHA256:kp64kMp0SEkK4P/q0fW58UjJMJXB+XGwzcXfCByc5gQ root@ubuntu-xenial
[   50.761617] cloud-init[956]: The key's randomart image is:
[   50.761834] cloud-init[956]: +--[ED25519 256]--+
[[0;32m  OK  [0m] Reached target Network is Online.
[   50.789081] cloud-init[956]: |.       ..E=oo.. |
[   51.326336] cloud-init[956]: |o        oo.@... |
[   51.341910] cloud-init         Starting iSCSI initiator daemon (iscsid)...[956]: |.o       o.=o+ .o|
[   51.350518] cloud-init[956]: |+ o    ..  .. . o|

[[0;32m  OK  [0m] Reached target Cloud-config availability.
[[0;32m  OK  [0m] Listening on Socket activation for snappy daemon.
[[0;32m  OK  [0m] Listening on LXD - unix socket.
[[0;32m  OK  [0m] Reached target Sockets.
[[0;32m  OK  [0m] Reached target Basic System.
         Starting LXD - container startup/shutdown...
[   51.464731] cloud-init[956]: |.o .  o+S        |
[   51.522564] cloud-init[956]: |. ..oo.o= o      |
[   51.527128] cloud-init[956]: | ooo.oo  B       |
[   51.530096] cloud-init[956]: |o...o.  . =      |
[   51.539356] cloud-init[956]: |...o.    o .     |
[   51.542423] cloud-init[956]: +----[SHA256]-----+
[[0;32m  OK  [0m] Started Regular background program processing daemon.
         Starting LSB: MD monitoring daemon...
[[0;32m  OK  [0m] Started D-Bus System Message Bus.
         Starting Login Service...
         Starting System Logging Service...
[[0;32m  OK  [0m] Started ACPI event daemon.
         Starting LSB: Record successful boot for GRUB...
[[0;32m  OK  [0m] Started Deferred execution scheduler.
         Starting /etc/rc.local Compatibility...
[[0;32m  OK  [0m] Started FUSE filesystem for LXC.
         Starting Pollinate to seed the pseudo random number generator...
         Starting Accounts Service...
         Starting Virtualbox guest utils...
         Starting Snappy daemon...
[[0;32m  OK  [0m] Started System Logging Service.
[[0;32m  OK  [0m] Started /etc/rc.local Compatibility.
[[0;32m  OK  [0m] Started iSCSI initiator daemon (iscsid).
[[0;32m  OK  [0m] Started LXD - container startup/shutdown.
         Starting Login to default iSCSI targets...
[[0;32m  OK  [0m] Started Login Service.
[[0;32m  OK  [0m] Started Unattended Upgrades Shutdown.
         Starting Authenticate and Authorize Users to Run Privileged Tasks...
[[0;32m  OK  [0m] Started LSB: Record successful boot for GRUB.
[[0;32m  OK  [0m] Started Login to default iSCSI targets.
[[0;32m  OK  [0m] Reached target Remote File Systems (Pre).
[[0;32m  OK  [0m] Reached target Remote File Systems.
         Starting LSB: daemon to balance interrupts for SMP systems...
         Starting Permit User Sessions...
         Starting LSB: Set the CPU Frequency Scaling governor to "ondemand"...
         Starting LSB: automatic crash report generation...
[[0;32m  OK  [0m] Started LSB: MD monitoring daemon.
[[0;32m  OK  [0m] Started Permit User Sessions.
         Starting Terminate Plymouth Boot Screen...
         Starting Hold until boot process finishes up...
[[0;32m  OK  [0m] Started Hold until boot process finishes up.
[[0;32m  OK  [0m] Started Terminate Plymouth Boot Screen.
[[0;32m  OK  [0m] Started Getty on tty1.
[[0;32m  OK  [0m] Started Serial Getty on ttyS0.
[[0;32m  OK  [0m] Reached target Login Prompts.
         Starting Set console scheme...
[[0;32m  OK  [0m] Started Set console scheme.
[[0;32m  OK  [0m] Started Authenticate and Authorize Users to Run Privileged Tasks.
[[0;32m  OK  [0m] Started Accounts Service.
[[0;32m  OK  [0m] Started LSB: Set the CPU Frequency Scaling governor to "ondemand".
[[0;32m  OK  [0m] Started LSB: automatic crash report generation.
[[0;32m  OK  [0m] Started LSB: daemon to balance interrupts for SMP systems.
[[0;32m  OK  [0m] Started Virtualbox guest utils.
[[0;32m  OK  [0m] Started Snappy daemon.
         Starting Wait until snapd is fully seeded...
[[0;32m  OK  [0m] Started Pollinate to seed the pseudo random number generator.
         Starting OpenBSD Secure Shell server...

Ubuntu 16.04.6 LTS ubuntu-xenial ttyS0

ubuntu-xenial login: [   69.032574] cloud-init[1391]: Generating locales (this might take a while)...
[   76.681191] cloud-init[1391]:   en_US.UTF-8... done
[   76.703594] cloud-init[1391]: Generation complete.
[   80.722109] cloud-init[1391]: Cloud-init v. 19.1-1-gbaa47854-0ubuntu1~16.04.1 running 'modules:config' at Fri, 23 Aug 2019 16:34:15 +0000. Up 67.52 seconds.
ci-info: no authorized ssh keys fingerprints found for user ubuntu.
<14>Aug 23 16:34:31 ec2: 
<14>Aug 23 16:34:31 ec2: #############################################################
<14>Aug 23 16:34:31 ec2: -----BEGIN SSH HOST KEY FINGERPRINTS-----
<14>Aug 23 16:34:31 ec2: 1024 SHA256:vyZXFOFcUp/2n91RS5vIoeyN+8pgQDAGNfUaAg7rffw root@ubuntu-xenial (DSA)
<14>Aug 23 16:34:31 ec2: 256 SHA256:g+FCyFJWRvz0Gwwqx0h2UpaKG6j6MXz1yMarx/aiU+U root@ubuntu-xenial (ECDSA)
<14>Aug 23 16:34:31 ec2: 256 SHA256:kp64kMp0SEkK4P/q0fW58UjJMJXB+XGwzcXfCByc5gQ root@ubuntu-xenial (ED25519)
<14>Aug 23 16:34:31 ec2: 2048 SHA256:0nag5TSg/k4JNDfV1EmnLZlj0ChpA5cPqh9bleau25o root@ubuntu-xenial (RSA)
<14>Aug 23 16:34:31 ec2: -----END SSH HOST KEY FINGERPRINTS-----
<14>Aug 23 16:34:31 ec2: #############################################################
-----BEGIN SSH HOST KEY KEYS-----
ecdsa-sha2-nistp256 AAAAE2VjZHNhLXNoYTItbmlzdHAyNTYAAAAIbmlzdHAyNTYAAABBBPO8uT/+ilKlfwUhYuEmtU1JJ/MPEeq5KmapCFwzDO/DEe1RrsbwjRXSSUNSe4KmitlYTUuAuJ5mpFPBYFRT5L4= root@ubuntu-xenial
ssh-ed25519 AAAAC3NzaC1lZDI1NTE5AAAAIK2YMPsdtVhM+L12KGv/ScRGQy09wcbMX/5Guc+wjYX9 root@ubuntu-xenial
ssh-rsa AAAAB3NzaC1yc2EAAAADAQABAAABAQCx0dNKlZqTJOYq58tyjMiCRpgQAuU7kLClZtTscpeWIcTSG3p9yT7doGyNh3bGM6pEopUij0M8lMcGtsai8OESHv72bQPYyEVaqO4x0vks+46KENyzzToVqMBoDSUvYU9Y3ua3TXrgQRnR8Z7WWsLBe/pXPuAKcMBVAwgbpAAmGUKs0YrKE80J66mb1lghg99Ymy2wc4OVaF8deUuf1NIX41Lj87cggg/UmFMNXNko2rJS7je9y2HR7EpgjNH/baQyS0XK8TpiXbtZctxg+mFEflxXlhIYEuoy9Su3047KtB59TTTr/XzK9IAZfhuduIGK8EyWOJAffT+amicBvJEx root@ubuntu-xenial
-----END SSH HOST KEY KEYS-----
[   84.704490] cloud-init[1572]: Cloud-init v. 19.1-1-gbaa47854-0ubuntu1~16.04.1 running 'modules:final' at Fri, 23 Aug 2019 16:34:31 +0000. Up 83.56 seconds.
[   84.868179] cloud-init[1572]: ci-info: no authorized ssh keys fingerprints found for user ubuntu.
[   84.868893] cloud-init[1572]: Cloud-init v. 19.1-1-gbaa47854-0ubuntu1~16.04.1 finished at Fri, 23 Aug 2019 16:34:32 +0000. Datasource DataSourceNoCloud [seed=/dev/sdb][dsmode=net].  Up 84.55 seconds
