[    0.000000] Initializing cgroup subsys cpuset
[    0.000000] Initializing cgroup subsys cpu
[    0.000000] Initializing cgroup subsys cpuacct
[    0.000000] Linux version 4.4.0-154-generic (buildd@lgw01-amd64-049) (gcc version 5.4.0 20160609 (Ubuntu 5.4.0-6ubuntu1~16.04.10) ) #181-Ubuntu SMP Tue Jun 25 05:29:03 UTC 2019 (Ubuntu 4.4.0-154.181-generic 4.4.179)
[    0.000000] Command line: BOOT_IMAGE=/boot/vmlinuz-4.4.0-154-generic root=LABEL=cloudimg-rootfs ro console=tty1 console=ttyS0
[    0.000000] KERNEL supported cpus:
[    0.000000]   Intel GenuineIntel
[    0.000000]   AMD AuthenticAMD
[    0.000000]   Centaur CnturHauls
[    0.000000] x86/fpu: Legacy x87 FPU detected.
[    0.000000] e820: BIOS-provided physical RAM map:
[    0.000000] BIOS-e820: [mem 0x0000000000000000-0x000000000009fbff] usable
[    0.000000] BIOS-e820: [mem 0x000000000009fc00-0x000000000009ffff] reserved
[    0.000000] BIOS-e820: [mem 0x00000000000f0000-0x00000000000fffff] reserved
[    0.000000] BIOS-e820: [mem 0x0000000000100000-0x000000003ffeffff] usable
[    0.000000] BIOS-e820: [mem 0x000000003fff0000-0x000000003fffffff] ACPI data
[    0.000000] BIOS-e820: [mem 0x00000000fec00000-000000000fec00fff] reserved
[    0.000000] BIOS-e820: [mem 000000000fee00000-0x00000000fee00fff] reserved
[    0.000000] BOS-e820: [mem 0x00000000fffc0000-0x0000000ffffffff] reserved
[    0.000000] NX (Execute Disable) protection: active
[    0.000000] SMBIOS 2.5 present.
[    0.000000] yperisor detected: KVM
[    0.000000] e820: last_pfn = 0x3fff0 max_arch_pfn = 0x400000000
[    0.000000] MTRR: Disabled
[    0.000000] x86/PAT: MTRRs disabled, skipping PAT initialization too.
[    0.000000] CPU MTRRs all blank - virtualized system.
[    0.000000] x86/PAT: Configuration [0-7]: WB  WT  UC- UC  WB  WT  UC UC  
[    0.000000] found SMP MP-table at [mem 0x0009fff0-0x0009ffff] mapped at [ffff88000009fff0]
[    0.000000] Scanning 1 areas for low memory corruption
[    0.000000] RAMDISK: [mem 0x362fa000-0x37174fff]
[    0.000000] ACPI: Early table checksum verification disabled
[    0.000000] ACPI: RSDP 0x00000000000E0000 000024 (v02 VBOX  )
[    0.000000] ACPI: XSDT 0x000000003FFF0030 00003C (v01 VBOX   VBOXXSDT 00000001 ASL  00000061)
[    0.000000] ACPI: FACP 0x000000003FFF00F0 0000F4 (v04 VBOX   VBOXFACP 00000001 ASL  00000061)
[    0.000000] ACPI: DSDT 0x000000003FFF0470 0021FF (v02 VBOX   VBOXBIOS 00000002 INTL 20180105)
[    0.000000] ACPI: FACS 0x000000003FFF0200 000040
[    0.000000] ACPI: FACS 0x000000003FFF0200 000040
[    0.000000] ACPI: APIC 0x000000003FFF0240 00005C (v02 VBOX   VBOXAPIC 00000001 ASL  00000061)
[    0.000000] ACPI: SSDT 0x000000003FFF02A0 0001CC (v01 VBOX   VBOXCPUT 00000002 INTL 20180105)
[    0.000000] No NUMA configuration found
[    0.000000] Faking a node at [mem 0x0000000000000000-0x000000003ffeffff]
[    0.000000] NODE_DATA(0) allocated [mem 0x3ffeb000-0x3ffeffff]
[    0.000000] kvm-clock: Using msrs 4b564d01 and 4b564d00
[    0.000000] kvm-clock: cpu 0, msr 0:3ffe3001, primary cpu clock
[    0.000000] kvm-clock: using sched offset of 5052025270 cycles
[    0.000000] clocksource: kvm-clock: mask: 0xffffffffffffffff max_cycles: 0x1cd42e4dffb, max_idle_ns: 881590591483 ns
[    0.000000] Zone ranges:
[    0.000000]   DMA      [mem 0x0000000000001000-0x0000000000ffffff]
[    0.000000]   DMA32    [mem 0x0000000001000000-0x000000003ffeffff]
[    0.000000]   Normal   empty
[    0.000000]   Device   empty
[    0.000000] Movable zone start for each node
[    0.000000] Early memory node ranges
[    0.000000]   node   0: [mem 0x0000000000001000-0x000000000009efff]
[    0.000000]   node   0: [mem 0x0000000000100000-0x000000003ffeffff]
[    0.000000] Initmem setup node 0 [mem 0x0000000000001000-0x000000003ffeffff]
[    0.000000] ACPI: PM-Timer IO Port: 0x4008
[    0.000000] IOAPIC[0]: apic_id 2, version 32, address 0xfec00000, GSI 0-23
[    0.000000] ACPI: INT_SRC_OVR (bus 0 bus_irq 0 global_irq 2 dfl dfl)
[    0.000000] ACPI: INT_SRC_OVR (bus 0 bus_irq 9 global_irq 9 low level)
[    0.000000] Using ACPI (MADT) for SMP configuration information
[    0.000000] smpboot: Allowing 2 CPUs, 0 hotplug CPUs
[    0.000000] PM: Registered nosave memory: [mem 0x00000000-0x00000fff]
[    0.000000] PM: Registered nosave memory: [mem 0x0009f000-0x0009ffff]
[    0.000000] PM: Registered nosave memory: [mem 0x000a0000-0x000effff]
[    0.000000] PM: Registered nosave memory: [mem 0x000f0000-0x000fffff]
[    0.000000] e820: [mem 0x40000000-0xfebfffff] available for PCI devices
[    0.000000] Booting paravirtualized kernel on KVM
[    0.000000] clocksource: refined-jiffies: mask: 0xffffffff max_cycles: 0xffffffff, max_idle_ns: 7645519600211568 ns
[    0.000000] setup_percpu: NR_CPUS:512 nr_cpumask_bits:512 nr_cpu_ids:2 nr_node_ids:1
[    0.000000] PERCPU: Embedded 34 pages/cpu @ffff88003fc00000 s99480 r8192 d31592 u1048576
[    0.000000] Built 1 zonelists in Node order, mobility grouping on.  Total pages: 257912
[    0.000000] Policy zone: DMA32
[    0.000000] Kernel command line: BOOT_IMAGE=/boot/vmlinuz-4.4.0-154-generic root=LABEL=cloudimg-rootfs ro console=tty1 console=ttyS0
[    0.000000] PID hash table entries: 4096 (order: 3, 32768 bytes)
[    0.000000] Memory: 997732K/1048120K available (8613K kernel code, 1335K rwdata, 4028K rodata, 1484K init, 1284K bss, 50388K reserved, 0K cma-reserved)
[    0.000000] SLUB: HWalign=64, Order=0-3, MinObjects=0, CPUs=2, Nodes=1
[    0.000000] Kernel/User page tables isolation: enabled
[    0.000000] Hierarchical RCU implementation.
[    0.000000] 	Build-time adjustment of leaf fanout to 64.
[    0.000000] 	RCU restricting CPUs from NR_CPUS=512 to nr_cpu_ids=2.
[    0.000000] RCU: Adjusting geometry for rcu_fanout_leaf=64, nr_cpu_ids=2
[    0.000000] NR_IRQS:33024 nr_irqs:440 16
[    0.000000] Console: colour VGA+ 80x25
[    0.000000] console [tty1] enabled
[    0.000000] cnsole [ttyS0 enabled
[    0.000000] tsc: Detected 2992.480 MHz processor
[    0.874849] Calibrating delay loop (skipped) preset value.. 5984.96 BogoMIPS (lpj=11969920)

[    0.877852] pid_max: default: 32768 minimum: 301
[    0.879376] ACPI: Core revision 20150930
[    0.882051] ACPI: 2 ACPI AML tables successfully acquired and loaded
[    0.884205] Security Framework initialized
[    0.885618] Yama: becoming mindful.
[    0.886966] AppArmor: AppArmor initialized
[    0.888563] Dentry cache hash table entries: 131072 (order: 8, 1048576 bytes)
[    0.891128] Inode-cache hash table entries: 65536 (order: 7, 524288 bytes)
[    0.893398] Mount-cache hash table entries: 2048 (order: 2, 16384 bytes)
[    0.914087] Mountpoint-cache hash table entries: 2048 (order: 2, 16384 bytes)
[    0.936171] Initializing cgroup subsys io
[    0.969567] Initializing cgroup subsys memory
[    1.041121] Initializing cgroup subsys devices
[    1.093109] Initializing cgroup subsys freezer
[    1.143116] Initializing cgroup subsys net_cls
[    1.173529] Initializing cgroup subsys perf_event
[    1.175067] Initializing cgroup subsys net_prio
[    1.176571] Initializing cgroup subsys hugetlb
[    1.248421] Initializing cgroup subsys pids
[    1.249984] mce: CPU supports 0 MCE banks
[    1.251425] Last level iTLB entries: 4KB 128, 2MB 4, 4MB 4
[    1.253143] Last level dTLB entries: 4KB 256, 2MB 0, 4MB 32, 1GB 0
[    1.254983] Spectre V2 : Mitigation: Full generic retpoline
[    1.256723] Spectre V2 : Spectre v2 / SpectreRSB mitigation: Filling RSB on context switch
[    1.259474] Speculative Store Bypass: Vulnerable
[    1.261920] MDS: Vulnerable: Clear CPU buffers attempted, no microcode
[    1.336849] Freeing SMP alternatives memory: 36K
[    1.346132] ftrace: allocating 32299 entries in 127 pages
[    1.416904] smpboot: APIC(0) Converting physical 0 to logical package 0
[    1.445867] smpboot: Max logical packages: 1
[    1.447928] x2apic enabled
[    1.449574] Switched APIC routing to physical x2apic.
[    1.453597] ..TIMER: vector=0x30 apic1=0 pin1=2 apic2=-1 pin2=-1
[    1.566482] smpboot: CPU0: Intel(R) Core(TM)2 Duo CPU     E8400  @ 3.00GHz (family: 0x6, model: 0x17, stepping: 0xa)
[    1.578258] Performance Events: unsupported p6 CPU model 23 no PMU driver, software events only.
[    1.763182] KVM setup paravirtual spinlock
[    1.830406] x86: Booting SMP configuration:
[    1.831842] .... node  #0, CPUs:      #1
[    1.840678] kvm-clock: cpu 1, msr 0:3ffe3041, secondary cpu clock
[    1.853493] mce: CPU supports 0 MCE banks
[    1.856660] x86: Booted up 1 node, 2 CPUs
[    1.858550] smpboot: Total of 2 processors activated (11969.92 BogoMIPS)
[    1.861292] devtmpfs: initialized
[    1.865341] evm: security.selinux
[    1.866581] evm: security.SMACK64
[    1.867830] evm: security.SMACK64EXEC
[    1.869144] evm: security.SMACK64TRANSMUTE
[    1.870550] evm: security.SMACK64MMAP
[    1.871871] evm: security.ima
[    1.873041] evm: security.capability
[    1.874529] clocksource: jiffies: mask: 0xffffffff max_cycles: 0xffffffff, max_idle_ns: 7645041785100000 ns
[    1.883036] futex hash table entries: 512 (order: 3, 32768 bytes)
[    1.890225] pinctrl core: initialized pinctrl subsystem
[    1.892064] RTC time: 17:14:22, date: 08/23/19
[    1.893955] NET: Registered protocol family 16
[    1.915096] cpuidle: using governor ladder
[    1.925922] cpuidle: using governor menu
[    1.927299] PCCT header not found.
[    1.928621] ACPI: bus type PCI registered
[    1.930026] acpiphp: ACPI Hot Plug PCI Controller Driver version: 0.5
[    1.932058] PCI: Using configuration type 1 for base access
[    1.950511] ACPI: Added _OSI(Module Device)
[    1.951942] ACPI: Added _OSI(Processor Device)
[    1.953431] ACPI: Added _OSI(3.0 _SCP Extensions)
[    1.960128] ACPI: Added _OSI(Processor Aggregator Device)
[    2.007039] ACPI: Executed 1 blocks of module-level executable AML code
[    2.051145] ACPI: Interpreter enabled
[    2.118049] ACPI: (supports S0 S5)
[    2.151617] ACPI: Using IOAPIC for interrupt routing
[    2.167900] PCI: Using host bridge windows from ACPI; if necessary, use "pci=nocrs" and report a bug
[    2.214410] ACPI: PCI Root Bridge [PCI0] (domain 0000 [bus 00-ff])
[    2.216260] acpi PNP0A03:00: _OSC: OS supports [ASPM ClockPM Segments MSI]
[    2.218266] acpi PNP0A03:00: _OSC: not requesting OS control; OS requires [ExtendedConfig ASPM ClockPM MSI]
[    2.221310] acpi PNP0A03:00: fail to add MMCONFIG information, can't access extended PCI configuration space under this bridge.
[    2.317402] PCI host bridge to bus 0000:00
[    2.383068] pci_bus 0000:00: root bus resource [io  0x0000-0x0cf7 window]
[    2.514739] pci_bus 0000:00: root bus resource [io  0x0d00-0xffff window]
[    2.540828] pci_bus 0000:00: root bus resource [mem 0x000a0000-0x000bffff window]
[    2.573749] pci_bus 0000:00: root bus resource [mem 0x40000000-0xfdffffff window]
[    2.636957] pci_bus 0000:00: root bus resource [bus 00-ff]
[    2.640899] pci 0000:00:01.1: legacy IDE quirk: reg 0x10: [io  0x01f0-0x01f7]
[    2.648305] pci 0000:00:01.1: legacy IDE quirk: reg 0x14: [io  0x03f6]
[    2.650221] pci 0000:00:01.1: legacy IDE quirk: reg 0x18: [io  0x0170-0x0177]
[    2.652266] pci 0000:00:01.1: legacy IDE quirk: reg 0x1c: [io  0x0376]
[    2.680564] pci 0000:00:07.0: quirk: [io  0x4000-0x403f] claimed by PIIX4 ACPI
[    2.688565] pci 0000:00:07.0: quirk: [io  0x4100-0x410f] claimed by PIIX4 SMB
[    2.699000] ACPI: PCI Interrupt Link [LNKA] (IRQs 5 9 10 *11)
[    2.704646] ACPI: PCI Interrupt Link [LNKB] (IRQs 5 9 *10 11)
[    2.707098] ACPI: PCI Interrupt Link [LNKC] (IRQs 5 *9 10 11)
[    2.709545] ACPI: PCI Interrupt Link [LNKD] (IRQs 5 9 10 *11)
[    2.712184] ACPI: Enabled 2 GPEs in block 00 to 07
[    2.738317] vgaarb: setting as boot device: PCI:0000:00:02.0
[    2.740072] vgaarb: device added: PCI:0000:00:02.0,decodes=io+mem,owns=io+mem,locks=none
[    2.742833] vgaarb: loaded
[    2.749278] vgaarb: bridge control possible 0000:00:02.0
[    2.751622] SCSI subsystem initialized
[    2.753449] ACPI: bus type USB registered
[    2.754895] usbcore: registered new interface driver usbfs
[    2.762000] usbcore: registered new interface driver hub
[    2.770163] usbcore: registered new device driver usb
[    2.774408] PCI: Using ACPI for IRQ routing
[    2.776552] NetLabel: Initializing
[    2.784293] NetLabel:  domain hash size = 128
[    2.785753] NetLabel:  protocols = UNLABELED CIPSOv4
[    2.787426] NetLabel:  unlabeled traffic allowed by default
[    2.789645] amd_nb: Cannot enumerate AMD northbridges
[    2.800062] clocksource: Switched to clocksource kvm-clock
[    2.817028] AppArmor: AppArmor Filesystem Enabled
[    2.819836] pnp: PnP ACPI init
[    2.822078] pnp: PnP ACPI: found 3 devices
[    2.839587] clocksource: acpi_pm: mask: 0xffffff max_cycles: 0xffffff, max_idle_ns: 2085701024 ns
[    2.843221] NET: Registered protocol family 2
[   .846440 TCP established hash table entries: 8192 (order: 4, 65536 bytes)
[    2.968291] TCP bind hash table entries: 8192 (order: 5, 131072 bytes)
[    2.970351] TCP: Hash tables configured (established 8192 bind 8192)
[    2.972415] UDP hash table entries: 512 (order: 2, 16384 bytes)
[    2.974332] UDP-Lite hash table entries: 512 (order: 2, 16384 bytes)
[    2.976442] NET: Registered protocol family 1
[    2.97844] pci 0000:00:00.0: Limiting direct PCI/PCI transfers
[    3.037583] pci 0000:00:01.0: Activating ISA DMA hang workarounds
[    3.039794] Unpacking initramfs...
[  3290932] Freeing initrd memory: 14828K
[    3.116]clckource: tsc: mak:0xfffffffffffffff max_cycles: 0x2b2285792ea, max_idle_ns: 440795280120 ns

[    3.704506] platform rtc_cmos: registered platform RTC device (no PNP device found)
[    3.712782] Scanning for low memory corruption every 60 seconds
[    3.720958] audit: initializing netlink subsys (disabled)
[    3.723978] audit: type=2000 audit(1566580468.804:1): initialized
[    3.726638] Initialise system trusted keyring
[    3.728450] HugeTLB registered 2 MB page size, pre-allocated 0 pages
[    3.732453] zbud: loaded
[    3.734159] VFS: Disk quotas dquot_6.6.0
[    3.735657] VFS: Dquot-cache hash table entres 512 (order 0, 4096 bytes)
[  3.835771] squashfs: version 4.0 (2009/01/31) Phillip Lougher

[    3.899807] fuse init (API version 7.23)
[    3.901467] Key type big_key registered
[    3.902902] Allocating IMA MOK and blacklist keyrings.
[    3.916366] Key type asymmetric registered
[    3.917853] Asymmetric key parser 'x509' registered
[    3.919545] Block layer SCSI generic (bsg) driver version 0.4 loaded (major 249)
[    4.011257] io scheduler noop registered
[    4.053368] io scheduler deadline registered (default)
[    4.166474] io scheduler cfq registered
[    4.246496] pci_hotplug: PCI Hot Plug PCI Core version: 0.5
[    4.248291] pciehp: PCI Express Hot Plug Controller Driver version: 0.4
[    4.250411] ACPI: AC Adapter [AC] (on-line)
[    4.251937] input: Power Button as /devices/LNXSYSTM:00/LNXPWRBN:00/input/input0
[    4.295401] ACPI: Power Button [PWRF]
[    4.307718] input: Sleep Button as /devices/LNXSYSTM:00/LNXSLPBN:00/input/input1
[    4.310368] ACPI: Sleep Button [SLPF]
[    4.312046] GHES: HEST is not enabled!
[    4.318971] Serial: 8250/16550 driver, 32 ports, IRQ sharing enabled
[    4.348941] 00:02: ttyS0 at I/O 0x3f8 (irq = 4, base_baud = 115200) is a 16550A
[    4.353138] Linux agpgart interface v0.103
[    4.362052] loop: module loaded
[    4.364260] scsi host0: ata_piix
[    4.367709] scsi host1: ata_piix
[    4.370024] ata1: PATA max UDMA/33 cmd 0x1f0 ctl 0x3f6 bmdma 0xd000 irq 14
[    4.373126] ata2: PATA max UDMA/33 cmd 0x170 ctl 0x376 bmdma 0xd008 irq 15
[    4.378412] libphy: Fixed MDIO Bus: probed
[    4.383089] tun: Universal TUN/TAP device driver, 1.6
[    4.384811] tun: (C) 1999-2004 Max Krasnyansky <maxk@qualcomm.com>
[    4.387601] PPP generic driver version 2.4.2
[    4.395560] ehci_hcd: USB 2.0 'Enhanced' Host Controller (EHCI) Driver
[    4.455615] ehci-pci: EHCI PCI platform driver
[    4.511934] ehci-platform: EHCI generic platform driver
[    4.574605] ohci_hcd: USB 1.1 'Open' Host Controller (OHCI) Driver
[    4.576548] ohci-pci: OHCI PCI platform driver
[    4.578076] ohci-platform: OHCI generic platform driver
[    4.626629] uhci_hcd: USB Universal Host Controller Interface driver
[    4.628707] i8042: PNP: PS/2 Controller [PN033:PS2K,PNP0f03:PS2M] at 0x60,0x64 irq 1,12
[    4.755599] serio: i8042 KBD port at 0x60,0x64 irq 1
[    4.771396] serio: i8042 AUX port at 0x60,0x64 irq 12
[    4.799302] mousedev: PS/2 mouse device common for all mice
[    4.822576] input: AT Translated Set 2 keyboard as /devices/platform/i8042/serio0/input/input2
[    4.831361] rtc_cmos rtc_cmos: rtc core: registered rtc_cmos as rtc0
[    4.831473] rtc_cmos rtc_cmos: alarms up to one day, 114 bytes nvram
[    4.831484] i2c /dev entries driver
[    4.831571] device-mapper: uevent: version 1.0.3
[    4.831702] device-mapper: ioctl: 4.34.0-ioctl (2015-10-28) initialised: dm-devel@redhat.com
[    4.831734] ledtrig-cpu: registered to indicate activity on CPUs
[    4.832179] NET: Registered protocol family 10
[    4.832555] NET: Registered protocol family 17
[    4.832575] Key type dns_resolver registered
[    4.833035] registered taskstats version 1
[    4.833060] Loading compiled-in X.509 certificates
[    4.835960] Loaded X.509 cert 'Build time autogenerated kernel key: 65139e04a67245b562a838c28b5e7032abdd4348'
[    4.836007] zswap: loaded using pool lzo/zbud
[    4.869075] Key type trusted registered
[    4.943229] Key type encrypted registered
[    4.943243] AppArmor: AppArmor sha1 policy hashing enabled
[    4.943260] ima: No TPM chip found, activating TPM-bypass!
[    4.943270] ima: Allocated hash algorithm: sha1
[    4.943305] evm: HMAC attrs: 0x1
[    4.949305]   Magic number: 15:711:239
[    5.002519] rtc_cmos rtc_cmos: setting system clock to 2019-08-23 17:14:26 UTC (1566580466)
[    5.002877] BIOS EDD facility v0.16 2004-Jun-25, 0 devices found
[    5.002877] EDD information not available.
[    5.401189] Freeing unused kernel memory: 1484K
[    5.428150] Write protecting the kernel read-only data: 14336k
[    5.458630] Freeing unused kernel memory: 1616K
[    5.491251] Freeing unused kernel memory: 68K
Loading, please wait...
starting version[    6.956753] random: systemd-udevd: uninitialized urandom read (16 bytes read, 3 bits of entropy available)
 229
[    6.976027] random: udevadm: uninitialized urandom read (16 bytes read, 3 bits of entropy available)
[    6.976198] random: udevadm: uninitialized urandom read (16 bytes read, 3 bits of entropy available)
[    7.009982] random: systemd-udevd: uninitialized urandom read (16 bytes read, 3 bits of entropy available)
[    7.016834] random: systemd-udevd: uninitialized urandom read (16 bytes read, 3 bits of entropy available)
[    7.022636] random: systemd-udevd: uninitialized urandom read (16 bytes read, 3 bits of entropy available)
[    7.038764] random: systemd-udevd: uninitialized urandom read (16 bytes read, 3 bits of entropy available)
[    7.045013] random: systemd-udevd: uninitialized urandom read (16 bytes read, 3 bits of entropy available)
[    7.053882] random: systemd-udevd: uninitialized urandom read (16 bytes read, 3 bits of entropy available)
[    7.066596] random: systemd-udevd: uninitialized urandom read (16 bytes read, 3 bits of entropy available)
[    7.396371] Fusion MPT base driver 3.04.20
[    7.410278] Copyright (c) 1999-2008 LSI Corporation
[    7.488413] e1000: Intel(R) PRO/1000 Network Driver - version 7.3.21-k8-NAPI
[    7.492095] e1000: Copyright (c) 1999-2006 Intel Corporation.
[    7.511606] Fusion MPT SPI Host driver 3.04.20
[    7.723908] input: ImExPS/2 Generic Explorer Mouse as /devices/platform/i8042/serio1/input/input4
[    8.108297] e1000 0000:00:03.0 eth0: (PCI:33MHz:32-bit) 02:1e:e5:6d:71:21
[    8.111412] e1000 0000:00:03.0 eth0: Intel(R) PRO/1000 Network Connection
[    8.115723] mptbase: ioc0: Initiating bringup
[    8.118552] e1000 0000:00:03.0 enp0s3: renamed from eth0
[    8.184546] ioc0: LSI53C1030 A0: Capabilities={Initiator}
[    8.357958] scsi host2: ioc0: LSI53C1030 A0, FwRev=00000000h, Ports=1, MaxQ=256, IRQ=20
[    8.496764] scsi 2:0:0:0: Direct-Access     VBOX     HARDDISK         1.0  PQ: 0 ANSI: 5
[    8.534588] scsi target2:0:0: Beginning Domain Validation
[    8.655108] scsi target2:0:0: Domain Validation skipping write tests
[    8.657085] scsi target2:0:0: Ending Domain Validation
[    8.658831] scsi target2:0:0: asynchronous
[    8.660978] scsi 2:0:1:0: Direct-Access     VBOX     HARDDISK         1.0  PQ: 0 ANSI: 5
[    8.663765] scsi target2:0:1: Beginning Domain Validation
[    8.685901] scsi target2:0:1: Domain Validation skipping write tests
[    8.687836] scsi target2:0:1: Ending Domain Validation
[    8.689601] scsi target2:0:1: asynchronous
[    8.698569] sd 2:0:0:0: Attached scsi generic sg0 type 0
[    8.700667] sd 2:0:0:0: [sda] 20971520 512-byte logical blocks: (10.7 GB/10.0 GiB)
[    8.724438] sd 2:0:1:0: Attached scsi generic sg1 type 0
[    8.727197] sd 2:0:1:0: [sdb] 20480 512-byte logical blocks: (10.5 MB/10.0 MiB)
[    8.727502] sd 2:0:0:0: [sda] Write Protect is off
[    8.732749] sd 2:0:0:0: [sda] Incomplete mode parameter data
[    8.732839] sd 2:0:1:0: [sdb] Write Protect is off
[    8.732947] sd 2:0:1:0: [sdb] Incomplete mode parameter data
[    8.732949] sd 2:0:1:0: [sdb] Assuming drive cache: write through
[    8.759631] sd 2:0:1:0: [sdb] Attached SCSI disk
[    8.771391] sd 2:0:0:0: [sda] Assuming drive cache: write through
[    8.836791]  sda: sda1
[    8.846069] sd 2:0:0:0: [sda] Attached SCSI disk
Begin: Loading essential drivers ... [   11.655868] md: linear personality registered for level -1
[   11.723940] md: multipath personality registered for level -4
[   11.747565] md: raid0 personality registered for level 0
[   11.786433] md: raid1 personality registered for level 1
[   11.904717] raid6: sse2x1   gen()  5150 MB/s
[   12.042323] raid6: sse2x1   xor()  5129 MB/s
[   12.362387] raid6: sse2x2   gen()  4898 MB/s
[   12.549142] raid6: sse2x2   xor()  5824 MB/s
[   12.694624] raid6: sse2x4   gen()  5659 MB/s
[   12.782321] raid6: sse2x4   xor()  5315 MB/s
[   12.843233] raid6: using algorithm sse2x4 gen() 5659 MB/s
[   12.907218] raid6: .... xor() 5315 MB/s, rmw enabled
[   12.908931] raid6: using ssse3x2 recovery algorithm
[   12.932120] xor: measuring software checksum speed
[   13.017231]    prefetch64-sse:  9891.000 MB/sec
[   13.064137]    generic_sse:  8808.000 MB/sec
[   13.066658] xor: using function: prefetch64-sse (9891.000 MB/sec)
[   13.090065] async_tx: api initialized (async)
[   13.172227] md: raid6 personality registered for level 6
[   13.213776] md: raid5 personality registered for level 5
[   13.243973] md: raid4 personality registered for level 4
[   13.312288] md: raid10 personality registered for level 10
done.
Begin: Running /scripts/init-premount ... done.
Begin: Mounting root file system ... Begin: Running /scripts/local-top ... done.
Begin: Running /scripts/local-premount ... [   13.542449] Btrfs loaded
Scanning for Btrfs filesystems
done.
Warning: fsck not present, so skipping root file system
[   13.841899] EXT4-fs (sda1): mounted filesystem with ordered data mode. Opts: (null)
done.
Begin: Running /scripts/local-bottom ... done.
Begin: Running /scripts/init-bottom ... done.
[   14.939198] random: nonblocking pool is initialized
[   15.131210] systemd[1]: systemd 229 running in system mode. (+PAM +AUDIT +SELINUX +IMA +APPARMOR +SMACK +SYSVINIT +UTMP +LIBCRYPTSETUP +GCRYPT +GNUTLS +ACL +XZ -LZ4 +SECCOMP +BLKID +ELFUTILS +KMOD -IDN)
[   15.228401] systemd[1]: Detected virtualization oracle.
[   15.236742] systemd[1]: Detected architecture x86-64.

Welcome to [1mUbuntu 16.04.6 LTS[0m!

[   15.264774] systemd[1]: Set hostname to <ubuntu>.
[   15.286925] systemd[1]: Initializing machine ID from random generator.
[   15.289025] systemd[1]: Installed transient /etc/machine-id file.
[   16.318616] systemd[1]: Listening on udev Control Socket.
[[0;32m  OK  [0m] Listening on udev Control Socket.
[   16.329578] systemd[1]: Listening on /dev/initctl Compatibility Named Pipe.
[[0;32m  OK  [0m] Listening on /dev/initctl Compatibility Named Pipe.
[   16.337521] systemd[1]: Set up automount Arbitrary Executable File Formats File System Automount Point.
[[0;32m  OK  [0m] Set up automount Arbitrary Executab...ats File System Automount Point.
[   16.372572] systemd[1]: Listening on Syslog Socket.
[[0;32m  OK  [0m] Listening on Syslog Socket.
[   16.375840] systemd[1]: Listening on Device-mapper event daemon FIFOs.
[[0;32m  OK  [0m] Listening on Device-mapper event daemon FIFOs.
[   16.387322] systemd[1]: Created slice User and Session Slice.
[[0;32m  OK  [0m] Created slice User and Session Slice.
[   16.392174] systemd[1]: Listening on Journal Audit Socket.
[[0;32m  OK  [0m] Listening on Journal Audit Socket.
[   16.443927] systemd[1]: Reached target User and Group Name Lookups.
[[0;32m  OK  [0m] Reached target User and Group Name Lookups.
[   16.486005] systemd[1]: Reached target Encrypted Volumes.
[[0;32m  OK  [0m] Reached target Encrypted Volumes.
[   16.557569] systemd[1]: Listening on LVM2 poll daemon socket.
[[0;32m  OK  [0m] Listening on LVM2 poll daemon socket.
[   16.599604] systemd[1]: Started Forward Password Requests to Wall Directory Watch.
[[0;32m  OK  [0m] Started Forward Password Requests to Wall Directory Watch.
[   16.664510] systemd[1]: Listening on udev Kernel Socket.
[[0;32m  OK  [0m] Listening on udev Kernel Socket.
[   16.689342] systemd[1]: Listening on LVM2 metadata daemon socket.
[[0;32m  OK  [0m] Listening on LVM2 metadata daemon socket.
[   16.732154] systemd[1]: Created slice System Slice.
[[0;32m  OK  [0m] Created slice System Slice.
[   16.783790] systemd[1]: Reached target Slices.
[[0;32m  OK  [0m] Reached target Slices.
[   16.821627] systemd[1]: Created slice system-serial\x2dgetty.slice.
[[0;32m  OK  [0m] Created slice system-serial\x2dgetty.slice.
[   16.880517] systemd[1]: Reached target System Time Synchronized.
[[0;32m  OK  [0m] Reached target System Time Synchronized.
[   16.904429] systemd[1]: Listening on Journal Socket (/dev/log).
[[0;32m  OK  [0m] Listening on Journal Socket (/dev/log).
[   16.933275] systemd[1]: Reached target Swap.
[[0;32m  OK  [0m] Reached target Swap.
[   16.955380] systemd[1]: Started Trigger resolvconf update for networkd DNS.
[[0;32m  OK  [0m] Started Trigger resolvconf update for networkd DNS.
[   16.987135] systemd[1]: Listening on Journal Socket.
[[0;32m  OK  [0m] Listening on Journal Socket.
[   17.048634] systemd[1]: Mounting POSIX Message Queue File System...
         Mounting POSIX Message Queue File System...
[   17.066500] systemd[1]: Mounting Huge Pages File System...
         Mounting Huge Pages File System...
[   17.145607] systemd[1]: Starting Create list of required static device nodes for the current kernel...
         Starting Create list of required st... nodes for the current kernel...
[   17.164612] systemd[1]: Starting Set console keymap...
         Starting Set console keymap...
[   17.210203] systemd[1]: Starting Journal Service...
         Starting Journal Service...
[   17.232495] systemd[1]: Starting Nameserver information manager...
         Starting Nameserver information manager...
[   17.257617] systemd[1]: Starting Monitoring of LVM2 mirrors, snapshots etc. using dmeventd or progress polling...
         Starting Monitoring of LVM2 mirrors... dmeventd or progress polling...
[   17.358861] systemd[1]: Starting Load Kernel Modules...
         Starting Load Kernel Modules...
[   17.374680] systemd[1]: Starting Remount Root and Kernel File Systems...
         Starting Remount Root and Kernel File Systems...
[   17.425636] systemd[1]: Starting Uncomplicated firewall...
         Starting Uncomplicated firewall...
[   17.476965] systemd[1]: Mounting Debug File System...
         Mounting Debug File System...
[   17.531175] systemd[1]: Mounted POSIX Message Queue File System.
[[0;32m  OK  [0m] Mounted POSIX Message Queue File System.
[   17.543933] systemd[1]: Mounted Huge Pages File System.
[[0;32m  OK  [0m] Mounted Huge Pages File System.
[   17.550222] systemd[1]: Mounted Debug File System.
[[0;32m  OK  [0m] Mounted Debug File System.
[   17.565123] systemd[1]: Started Create list of required static device nodes for the current kernel.
[[0;32m  OK  [0m] Started Create list of required sta...ce nodes for the current kernel.
[   17.605452] Loading iSCSI transport class v2.0-870.
[   17.629101] EXT4-fs (sda1): re-mounted. Opts: (null)
[   17.637232] systemd[1]: Started Uncomplicated firewall.
[[0;32m  OK  [0m] Started Uncomplicated firewall.
[   17.663893] systemd[1]: Started Remount Root and Kernel File Systems.
[[0;32m  OK  [0m] Started Remount Root and Kernel File Systems.
[   17.678546] systemd[1]: Started Journal Service.
[[0;32m  OK  [0m] Started Journal Service.
[   17.722496] iscsi: registered transport (tcp)
[[0;32m  OK  [0m] Started Nameserver information manager.
[[0;32m  OK  [0m] Started Set console keymap.
[   17.969559] iscsi: registered transport (iser)
[[0;32m  OK  [0m] Started Load Kernel Modules.
         Starting Apply Kernel Variables...
         Mounting FUSE Control File System...
[[0;32m  OK  [0m] Started LVM2 metadata daemon.
         Starting Flush Journal to Persistent Storage...
         Starting udev Coldplug all Devices...
         Starting Load/Save Random Seed...
         Starting Create Static Device Nodes in /dev...
[[0;32m  OK  [0m] Mounted FUSE Control File System.
[[0;32m  OK  [0m] Started Apply Kernel Variables.
[[0;32m  OK  [0m] Started Load/Save Random Seed.
[[0;32m  OK  [0m] Started Flush Journal to Persistent Storage.
[[0;32m  OK  [0m] Started Create Static Device Nodes in /dev.
         Starting udev Kernel Device Manager...
[[0;32m  OK  [0m] Started Monitoring of LVM2 mirrors,...ng dmeventd or progress polling.
[[0;32m  OK  [0m] Reached target Local File Systems (Pre).
[[0;32m  OK  [0m] Reached target Local File Systems.
         Starting Tell Plymouth To Write Out Runtime Data...
         Starting Create Volatile Files and Directories...
         Starting LSB: AppArmor initialization...
         Starting Commit a transient machine-id on disk...
         Starting Set console font and keymap...
         Starting Initial cloud-init job (pre-networking)...
[[0;32m  OK  [0m] Started udev Kernel Device Manager.
[[0;32m  OK  [0m] Started Tell Plymouth To Write Out Runtime Data.
[[0;32m  OK  [0m] Started udev Coldplug all Devices.
[[0;32m  OK  [0m] Started Dispatch Password Requests to Console Directory Watch.
[[0;32m  OK  [0m] Started Commit a transient machine-id on disk.
[[0;32m  OK  [0m] Started Create Volatile Files and Directories.
         Starting Update UTMP about System Boot/Shutdown...
[[0;32m  OK  [0m] Started Update UTMP about System Boot/Shutdown.
[[0;32m  OK  [0m] Found device /dev/ttyS0.
[[0;32m  OK  [0m] Listening on Load/Save RF Kill Switch Status /dev/rfkill Watch.
[[0;32m  OK  [0m] Started LSB: AppArmor initialization.
[   24.049554] cloud-init[471]: Cloud-init v. 19.1-1-gbaa47854-0ubuntu1~16.04.1 running 'init-local' at Fri, 23 Aug 2019 17:14:46 +0000. Up 22.17 seconds.
[[0;32m  OK  [0m] Started Initial cloud-init job (pre-networking).
[[0;32m  OK  [0m] Reached target Network (Pre).
         Starting Raise network interfaces...
[[0;32m  OK  [0m] Started Set console font and keymap.
[[0;32m  OK  [0m] Created slice system-getty.slice.
[[0;32m  OK  [0m] Started Raise network interfaces.
[[0;32m  OK  [0m] Reached target Network.
         Starting Initial cloud-init job (metadata service crawler)...
[   29.968750] cloud-init[941]: Cloud-init v. 19.1-1-gbaa47854-0ubuntu1~16.04.1 running 'init' at Fri, 23 Aug 2019 17:14:51 +0000. Up 27.20 seconds.
[   29.979768] cloud-init[941]: ci-info: ++++++++++++++++++++++++++++++++++++++Net device info++++++++++++++++++++++++++++++++++++++
[   30.072305] cloud-init[941]: ci-info: +--------+------+----------------------------+---------------+--------+-------------------+
[   30.077796] cloud-init[941]: ci-info: | Device |  Up  |          Address           |      Mask     | Scope  |     Hw-Address    |
[   30.125204] cloud-init[941]: ci-info: +--------+------+----------------------------+---------------+--------+-------------------+
[[0;32m  OK  [0m] Started Initial cloud-init job (metadata service crawler).
[   30.206517] cloud-init[941]: ci-info: | enp0s3 | True |         10.0.2.15          | 255.255.255.0 | global | 02:1e:e5:6d:71:21 |
[   30.227951] cloud-init[941]: ci-info: | enp0s3 | True | fe80::1e:e5ff:fe6d:7121/64 |       .       |  link  | 02:1e:e5:6d:71:21 |
[[0;32m  OK  [0m] [   30.301227] cloud-init[941]: ci-info: |   lo   | True |         127.0.0.1          |   255.0.0.0   |  host  |         .         |
[   30.307961] cloud-init[941]: ci-info: |   lo   | True |          ::1/128           |       .       |  host  |         .         |
[   30.308200] cloud-init[941]: ci-info: +--------+------+----------------------------+---------------+--------+-------------------+
[   30.308431] cloud-init[941]: ci-info: +++++++++++++++++++++++++++Route IPv4 info++++++++++++++++++++++++++++
Reached target Cloud-config availability.
[[0;32m  OK  [0m] Reached target System Initialization.
[   30.308834] cloud-init[941]: ci-info: +-------+-------------+----------+---------------+-----------+-------+
[   30.634323] cloud-init[941]: ci-info: | Route | Destination | Gateway  |    Genmask    | Interface | Flags |
[[0;32m  OK  [0m] Started ACPI Events Check.
[[0;32m  OK  [0m] Reached target Paths.
[   30.743782] cloud-init[941]: ci-info: +-------+-------------+----------+---------------+-----------+-------+
[   30.892711] cloud-init[941]: ci-info: |   0   |   0.0.0.0   | 10.0.2.2 |    0.0.0.0    |   enp0s3  |   UG  |
[   30.990053] cloud-init[941]: ci-info: |   1   |   10.0.2.0  | 0.0.0.0  | 255.255.255.0 |   enp0s3  |   U   |
         Starting LXD - unix socket.
[[0;32m  OK  [0m[   31.087310] cloud-init[941]: ci-info: +-------+-------------+----------+---------------+-----------+-------+
[   31.131355] cloud-init[941]: ci-info: +++++++++++++++++++Route IPv6 info+++++++++++++++++++
[   31.131588] cloud-init[941]: ci-info: +-------+-------------+---------+-----------+-------+
[   31.131872] cloud-init[941]: ci-info: | Route | Destination | Gateway | Interface | Flags |
[   31.132097] cloud-init[941]: ci-info: +-------+-------------+---------+-----------+-------+
[   31.132320] cloud-init[941]: ci-info: |   0   |  fe80::/64  |    ::   |   enp0s3  |   U   |
[   31.132543] cloud-init[941]: ci-info: |   4   |   ff00::/8  |    ::   |   enp0s3  |   U   |
[   31.132770] cloud-init[941]: ci-info: +-------+-------------+---------+-----------+-------+
] Started Daily apt download activities.
[[0;32m  OK  [0m] Started Daily apt upgrade and clean activities.
[   31.133311] [[0;32m  OK  [0m] Listening on UUID daemon activation socket.cloud-init[941]: Generating public/private rsa key pair.
[   31.488453] cloud-init[941]: Your identification has been saved in /etc/ssh/ssh_host_rsa_key.
[   31.488679] cloud-init[941]: Your public key has been saved in /etc/ssh/ssh_host_rsa_key.pub.
[   31.488900] cloud-init[941]: The key fingerprint is:
[   31.489125] cloud-init[941]: SHA256:vQhikYdEHTpx0aKBl7jGPB1vquQA/WYl3+BKVVu1wu0 root@ubuntu-xenial
[   31.489344] cloud-init[941]: The key's randomart image is:
[   31.489885] cloud-init[941]: +---[RSA 2048]----+
[   31.490108] cloud-init[941]: |   ++o++   ..    |
[   31.490333] cloud-init[941]: |  o.=*o o... .   |
[   31.490551] cloud-init[941]: | + +*=.o oo o    |
[   31.490789] cloud-init[941]: |. B ++* .. o     |
[   31.491009] cloud-init[941]: |.. ooO.oS . E    |
[   31.491284] cloud-init[941]: |. ..*.o... .     |
[   31.491516] cloud-init[941]: | + = .  . .      |
[   31.491765] cloud-init[941]: |  o .            |
[   31.491990] cloud-init[941]: |                 |

[[0;32m  OK  [0m] Listening on ACPID Listen Socket.
[[0;32m  OK  [0m] Started Daily Cleanup of Temporary Directories.
[[0;32m  OK  [0m] Reached target Timers.
[   31.492368] [[0;32m  OK  [0m] Listening on D-Bus System Message Bus Socket.
cloud-init[941]: +----[SHA256]-----+
[   32.056560] cloud-init[941]: Generating public/private dsa key pair.
[   32.116495] cloud-init[941]: Your identification has been saved in /etc/ssh/ssh_host_dsa_key.
[   32.212547] cloud-init[941]: Your public key has been saved in /etc/ssh/ssh_host_dsa_key.pub.
[   32.304600] cloud-init[941]: The key fingerprint is:
[   32.368493] cloud-init[941]: SHA256:h+h2neG+3+v+Km4/Bl/irHO7xtp4AxvVG6HdQlKvYts root@ubuntu-xenial
[   32.462565] cloud-init[941]: The key's randomart image is:
         Starting Socket activation for snappy daemon.
[[0;32m  OK  [0m] Reached target Network is Online.
[   32.487916] cloud-init[941]: +---[DSA 1024]----+
         Starting iSCSI initiator daemon (iscsid)...
[[0;32m  OK  [0m] Listening on LXD - unix socket.
[[0;32m  OK  [0m] Listening on Socket activation for snappy daemon.
[   32.538200] cloud-init[941]: |             ..  |
[   32.553464] cloud-init[941]: |            . .o |
[   32.557929] cloud-init[941]: |             oo.+|
[   32.567296] cloud-init[941]: |       . .   .o+o|
[   32.572955] [[0;32m  OK  [0m] Reached target Sockets.
[[0;32m  OK  [0m] Reached target Basic System.
cloud-init[941]: |      . S o o...o|
[[0;32m  OK  [0m] Started FUSE filesystem for LXC.
[   32.638541] cloud-init[941]: |     .   + +++...|
[   32.655760] cloud-init[941]: |      o . + .XEo |
[   32.659969] cloud-init[941]: |     . . .  =+%  |
[   32.664845] cloud-init[941]: |          o=*&@O.|
[   32.668965] cloud-init[941]: +----[SHA256]-----+
[   32.691793] cloud-init[941]: Generating public/private ecdsa key pair.
[   32.698606] cloud-init[941]: Your identification has been saved in /etc/ssh/ssh_host_ecdsa_key.
[   32.705779] cloud-init[941]: Your public key has been saved in /etc/ssh/ssh_host_ecdsa_key.pub.
[   32.746084] cloud-init[941]: The key fingerprint is:
[   32.781766] cloud-init[941]: SHA256:8dItYO7UGEWbOXqOWn21mGKH1vAO5CW4XJ5II+NDCIw root@ubuntu-xenial
[   32.862905] cloud-init[941]: The key's randomart image is:
[   32.866599] cloud-init[941]: +---[ECDSA 256]---+
[   32.869905] cloud-init[941]: |         .o      |
[   32.873155] cloud-init[941]: | o       . +     |
[   32.876535] cloud-init[941]: |E o     = =      |
[   32.879848] cloud-init[941]: |   . . o @ o     |
[   32.882938] cloud-init[941]: |    . + S @ o .  |
[   32.886189] cloud-init[941]: |     o B # X + . |
[   32.889282] cloud-init[941]: |      o B % B .  |
[[0;32m  OK  [0m] Started Regular background program processing daemon.
[   32.898968] cloud-init[941]: |       + o *     |
[   32.905536] cloud-init[941]: |      .     .    |
[   32.921541] cloud-init[941]: +----[SHA256]-----+
[   32.925472] cloud-init[941]: Generating public/private ed25519 key pair.
[   32.931767] cloud-init[941]: Your identification has been saved in /etc/ssh/ssh_host_ed25519_key.
[   32.938046] cloud-init[941]: Your public key has been saved in /etc/ssh/ssh_host_ed25519_key.pub.
[   32.976009] cloud-init[941]: The key fingerprint is:
[   32.979696] cloud-init[941]: SHA256:CBh8mGuTnRdhbpiYjLmJOMNGa4Bag05Ahamv28cbPpk root@ubuntu-xenial
[   32.986525] cloud-init[941]: The key's randomart image is:
[   32.992384] cloud-init[941]: +--[ED25519 256]--+
[   32.994566] cloud-init[941]: |oo=+  o.         |
[   32.997736] cloud-init[941]: |oB+=.=.          |
         Starting System Logging Service...
[   33.005288] cloud-init[941]: |BoB=+.o.         |
[   33.022622] cloud-init[941]: |@+*.oo..         |
[   33.027986] cloud-init[941]: |OO . .. S        |
[   33.033291] cloud-init[941]: |oo.              |
[   33.040376] cloud-init[941]: | . ..o           |
[   33.042559] cloud-init[941]: |.. .E.           |
         Starting Virtualbox guest utils...
[   33.054446] cloud-init[941]: |....oo           |
[   33.096585] cloud-init[941]: +----[SHA256]-----+
         Starting LXD - container startup/shutdown...
         Starting LSB: MD monitoring daemon...
         Starting Accounts Service...
         Starting LSB: Record successful boot for GRUB...
         Starting Snappy daemon...
[[0;32m  OK  [0m] Started Deferred execution scheduler.
[[0;32m  OK  [0m] Started D-Bus System Message Bus.
         Starting Pollinate to seed the pseudo random number generator...
         Starting /etc/rc.local Compatibility...
[[0;32m  OK  [0m] Started ACPI event daemon.
         Starting Login Service...
[[0;32m  OK  [0m] Started System Logging Service.
[[0;32m  OK  [0m] Started /etc/rc.local Compatibility.
[[0;32m  OK  [0m] Started iSCSI initiator daemon (iscsid).
         Starting Authenticate and Authorize Users to Run Privileged Tasks...
         Starting Login to default iSCSI targets...
[[0;32m  OK  [0m] Started Login Service.
[[0;32m  OK  [0m] Started Unattended Upgrades Shutdown.
[[0;32m  OK  [0m] Started LXD - container startup/shutdown.
[[0;32m  OK  [0m] Started LSB: Record successful boot for GRUB.
[[0;32m  OK  [0m] Started LSB: MD monitoring daemon.
[[0;32m  OK  [0m] Started Login to default iSCSI targets.
[[0;32m  OK  [0m] Started Authenticate and Authorize Users to Run Privileged Tasks.
[[0;32m  OK  [0m] Started Accounts Service.
[[0;32m  OK  [0m] Reached target Remote File Systems (Pre).
[[0;32m  OK  [0m] Reached target Remote File Systems.
         Starting LSB: Set the CPU Frequency Scaling governor to "ondemand"...
         Starting LSB: automatic crash report generation...
         Starting LSB: daemon to balance interrupts for SMP systems...
         Starting Permit User Sessions...
[[0;32m  OK  [0m] Started Permit User Sessions.
         Starting Terminate Plymouth Boot Screen...
         Starting Hold until boot process finishes up...
[[0;32m  OK  [0m] Started Terminate Plymouth Boot Screen.
[[0;32m  OK  [0m] Started Virtualbox guest utils.
[[0;32m  OK  [0m] Started Hold until boot process finishes up.
         Starting Set console scheme...
[[0;32m  OK  [0m] Started Getty on tty1.
[[0;32m  OK  [0m] Started Serial Getty on ttyS0.
[[0;32m  OK  [0m] Reached target Login Prompts.
[[0;32m  OK  [0m] Started Set console scheme.
[[0;32m  OK  [0m] Started LSB: Set the CPU Frequency Scaling governor to "ondemand".
[[0;32m  OK  [0m] Started LSB: daemon to balance interrupts for SMP systems.
[[0;32m  OK  [0m] Started LSB: automatic crash report generation.
[[0;32m  OK  [0m] Started Snappy daemon.
         Starting Wait until snapd is fully seeded...
[[0;32m  OK  [0m] Started Pollinate to seed the pseudo random number generator.
         Starting OpenBSD Secure Shell server...
[[0;32m  OK  [0m] Started OpenBSD Secure Shell server.
[[0;32m  OK  [0m] Created slice User Slice of vagrant.
         Starting User Manager for UID 1000...
[[0;32m  OK  [0m] Started Session 1 of user vagrant.
[[0;32m  OK  [0m] Started User Manager for UID 1000.
[[0;32m  OK  [0m] Started Wait until snapd is fully seeded.
         Starting Apply the settings specified in cloud-config...
[[0;32m  OK  [0m] Reached target Multi-User System.
[[0;32m  OK  [0m] Reached target Graphical Interface.
         Starting Update UTMP about System Runlevel Changes...
[[0;32m  OK  [0m] Started Update UTMP about System Runlevel Changes.
[   43.456237] cloud-init[1344]: Generating locales (this might take a while)...

Ubuntu 16.04.6 LTS ubuntu-xenial ttyS0

ubuntu-xenial login: [   46.900917] cloud-init[1344]:   en_US.UTF-8... done
[   46.916692] cloud-init[1344]: Generation complete.
[   48.672814] cloud-init[1344]: Cloud-init v. 19.1-1-gbaa47854-0ubuntu1~16.04.1 running 'modules:config' at Fri, 23 Aug 2019 17:15:06 +0000. Up 42.66 seconds.
ci-info: no authorized ssh keys fingerprints found for user ubuntu.
<14>Aug 23 17:15:14 ec2: 
<14>Aug 23 17:15:14 ec2: #############################################################
<14>Aug 23 17:15:14 ec2: -----BEGIN SSH HOST KEY FINGERPRINTS-----
<14>Aug 23 17:15:14 ec2: 1024 SHA256:h+h2neG+3+v+Km4/Bl/irHO7xtp4AxvVG6HdQlKvYts root@ubuntu-xenial (DSA)
<14>Aug 23 17:15:14 ec2: 256 SHA256:8dItYO7UGEWbOXqOWn21mGKH1vAO5CW4XJ5II+NDCIw root@ubuntu-xenial (ECDSA)
<14>Aug 23 17:15:14 ec2: 256 SHA256:CBh8mGuTnRdhbpiYjLmJOMNGa4Bag05Ahamv28cbPpk root@ubuntu-xenial (ED25519)
<14>Aug 23 17:15:14 ec2: 2048 SHA256:vQhikYdEHTpx0aKBl7jGPB1vquQA/WYl3+BKVVu1wu0 root@ubuntu-xenial (RSA)
<14>Aug 23 17:15:14 ec2: -----END SSH HOST KEY FINGERPRINTS-----
<14>Aug 23 17:15:14 ec2: #############################################################
-----BEGIN SSH HOST KEY KEYS-----
ecdsa-sha2-nistp256 AAAAE2VjZHNhLXNoYTItbmlzdHAyNTYAAAAIbmlzdHAyNTYAAABBBObNH20h3tmD50OtETlKNVS8jlCWSsS/PLAYQXoZ7DoHufyloWgNbJFVNRECya8g/dCkiG/pxUv+VpBbKbzOyso= root@ubuntu-xenial
ssh-ed25519 AAAAC3NzaC1lZDI1NTE5AAAAIFE80TZNwdYAyIWuZBi8KlwMToHuPvC+dNKWxGXmUefG root@ubuntu-xenial
ssh-rsa AAAAB3NzaC1yc2EAAAADAQABAAABAQDLfU1oKsEUM78C5IrcrjQ5W0w1bgkTgHlSU3nbONVTnMGG7p2PVEtGZHmoQsGhVUUp1FaA13zrlp28opqGh33MmCv44iucdK5LR6vjGMPU1wvfpuCehqQ8u1y3ooQEi0pLsVeSEDAZCZdkyJs2WU+18SV0KEOHFW5xtSASpvP9SuDO1Dd7rg+6xUERpsknpcfRxurc4DxjogjQXDOeO3XsywLnmFVUwxhcNwvk2IRerNT/A1xC8HsHybkDpYwDvM4lwe9xNrz/SegNXyZm8gFW9wLMu+OZP923iuDxNo+DeR00VZBY1MD7VKtMs2dTa8eEialTtWxcjdfIrIw41kQD root@ubuntu-xenial
-----END SSH HOST KEY KEYS-----
[   51.188505] cloud-init[1514]: Cloud-init v. 19.1-1-gbaa47854-0ubuntu1~16.04.1 running 'modules:final' at Fri, 23 Aug 2019 17:15:13 +0000. Up 50.11 seconds.
[   51.196109] cloud-init[1514]: ci-info: no authorized ssh keys fingerprints found for user ubuntu.
[   51.204382] cloud-init[1514]: Cloud-init v. 19.1-1-gbaa47854-0ubuntu1~16.04.1 finished at Fri, 23 Aug 2019 17:15:14 +0000. Datasource DataSourceNoCloud [seed=/dev/sdb][dsmode=net].  Up 51.14 seconds
