[    0.000000] Initializing cgroup subsys cpuset
[    0.000000] Initializing cgroup subsys cpu
[    0.000000] Initializing cgroup subsys cpuacct
[    0.000000] Linux version 4.4.0-154-generic (buildd@lgw01-amd64-049) (gcc version 5.4.0 20160609 (Ubuntu 5.4.0-6ubuntu1~16.04.10) ) #181-Ubuntu SMP Tue Jun 25 05:29:03 UTC 2019 (Ubuntu 4.4.0-154.181-generic 4.4.179)
[    0.000000] Command line: BOOT_IMAGE=/boot/vmlinuz-4.4.0-154-generic root=LABEL=cloudimg-rootfs ro console=tty1 console=ttyS0
[    0.000000] KERNEL supported cpus:
[    0.000000]   Intel GenuineIntel
[    0.000000]   AMD AuthenticAMD
[    0.000000]   Centaur CentaurHauls
[    0.000000] x86/fpu: Legacy x87 FPU detected.
[    0.000000] e820: BIOS-provided physical RAM map:
[    0.000000] BIOS-e820: [mem 0x0000000000000000-0x000000000009fbff] usable
[    0.000000] BIOS-e820: [mem 0x000000000009fc00-0x000000000009ffff] reserved
[    0.000000] BIOS-e820: [mem 0x00000000000f0000-0x00000000000fffff] reserved
[    0.000000] BIOS-e820: [mem 0x0000000000100000-0x000000002cfeffff] usable
[    0.000000] BIOS-e820: [mem 0x000000002cff0000-0x000000002cffffff] ACPI data
[    0.000000] BIOS-e820: [mem 0x00000000fec00000-0x00000000fec00fff] reserved
[    0.000000] BIOS-e820: [mem 0x00000000fee00000-0x00000000fee00fff] reserved
[    0.000000] BIOS-e820: [mem 0x00000000fffc0000-0x00000000ffffffff] reserved
[    0.000000] NX (Execute Disable) protection: active
[    0.000000] SMBIOS 2.5 present.
[    0.000000] Hypervisor detected: KVM
[    0.000000] e820: last_pfn = 0x2cff0 max_arch_pfn = 0x400000000
[    0.000000] MTRR: Disabled
[    0.000000] x86/PAT: MTRRs disabled, skipping PAT initialization too.
[    0.000000] CPU MTRRs all blank - virtualized system.
[    0.000000] x86/PAT: Configuration [0-7]: WB  WT  UC- UC  WB  WT  UC- UC  
[    0.000000] found SMP MP-table at [mem 0x0009fff0-0x0009ffff] mapped at [ffff88000009fff0]
[    0.000000] Scanning 1 areas for low memory corruption
[    0.000000] RAMDISK: [mem 0x2b8be000-0x2c738fff]
[    0.000000] ACPI: Early table checksum verification disabled
[    0.000000] ACPI: RSDP 0x00000000000E0000 000024 (v02 VBOX  )
[    0.000000] ACPI: XSDT 0x000000002CFF0030 00003C (v01 VBOX   VBOXXSDT 00000001 ASL  00000061)
[    0.000000] ACPI: FACP 0x000000002CFF00F0 0000F4 (v04 VBOX   VBOXFACP 00000001 ASL  00000061)
[    0.000000] ACPI: DSDT 0x000000002CFF0470 0021FF (v02 VBOX   VBOXBIOS 00000002 INTL 20180105)
[    0.000000] ACPI: FACS 0x000000002CFF0200 000040
[    0.000000] ACPI: FACS 0x000000002CFF0200 000040
[    0.000000] ACPI: APIC 0x000000002CFF0240 000054 (v02 VBOX   VBOXAPIC 00000001 ASL  00000061)
[    0.000000] ACPI: SSDT 0x000000002CFF02A0 0001CC (v01 VBOX   VBOXCPUT 00000002 INTL 20180105)
[    0.000000] No NUMA configuration found
[    0.000000] Faking a node at [mem 0x0000000000000000-0x000000002cfeffff]
[    0.000000] NODE_DATA(0) allocated [mem 0x2cfeb000-0x2cfeffff]
[    0.000000] kvm-clock: Using msrs 4b564d01 and 4b564d00
[    0.000000] kvm-clock: cpu 0, msr 0:2cfe3001, primary cpu clock
[    0.000000] kvm-clock: using sched offset of 7758420103 cycles
[    0.000000] clocksource: kvm-clock: mask: 0xffffffffffffffff max_cycles: 0x1cd42e4dffb, max_idle_ns: 881590591483 ns
[    0.000000] Zone ranges:
[    0.000000]   DMA      [mem 0x0000000000001000-0x0000000000ffffff]
[    0.000000]   DMA32    [mem 0x0000000001000000-0x000000002cfeffff]
[    0.000000]   Normal   empty
[    0.000000]   Device   empty
[    0.000000] Movable zone start for each node
[    0.000000] Early memory node ranges
[    0.000000]   node   0: [mem 0x0000000000001000-0x000000000009efff]
[    0.000000]   node   0: [mem 0x0000000000100000-0x000000002cfeffff]
[    0.000000] Initmem setup node 0 [mem 0x0000000000001000-0x000000002cfeffff]
[    0.000000] ACPI: PM-Timer IO Port: 0x4008
[    0.000000] IOAPIC[0]: apic_id 1, version 32, address 0xfec00000, GSI 0-23
[    0.000000] ACPI: INT_SRC_OVR (bus 0 bus_irq 0 global_irq 2 dfl dfl)
[    0.000000] ACPI: INT_SRC_OVR (bus 0 bus_irq 9 global_irq 9 low level)
[    0.000000] Using ACPI (MADT) for SMP configuration information
[    0.000000] smpboot: Allowing 1 CPUs, 0 hotplug CPUs
[    0.000000] PM: Registered nosave memory: [mem 0x00000000-0x00000fff]
[    0.000000] PM: Registered nosave memory: [mem 0x0009f000-0x0009ffff]
[    0.000000] PM: Registered nosave memory: [mem 0x000a0000-0x000effff]
[    0.000000] PM: Registered nosave memory: [mem 0x000f0000-0x000fffff]
[    0.000000] e820: [mem 0x2d000000-0xfebfffff] available for PCI devices
[    0.000000] Booting paravirtualized kernel on KVM
[    0.000000] clocksource: refined-jiffies: mask: 0xffffffff max_cycles: 0xffffffff, max_idle_ns: 7645519600211568 ns
[    0.000000] setup_percpu: NR_CPUS:512 nr_cpumask_bits:512 nr_cpu_ids:1 nr_node_ids:1
[    0.000000] PERCPU: Embedded 34 pages/cpu @ffff88002cc00000 s99480 r8192 d31592 u2097152
[    0.000000] Built 1 zonelists in Node order, mobility grouping on.  Total pages: 181304
[    0.000000] Policy zone: DMA32
[    0.000000] Kernel command line: BOOT_IMAGE=/boot/vmlinuz-4.4.0-154-generic root=LABEL=cloudimg-rootfs ro console=tty1 console=ttyS0
[    0.000000] PID hash table entries: 4096 (order: 3, 32768 bytes)
[    0.000000] Memory: 690668K/736824K available (8613K kernel code, 1335K rwdata, 4028K rodata, 1484K init, 1284K bss, 46156K reserved, 0K cma-reserved)
[    0.000000] SLUB: HWalign=64, Order=0-3, MinObjects=0, CPUs=1, Nodes=1
[    0.000000] Kernel/User page tables isolation: enabled
[    0.000000] Hierarchical RCU implementation.
[    0.000000] 	Build-time adjustment of leaf fanout to 64.
[    0.000000] 	RCU restricting CPUs from NR_CPUS=512 to nr_cpu_ids=1.
[    0.000000] RCU: Adjusting geometry for rcu_fanout_leaf=64, nr_cpu_ids=1
[    0.000000] NR_IRQS:33024 nr_irqs:256 16
[    0.000000] Console: colour VGA+ 80x25
[    0.000000] console [tty1] enabled
[    0.000000] console [ttyS0] enabled
[    0.000000] tsc: Detected 2992.480 MHz processor
[    0.620754] Calibrating delay loop (skipped) preset value.. 5984.96 BogoMIPS (lpj=11969920)
[    0.623769] pid_max: default: 32768 minimum: 301
[    0.625337] ACPI: Core revision 20150930
[    0.628034] ACPI: 2 ACPI AML tables successfully acquired and loaded
[    0.630280] Security Framework initialized
[    0.631775] Yama: becoming mindful.
[    0.633161] AppArmor: AppArmor initialized
[    0.634818] Dentry cache hash table entries: 131072 (order: 8, 1048576 bytes)
[    0.637289] Inode-cache hash table entries: 65536 (order: 7, 524288 bytes)
[    0.639535] Mount-cache hash table entries: 2048 (order: 2, 16384 bytes)
[    0.641628] Mountpoint-cache hash table entries: 2048 (order: 2, 16384 bytes)
[    0.644203] Initializing cgroup subsys io
[    0.645643] Initializing cgroup subsys memory
[    0.701330] Initializing cgroup subsys devices
[    0.702882] Initializing cgroup subsys freezer
[    0.704444] Initializing cgroup subsys net_cls
[    0.705976] Initializing cgroup subsys perf_event
[    0.707597] Initializing cgroup subsys net_prio
[    0.709152] Initializing cgroup subsys hugetlb
[    0.710710] Initializing cgroup subsys pids
[    0.712286] mce: CPU supports 0 MCE banks
[    0.713776] process: using mwait in idle threads
[    0.715424] Last level iTLB entries: 4KB 128, 2MB 4, 4MB 4
[    0.717191] Last level dTLB entries: 4KB 256, 2MB 0, 4MB 32, 1GB 0
[    0.719161] Spectre V2 : Mitigation: Full generic retpoline
[    0.720943] Spectre V2 : Spectre v2 / SpectreRSB mitigation: Filling RSB on context switch
[    0.723848] Speculative Store Bypass: Vulnerable
[    0.726324] MDS: Vulnerable: Clear CPU buffers attempted, no microcode
[    1.371989] Freeing SMP alternatives memory: 36K
[    1.434307] ftrace: allocating 32299 entries in 127 pages
[    1.554507] smpboot: APIC(0) Converting physical 0 to logical package 0
[    1.576655] smpboot: Max logical packages: 1
[    1.578794] x2apic enabled
[    1.580465] Switched APIC routing to physical x2apic.
[    1.584470] ..TIMER: vector=0x30 apic1=0 pin1=2 apic2=-1 pin2=-1
[    1.645802] APIC calibration not consistent with PM-Timer: 200ms instead of 100ms
[    1.656566] APIC delta adjusted to PM-Timer: 6249758 (12500233)
[    1.658495] smpboot: CPU0: Intel(R) Core(TM)2 Duo CPU     E8400  @ 3.00GHz (family: 0x6, model: 0x17, stepping: 0xa)
[    1.662178] Performance Events: unsupported p6 CPU model 23 no PMU driver, software events only.
[    1.857109] KVM setup paravirtual spinlock
[    1.860039] x86: Booted up 1 node, 1 CPUs
[    1.861486] smpboot: Total of 1 processors activated (5984.96 BogoMIPS)
[    1.864011] devtmpfs: initialized
[    1.868013] evm: security.selinux
[    1.869314] evm: security.SMACK64
[    1.870598] evm: security.SMACK64EXEC
[    1.871966] evm: security.SMACK64TRANSMUTE
[    1.873420] evm: security.SMACK64MMAP
[    1.874794] evm: security.ima
[    1.875996] evm: security.capability
[    1.877497] clocksource: jiffies: mask: 0xffffffff max_cycles: 0xffffffff, max_idle_ns: 7645041785100000 ns
[    1.880730] futex hash table entries: 256 (order: 2, 16384 bytes)
[    1.882783] pinctrl core: initialized pinctrl subsystem
[    1.895675] RTC time: 16:25:03, date: 08/23/19
[    1.897506] NET: Registered protocol family 16
[    1.899315] cpuidle: using governor ladder
[    1.956574] cpuidle: using governor menu
[    1.957988] PCCT header not found.
[    1.959351] ACPI: bus type PCI registered
[    1.960788] acpiphp: ACPI Hot Plug PCI Controller Driver version: 0.5
[    1.962937] PCI: Using configuration type 1 for base access
[    1.966300] ACPI: Added _OSI(Module Device)
[    1.967798] ACPI: Added _OSI(Processor Device)
[    1.969327] ACPI: Added _OSI(3.0 _SCP Extensions)
[    1.970941] ACPI: Added _OSI(Processor Aggregator Device)
[    1.973440] ACPI: Executed 1 blocks of module-level executable AML code
[    1.988021] ACPI: Interpreter enabled
[    1.989394] ACPI: (supports S0 S5)
[    1.990718] ACPI: Using IOAPIC for interrupt routing
[    1.992562] PCI: Using host bridge windows from ACPI; if necessary, use "pci=nocrs" and report a bug
[    2.000264] ACPI: PCI Root Bridge [PCI0] (domain 0000 [bus 00-ff])
[    2.002207] acpi PNP0A03:00: _OSC: OS supports [ASPM ClockPM Segments MSI]
[    2.004303] acpi PNP0A03:00: _OSC: not requesting OS control; OS requires [ExtendedConfig ASPM ClockPM MSI]
[    2.058239] acpi PNP0A03:00: fail to add MMCONFIG information, can't access extended PCI configuration space under this bridge.
[    2.062196] PCI host bridge to bus 0000:00
[    2.063657] pci_bus 0000:00: root bus resource [io  0x0000-0x0cf7 window]
[    2.065733] pci_bus 0000:00: root bus resource [io  0x0d00-0xffff window]
[    2.067829] pci_bus 0000:00: root bus resource [mem 0x000a0000-0x000bffff window]
[    2.070512] pci_bus 0000:00: root bus resource [mem 0x2d000000-0xfdffffff window]
[    2.073191] pci_bus 0000:00: root bus resource [bus 00-ff]
[    2.077333] pci 0000:00:01.1: legacy IDE quirk: reg 0x10: [io  0x01f0-0x01f7]
[    2.079478] pci 0000:00:01.1: legacy IDE quirk: reg 0x14: [io  0x03f6]
[    2.081500] pci 0000:00:01.1: legacy IDE quirk: reg 0x18: [io  0x0170-0x0177]
[    2.083665] pci 0000:00:01.1: legacy IDE quirk: reg 0x1c: [io  0x0376]
[    2.161934] pci 0000:00:07.0: quirk: [io  0x4000-0x403f] claimed by PIIX4 ACPI
[    2.167354] pci 0000:00:07.0: quirk: [io  0x4100-0x410f] claimed by PIIX4 SMB
[    2.176673] ACPI: PCI Interrupt Link [LNKA] (IRQs 5 9 10 *11)
[    2.187351] ACPI: PCI Interrupt Link [LNKB] (IRQs 5 9 *10 11)
[    2.189873] ACPI: PCI Interrupt Link [LNKC] (IRQs 5 *9 10 11)
[    2.284802] ACPI: PCI Interrupt Link [LNKD] (IRQs 5 9 10 *11)
[    2.288508] ACPI: Enabled 2 GPEs in block 00 to 07
[    2.291150] vgaarb: setting as boot device: PCI:0000:00:02.0
[    2.292975] vgaarb: device added: PCI:0000:00:02.0,decodes=io+mem,owns=io+mem,locks=none
[    2.295865] vgaarb: loaded
[    2.297002] vgaarb: bridge control possible 0000:00:02.0
[    2.372686] SCSI subsystem initialized
[    2.374489] ACPI: bus type USB registered
[    2.376014] usbcore: registered new interface driver usbfs
[    2.377804] usbcore: registered new interface driver hub
[    2.385600] usbcore: registered new device driver usb
[    2.387591] PCI: Using ACPI for IRQ routing
[    2.390004] NetLabel: Initializing
[    2.391344] NetLabel:  domain hash size = 128
[    2.392854] NetLabel:  protocols = UNLABELED CIPSOv4
[    2.394582] NetLabel:  unlabeled traffic allowed by default
[    2.406753] amd_nb: Cannot enumerate AMD northbridges
[    2.408575] clocksource: Switched to clocksource kvm-clock
[    2.473629] AppArmor: AppArmor Filesystem Enabled
[    2.486312] pnp: PnP ACPI init
[    2.489302] pnp: PnP ACPI: found 3 devices
[    2.498200] clocksource: acpi_pm: mask: 0xffffff max_cycles: 0xffffff, max_idle_ns: 2085701024 ns
[    2.516402] NET: Registered protocol family 2
[    2.518421] TCP established hash table entries: 8192 (order: 4, 65536 bytes)
[    2.520620] TCP bind hash table entries: 8192 (order: 5, 131072 bytes)
[    2.578483] TCP: Hash tables configured (established 8192 bind 8192)
[    2.580540] UDP hash table entries: 512 (order: 2, 16384 bytes)
[    2.582478] UDP-Lite hash table entries: 512 (order: 2, 16384 bytes)
[    2.584696] NET: Registered protocol family 1
[    2.586270] pci 0000:00:00.0: Limiting direct PCI/PCI transfers
[    2.588174] pci 0000:00:01.0: Activating ISA DMA hang workarounds
[    2.590383] Unpacking initramfs...
[    3.106340] Freeing initrd memory: 14828K
[    3.126315] clocksource: tsc: mask: 0xffffffffffffffff max_cycles: 0x2b2285792ea, max_idle_ns: 440795280120 ns
[    3.129764] platform rtc_cmos: registered platform RTC device (no PNP device found)
[    3.132672] Scanning for low memory corruption every 60 seconds
[    3.135004] audit: initializing netlink subsys (disabled)
[    3.136897] audit: type=2000 audit(1566577512.792:1): initialized
[    3.139247] Initialise system trusted keyring
[    3.140987] HugeTLB registered 2 MB page size, pre-allocated 0 pages
[    3.144659] zbud: loaded
[    3.146145] VFS: Disk quotas dquot_6.6.0
[    3.147646] VFS: Dquot-cache hash table entries: 512 (order 0, 4096 bytes)
[    3.205686] squashfs: version 4.0 (2009/01/31) Phillip Lougher
[    3.208816] fuse init (API version 7.23)
[    3.210497] Key type big_key registered
[    3.211962] Allocating IMA MOK and blacklist keyrings.
[    3.214204] Key type asymmetric registered
[    3.215713] Asymmetric key parser 'x509' registered
[    3.217424] Block layer SCSI generic (bsg) driver version 0.4 loaded (major 249)
[    3.220252] io scheduler noop registered
[    3.221733] io scheduler deadline registered (default)
[    3.223524] io scheduler cfq registered
[    3.225188] pci_hotplug: PCI Hot Plug PCI Core version: 0.5
[    3.227036] pciehp: PCI Express Hot Plug Controller Driver version: 0.4
[    3.229308] ACPI: AC Adapter [AC] (on-line)
[    3.230912] input: Power Button as /devices/LNXSYSTM:00/LNXPWRBN:00/input/input0
[    3.233642] ACPI: Power Button [PWRF]
[    3.235202] input: Sleep Button as /devices/LNXSYSTM:00/LNXSLPBN:00/input/input1
[    3.237911] ACPI: Sleep Button [SLPF]
[    3.239528] GHES: HEST is not enabled!
[    3.241071] Serial: 8250/16550 driver, 32 ports, IRQ sharing enabled
[    3.311641] 00:02: ttyS0 at I/O 0x3f8 (irq = 4, base_baud = 115200) is a 16550A
[    3.328900] Linux agpgart interface v0.103
[    3.332048] loop: module loaded
[    3.354194] scsi host0: ata_piix
[    3.356611] scsi host1: ata_piix
[    3.414499] ata1: PATA max UDMA/33 cmd 0x1f0 ctl 0x3f6 bmdma 0xd000 irq 14
[    3.416582] ata2: PATA max UDMA/33 cmd 0x170 ctl 0x376 bmdma 0xd008 irq 15
[    3.419184] libphy: Fixed MDIO Bus: probed
[    3.436201] tun: Universal TUN/TAP device driver, 1.6
[    3.437877] tun: (C) 1999-2004 Max Krasnyansky <maxk@qualcomm.com>
[    3.439850] PPP generic driver version 2.4.2
[    3.441473] ehci_hcd: USB 2.0 'Enhanced' Host Controller (EHCI) Driver
[    3.443476] ehci-pci: EHCI PCI platform driver
[    3.445052] ehci-platform: EHCI generic platform driver
[    3.446774] ohci_hcd: USB 1.1 'Open' Host Controller (OHCI) Driver
[    3.448723] ohci-pci: OHCI PCI platform driver
[    3.450304] ohci-platform: OHCI generic platform driver
[    3.516495] uhci_hcd: USB Universal Host Controller Interface driver
[    3.518591] i8042: PNP: PS/2 Controller [PNP0303:PS2K,PNP0f03:PS2M] at 0x60,0x64 irq 1,12
[    3.522132] serio: i8042 KBD port at 0x60,0x64 irq 1
[    3.523789] serio: i8042 AUX port at 0x60,0x64 irq 12
[    3.525632] mousedev: PS/2 mouse device common for all mice
[    3.527843] input: AT Translated Set 2 keyboard as /devices/platform/i8042/serio0/input/input2
[    3.531154] rtc_cmos rtc_cmos: rtc core: registered rtc_cmos as rtc0
[    3.533427] rtc_cmos rtc_cmos: alarms up to one day, 114 bytes nvram
[    3.535472] i2c /dev entries driver
[    3.536896] device-mapper: uevent: version 1.0.3
[    3.538645] device-mapper: ioctl: 4.34.0-ioctl (2015-10-28) initialised: dm-devel@redhat.com
[    3.541647] ledtrig-cpu: registered to indicate activity on CPUs
[    3.544020] NET: Registered protocol family 10
[    3.546007] NET: Registered protocol family 17
[    3.547615] Key type dns_resolver registered
[    3.549501] registered taskstats version 1
[    3.551037] Loading compiled-in X.509 certificates
[    3.553690] Loaded X.509 cert 'Build time autogenerated kernel key: 65139e04a67245b562a838c28b5e7032abdd4348'
[    3.622718] zswap: loaded using pool lzo/zbud
[    3.636793] Key type trusted registered
[    3.662464] Key type encrypted registered
[    3.664166] AppArmor: AppArmor sha1 policy hashing enabled
[    3.666056] ima: No TPM chip found, activating TPM-bypass!
[    3.667911] ima: Allocated hash algorithm: sha1
[    3.669561] evm: HMAC attrs: 0x1
[    3.726791]   Magic number: 15:811:439
[    3.728310] rtc_cmos rtc_cmos: setting system clock to 2019-08-23 16:25:05 UTC (1566577505)
[    3.731385] BIOS EDD facility v0.16 2004-Jun-25, 0 devices found
[    3.733312] EDD information not available.
[    3.739947] Freeing unused kernel memory: 1484K
[    3.752621] Write protecting the kernel read-only data: 14336k
[    3.767293] Freeing unused kernel memory: 1616K
[    3.769160] Freeing unused kernel memory: 68K
Loading, please wait...
starting version 229
[    4.050803] random: udevadm: uninitialized urandom read (16 bytes read, 3 bits of entropy available)
[    4.054258] random: udevadm: uninitialized urandom read (16 bytes read, 3 bits of entropy available)
[    4.146541] random: systemd-udevd: uninitialized urandom read (16 bytes read, 3 bits of entropy available)
[    4.150421] random: systemd-udevd: uninitialized urandom read (16 bytes read, 3 bits of entropy available)
[    4.153634] random: systemd-udevd: uninitialized urandom read (16 bytes read, 3 bits of entropy available)
[    4.156904] random: systemd-udevd: uninitialized urandom read (16 bytes read, 3 bits of entropy available)
[    4.168761] random: systemd-udevd: uninitialized urandom read (16 bytes read, 3 bits of entropy available)
[    4.174718] random: systemd-udevd: uninitialized urandom read (16 bytes read, 3 bits of entropy available)
[    4.184708] random: systemd-udevd: uninitialized urandom read (16 bytes read, 3 bits of entropy available)
[    4.189666] random: systemd-udevd: uninitialized urandom read (16 bytes read, 3 bits of entropy available)
[    4.906985] e1000: Intel(R) PRO/1000 Network Driver - version 7.3.21-k8-NAPI
[    4.977501] e1000: Copyright (c) 1999-2006 Intel Corporation.
[    4.981043] Fusion MPT base driver 3.04.20
[    4.982549] Copyright (c) 1999-2008 LSI Corporation
[    5.018887] Fusion MPT SPI Host driver 3.04.20
[    5.292316] input: ImExPS/2 Generic Explorer Mouse as /devices/platform/i8042/serio1/input/input4
[    6.335527] e1000 0000:00:03.0 eth0: (PCI:33MHz:32-bit) 02:1e:e5:6d:71:21
[    6.346777] e1000 0000:00:03.0 eth0: Intel(R) PRO/1000 Network Connection
[    6.354108] e1000 0000:00:03.0 enp0s3: renamed from eth0
[    6.356213] mptbase: ioc0: Initiating bringup
[    6.421057] ioc0: LSI53C1030 A0: Capabilities={Initiator}
[    6.586800] scsi host2: ioc0: LSI53C1030 A0, FwRev=00000000h, Ports=1, MaxQ=256, IRQ=20
[    6.753643] scsi 2:0:0:0: Direct-Access     VBOX     HARDDISK         1.0  PQ: 0 ANSI: 5
[    6.786960] scsi target2:0:0: Beginning Domain Validation
[    6.789672] scsi target2:0:0: Domain Validation skipping write tests
[    6.791682] scsi target2:0:0: Ending Domain Validation
[    6.793433] scsi target2:0:0: asynchronous
[    6.795229] scsi 2:0:1:0: Direct-Access     VBOX     HARDDISK         1.0  PQ: 0 ANSI: 5
[    6.798036] scsi target2:0:1: Beginning Domain Validation
[    6.800983] scsi target2:0:1: Domain Validation skipping write tests
[    6.848552] scsi target2:0:1: Ending Domain Validation
[    6.850310] scsi target2:0:1: asynchronous
[    6.856799] sd 2:0:0:0: Attached scsi generic sg0 type 0
[    6.858664] sd 2:0:0:0: [sda] 20971520 512-byte logical blocks: (10.7 GB/10.0 GiB)
[    6.862224] sd 2:0:1:0: [sdb] 20480 512-byte logical blocks: (10.5 MB/10.0 MiB)
[    6.866357] sd 2:0:1:0: Attached scsi generic sg1 type 0
[    6.868856] sd 2:0:0:0: [sda] Write Protect is off
[    6.870696] sd 2:0:1:0: [sdb] Write Protect is off
[    6.872807] sd 2:0:0:0: [sda] Incomplete mode parameter data
[    6.897260] sd 2:0:0:0: [sda] Assuming drive cache: write through
[    6.949720] sd 2:0:1:0: [sdb] Incomplete mode parameter data
[    6.951606] sd 2:0:1:0: [sdb] Assuming drive cache: write through
[    6.986035]  sda: sda1
[    6.989035] sd 2:0:1:0: [sdb] Attached SCSI disk
[    6.991091] sd 2:0:0:0: [sda] Attached SCSI disk
Begin: Loading essential drivers ... [   10.351622] md: linear personality registered for level -1
[   10.435903] md: multipath personality registered for level -4
[   10.530474] md: raid0 personality registered for level 0
[   10.557701] md: raid1 personality registered for level 1
[   10.735328] raid6: sse2x1   gen()  3262 MB/s
[   10.944975] raid6: sse2x1   xor()  3886 MB/s
[   11.048183] raid6: sse2x2   gen()  2193 MB/s
[   11.150221] raid6: sse2x2   xor()  4718 MB/s
[   11.255227] raid6: sse2x4   gen()  6733 MB/s
[   11.360206] raid6: sse2x4   xor()  5293 MB/s
[   11.361811] raid6: using algorithm sse2x4 gen() 6733 MB/s
[   11.363581] raid6: .... xor() 5293 MB/s, rmw enabled
[   11.365256] raid6: using ssse3x2 recovery algorithm
[   11.404810] xor: measuring software checksum speed
[   11.594645]    prefetch64-sse: 29990.000 MB/sec
[   11.782490]    generic_sse: 26733.000 MB/sec
[   11.784000] xor: using function: prefetch64-sse (29990.000 MB/sec)
[   11.804261] async_tx: api initialized (async)
[   11.997357] md: raid6 personality registered for level 6
[   12.097031] md: raid5 personality registered for level 5
[   12.098756] md: raid4 personality registered for level 4
[   12.231728] md: raid10 personality registered for level 10
done.
Begin: Running /scripts/init-premount ... done.
Begin: Mounting root file system ... Begin: Running /scripts/local-top ... done.
Begin: Running /scripts/local-premount ... [   12.621726] Btrfs loaded
Scanning for Btrfs filesystems
done.
Warning: fsck not present, so skipping root file system
[   13.200099] EXT4-fs (sda1): mounted filesystem with ordered data mode. Opts: (null)
done.
Begin: Running /scripts/local-bottom ... done.
Begin: Running /scripts/init-bottom ... done.
[   13.849814] random: nonblocking pool is initialized
[   14.217727] systemd[1]: systemd 229 running in system mode. (+PAM +AUDIT +SELINUX +IMA +APPARMOR +SMACK +SYSVINIT +UTMP +LIBCRYPTSETUP +GCRYPT +GNUTLS +ACL +XZ -LZ4 +SECCOMP +BLKID +ELFUTILS +KMOD -IDN)
[   14.279746] systemd[1]: Detected virtualization oracle.
[   14.281538] systemd[1]: Detected architecture x86-64.

Welcome to [1mUbuntu 16.04.6 LTS[0m!

[   14.322496] systemd[1]: Set hostname to <ubuntu>.
[   14.343647] systemd[1]: Initializing machine ID from random generator.
[   14.355909] systemd[1]: Installed transient /etc/machine-id file.
[   15.619071] systemd[1]: Listening on Journal Audit Socket.
[[0;32m  OK  [0m] Listening on Journal Audit Socket.
[   15.628971] systemd[1]: Listening on Journal Socket (/dev/log).
[[0;32m  OK  [0m] Listening on Journal Socket (/dev/log).
[   15.635135] systemd[1]: Created slice User and Session Slice.
[[0;32m  OK  [0m] Created slice User and Session Slice.
[   15.639689] systemd[1]: Set up automount Arbitrary Executable File Formats File System Automount Point.
[[0;32m  OK  [0m] Set up automount Arbitrary Executab...ats File System Automount Point.
[   15.646464] systemd[1]: Reached target User and Group Name Lookups.
[[0;32m  OK  [0m] Reached target User and Group Name Lookups.
[   15.650779] systemd[1]: Started Trigger resolvconf update for networkd DNS.
[[0;32m  OK  [0m] Started Trigger resolvconf update for networkd DNS.
[   15.655566] systemd[1]: Listening on Journal Socket.
[[0;32m  OK  [0m] Listening on Journal Socket.
[   15.659442] systemd[1]: Listening on /dev/initctl Compatibility Named Pipe.
[[0;32m  OK  [0m] Listening on /dev/initctl Compatibility Named Pipe.
[   15.664030] systemd[1]: Listening on LVM2 poll daemon socket.
[[0;32m  OK  [0m] Listening on LVM2 poll daemon socket.
[   15.718756] systemd[1]: Listening on udev Control Socket.
[[0;32m  OK  [0m] Listening on udev Control Socket.
[   15.722598] systemd[1]: Reached target System Time Synchronized.
[[0;32m  OK  [0m] Reached target System Time Synchronized.
[   15.727604] systemd[1]: Created slice System Slice.
[[0;32m  OK  [0m] Created slice System Slice.
[   15.732223] systemd[1]: Created slice system-serial\x2dgetty.slice.
[[0;32m  OK  [0m] Created slice system-serial\x2dgetty.slice.
[   15.740231] systemd[1]: Mounting Debug File System...
         Mounting Debug File System...
[   15.765756] systemd[1]: Starting Remount Root and Kernel File Systems...
         Starting Remount Root and Kernel File Systems...
[   15.928128] EXT4-fs (sda1): re-mounted. Opts: (null)
[   15.951088] systemd[1]: Starting Load Kernel Modules...
         Starting Load Kernel Modules...
[   15.966250] systemd[1]: Reached target Slices.
[[0;32m  OK  [0m] Reached target Slices.
[   16.043789] systemd[1]: Starting Create list of required static device nodes for the current kernel...
         Starting Create list of required st... nodes for the current kernel...
[   16.133148] systemd[1]: Starting Set console keymap...
         Starting Set console keymap...
[   16.150754] Loading iSCSI transport class v2.0-870.
[   16.239665] systemd[1]: Starting Uncomplicated firewall...
         Starting Uncomplicated firewall...
[   16.331968] systemd[1]: Started Forward Password Requests to Wall Directory Watch.
[[0;32m  OK  [0m] Started Forward Password Requests to Wall Directory Watch.
[   16.345951] systemd[1]: Reached target Encrypted Volumes.
[   16.379836] iscsi: registered transport (tcp)
[[0;32m  OK  [0m] Reached target Encrypted Volumes.
[   16.456051] systemd[1]: Listening on Syslog Socket.
[[0;32m  OK  [0m] Listening on Syslog Socket.
[   16.466513] systemd[1]: Starting Journal Service...
         Starting Journal Service...
[   16.485620] systemd[1]: Reached target Swap.
[[0;32m  OK  [0m] Reached target Swap.
[   16.648910] systemd[1]: Mounting POSIX Message Queue File System...
         Mounting POSIX Message Queue File System...
[   16.740941] systemd[1]: Mounting Huge Pages File System...
         Mounting Huge Pages File System...
[   16.762548] systemd[1]: Listening on Device-mapper event daemon FIFOs.
[[0;32m  OK  [0m] Listening on Device-mapper event daemon FIFOs.
[   16.781761] systemd[1]: Listening on LVM2 metadata daemon socket.
[[0;32m  OK  [0m] Listening on LVM2 metadata daemon socket.
[   16.956068] systemd[1]: Starting Monitoring of LVM2 mirrors, snapshots etc. using dmeventd or progress polling...
         Starting Monitoring of LVM2 mirrors... dmeventd or progress polling...
[   16.977721] systemd[1]: Listening on udev Kernel Socket.
[[0;32m  OK  [0m] Listening on udev Kernel Socket.
[   17.056299] systemd[1]: Starting Nameserver information manager...
         Starting Nameserver information manager...
[   17.083155] systemd[1]: Mounted POSIX Message Queue File System.
[[0;32m  OK  [0m] Mounted POSIX Message Queue File System.
[   17.175553] systemd[1]: Mounted Huge Pages File System.
[[0;32m  OK  [0m] Mounted Huge Pages File System.
[   17.182269] systemd[1]: Mounted Debug File System.
[[0;32m  OK  [0m] Mounted Debug File System.
[   17.200326] systemd[1]: Started Remount Root and Kernel File Systems.
[[0;32m  OK  [0m] Started Remount Root and Kernel File Systems.
[   17.377513] systemd[1]: Started Create list of required static device nodes for the current kernel.
[[0;32m  OK  [0m] Started Create list of required sta...ce nodes for the current kernel.
[   17.389278] systemd[1]: Started Uncomplicated firewall.
[[0;32m  OK  [0m] Started Uncomplicated firewall.
[   17.422088] systemd[1]: Started Journal Service.
[[0;32m  OK  [0m] Started Journal Service.
[   17.682911] iscsi: registered transport (iser)
[[0;32m  OK  [0m] Started Nameserver information manager.
[[0;32m  OK  [0m] Started Load Kernel Modules.
[[0;32m  OK  [0m] Started Set console keymap.
         Mounting FUSE Control File System...
         Starting Apply Kernel Variables...
[[0;32m  OK  [0m] Started LVM2 metadata daemon.
         Starting Create Static Device Nodes in /dev...
         Starting Flush Journal to Persistent Storage...
         Starting Load/Save Random Seed...
         Starting udev Coldplug all Devices...
[[0;32m  OK  [0m] Mounted FUSE Control File System.
[[0;32m  OK  [0m] Started Apply Kernel Variables.
[[0;32m  OK  [0m] Started Create Static Device Nodes in /dev.
         Starting udev Kernel Device Manager...
[[0;32m  OK  [0m] Started Load/Save Random Seed.
[[0;32m  OK  [0m] Started Monitoring of LVM2 mirrors,...ng dmeventd or progress polling.
[[0;32m  OK  [0m] Started udev Kernel Device Manager.
[[0;32m  OK  [0m] Started Flush Journal to Persistent Storage.
[[0;32m  OK  [0m] Reached target Local File Systems (Pre).
[[0;32m  OK  [0m] Reached target Local File Systems.
         Starting Create Volatile Files and Directories...
         Starting LSB: AppArmor initialization...
         Starting Tell Plymouth To Write Out Runtime Data...
         Starting Initial cloud-init job (pre-networking)...
         Starting Commit a transient machine-id on disk...
         Starting Set console font and keymap...
[[0;32m  OK  [0m] Started Tell Plymouth To Write Out Runtime Data.
[[0;32m  OK  [0m] Started Commit a transient machine-id on disk.
[[0;32m  OK  [0m] Started Create Volatile Files and Directories.
         Starting Update UTMP about System Boot/Shutdown...
[[0;32m  OK  [0m] Started Update UTMP about System Boot/Shutdown.
[[0;32m  OK  [0m] Started udev Coldplug all Devices.
[[0;32m  OK  [0m] Started Dispatch Password Requests to Console Directory Watch.
[[0;32m  OK  [0m] Found device /dev/ttyS0.
[[0;32m  OK  [0m] Listening on Load/Save RF Kill Switch Status /dev/rfkill Watch.
[[0;32m  OK  [0m] Started LSB: AppArmor initialization.
[   33.659356] cloud-init[482]: Cloud-init v. 19.1-1-gbaa47854-0ubuntu1~16.04.1 running 'init-local' at Fri, 23 Aug 2019 16:25:32 +0000. Up 29.40 seconds.
[[0;32m  OK  [0m] Started Initial cloud-init job (pre-networking).
[[0;32m  OK  [0m] Reached target Network (Pre).
         Starting Raise network interfaces...
[[0;32m  OK  [0m] Started Set console font and keymap.
[[0;32m  OK  [0m] Created slice system-getty.slice.
[[0;32m  OK  [0m] Started Raise network interfaces.
         Starting Initial cloud-init job (metadata service crawler)...
[[0;32m  OK  [0m] Reached target Network.
[   44.653299] cloud-init[949]: Cloud-init v. 19.1-1-gbaa47854-0ubuntu1~16.04.1 running 'init' at Fri, 23 Aug 2019 16:25:44 +0000. Up 40.85 seconds.
[   44.727093] cloud-init[949]: ci-info: ++++++++++++++++++++++++++++++++++++++Net device info++++++++++++++++++++++++++++++++++++++
[   44.732785] cloud-init[949]: ci-info: +--------+------+----------------------------+---------------+--------+-------------------+
[   44.744610] cloud-init[949]: ci-info: | Device |  Up  |          Address           |      Mask     | Scope  |     Hw-Address    |
[   44.752275] cloud-init[949]: ci-info: +--------+------+----------------------------+---------------+--------+-------------------+
[   44.768927] cloud-init[949]: ci-info: | enp0s3 | True |         10.0.2.15          | 255.255.255.0 | global | 02:1e:e5:6d:71:21 |
[   44.848327] cloud-init[949]: ci-info: | enp0s3 | True | fe80::1e:e5ff:fe6d:7121/64 |       .       |  link  | 02:1e:e5:6d:71:21 |
[   44.861045] cloud-init[949]: ci-info: |   lo   | True |         127.0.0.1          |   255.0.0.0   |  host  |         .         |
[   44.869829] cloud-init[949]: ci-info: |   lo   | True |          ::1/128           |       .       |  host  |         .         |
[   44.931863] cloud-init[949]: ci-info: +--------+------+----------------------------+---------------+--------+-------------------+
[[0;32m  OK  [0m] Started Initial cloud-init job (metadata service crawler).[   45.079322] cloud-init[949]: ci-info: +++++++++++++++++++++++++++Route IPv4 info++++++++++++++++++++++++++++

[   45.098109] cloud-init[[0;32m  OK  [0m[949]: ci-info: +-------+-------------+----------+---------------+-----------+-------+] Reached target System Initialization.

[   45.140035] cloud-init[949]: ci-info: | Route | Destination | Gateway  |    Genmask    | Interface | Flags |
[   45.143140] cloud-init[949]: ci-info: +-------+-------------+----------+---------------+-----------+-------+
[   45.177675] cloud-init[949]: ci-info: |   0   |   0.0.0.0   | 10.0.2.2 |    0.0.0.0    |   enp0s3  |   UG  |         Starting LXD - unix socket.

[   45.185054] cloud-init[949]: ci-info: |   1   |   10.0.2.0  | 0.0.0.0  | 255.255.255.0 |   enp0s3  |   U   |         Starting Socket activation for snappy daemon.
[   45.195919] cloud-init[949]: ci-info: +-------+-------------+----------+---------------+-----------+-------+

[[0;32m  OK  [0m] Started Daily Cleanup of Temporary Directories.
[   45.200041] cloud-init[949]: ci-info: +++++++++++++++++++Route IPv6 info+++++++++++++++++++[[0;32m  OK  [0m] Listening on ACPID Listen Socket.

[   45.213249] cloud-init[949]: ci-info: +-------+-------------+---------+-----------+-------+
[   45.217918] cloud-init[949]: ci-info: | Route | Destination | Gateway | Interface | Flags |
[[0;32m  OK  [0m] Started ACPI Events Check.
[[0;32m  OK  [0m] Reached target Paths.[   45.296801] cloud-init[949]: ci-info: +-------+-------------+---------+-----------+-------+
[   45.302383] cloud-init[949]: ci-info: |   0   |  fe80::/64  |    ::   |   enp0s3  |   U   |
[[0;32m  OK  [0m] Listening on UUID daemon activation socket.
[[0;32m  OK  [0m] Started Daily apt download activities.
[[0;32m  OK  [0m] Started Daily apt upgrade and clean activities.
[[0;32m  OK  [0m] Reached target Timers.

[   45.313518] cloud-init[949]: ci-info: |   4   |   ff00::/8  |    ::   |   enp0s3  |   U   |
[   45.321856] cloud-init[949]: ci-info: +-------+-------------+---------+-----------+-------+
[[0;32m  OK  [0m] Listening on D-Bus System Message Bus Socket.
[[0;32m  OK  [0m] Reached target Network is Online.
[   45.331229] cloud-init[949]: Generating public/private rsa key pair.
[   45.444982] cloud-init[949]: Your identification has been saved in /etc/ssh/ssh_host_rsa_key.
[   45.450314] cloud-init[949]: Your public key has been saved in /etc/ssh/ssh_host_rsa_key.pub.
         Starting iSCSI initiator daemon (iscsid)...
[[0;32m  OK  [0m] Reached target Cloud-config availability.
[   45.466149] cloud-init[949]: The key fingerprint is:[[0;32m  OK  [0m] Listening on LXD - unix socket.
[   45.509212] cloud-init[949]: 
[[0;32m  OK  [0m] Listening on Socket activation for snappy daemon.
[[0;32m  OK  [0m] Reached target Sockets.
[[0;32m  OK  [0m] Reached target Basic System.
SHA256:R4QWA1aWPDpyQ3bGZOl7HEtABKUQppW5fj43eP+vlCM root@ubuntu-xenial
[   45.658519] cloud-init[949]: The key's randomart image is:
[   45.670281] cloud-init[949]: +---[RSA 2048]----+
[   45.681285] cloud-init[949]: |    =++@@=.      |
[   45.687576] cloud-init[949]: |   +ooo+%o       |
[   45.690579] cloud-init[949]: |  .  +.* o.      |
[   45.700729] cloud-init[949]: |    o = ..o      |
[   45.752205] cloud-init[949]: |   . o oS+.o     |
         Starting Pollinate to seed the pseudo random number generator...
[   45.792502] cloud-init[949]: |    . . ..+  .   |
[   45.807226] cloud-init[949]: |     o . .E +    |[[0;32m  OK  [0m] Started ACPI event daemon.
[[0;32m  OK  [0m] Started D-Bus System Message Bus.

[   45.978210] cloud-init[949]: |      + +  o .   |
[   45.999967] cloud-init[949]: |       + o..oo.  |
[   46.004858] cloud-init[949]: +----[SHA256]-----+
[   46.011662] cloud-init[949]: Generating public/private dsa key pair.
[   46.098325] cloud-init[949]: Your identification has been saved in /etc/ssh/ssh_host_dsa_key.
[   46.107418] cloud-init[949]: Your public key has been saved in /etc/ssh/ssh_host_dsa_key.pub.
[   46.115687] cloud-init[949]: The key fingerprint is:
[   46.119580] cloud-init[949]: SHA256:ORkznxvVi+6w/AGFAx10QQIWdVzHzJDXG9yTTlEU37Y root@ubuntu-xenial
[   46.176941] cloud-init[949]: The key's randomart image is:
[   46.179988] cloud-init[949]: +---[DSA 1024]----+
[   46.184722] cloud-init[949]: |        =*=+=o+X@|
[   46.187529] cloud-init[949]: |       . ..=...BX|
[   46.190923] cloud-init[949]: |        + o o +.B|
[   46.193786] cloud-init[949]: |         B = . =.|
[   46.196341] cloud-init[949]: |        S = . .E |
[   46.205085] cloud-init[949]: |         . =     |
[   46.229219] cloud-init[949]: |          o o    |
[   46.275540] cloud-init[949]: |         . + .   |
[   46.293456] cloud-init[949]: |          o.o    |
[   46.300705] cloud-init[949]: +----[SHA256]-----+
[   46.313883] cloud-init[949]: [[0;32m  OK  [0m] Started Deferred execution scheduler.
Generating public/private ecdsa key pair.
[[0;32m  OK  [0m] Started FUSE filesystem for LXC.
[   46.322565] cloud-init[949]: Your identification has been saved in /etc/ssh/ssh_host_ecdsa_key.
         Starting Accounts Service...
         Starting LXD - container startup/shutdown...
[   46.588713] cloud-init[949]: Your public key has been saved in /etc/ssh/ssh_host_ecdsa_key.pub.
[   46.620717] cloud-init[949]: The key fingerprint is:
         Starting LSB: Record successful boot for GRUB...[   46.684937] cloud-init[949]: SHA256:xg+gyeKZW6ioXoc4zKPmuev4FLbG3B3tR/dhend/Lss root@ubuntu-xenial
[   46.686462] cloud-init[949]: The key's randomart image is:
[   46.686829] cloud-init[949]: +---[ECDSA 256]---+
[   46.687105] cloud-init[949]: |                 |
[   46.687410] cloud-init[949]: |                 |
[   46.687690] cloud-init[949]: |      .          |
[   46.687976] cloud-init[949]: |   . o +         |

[   46.788076] cloud-init[949]: |  + + . S . . o  |         Starting Login Service...
         Starting /etc/rc.local Compatibility...
[
[   46.913912] cloud-init[949]: |o=.O.. + + . + . |
[   46.914538] cloud-init[949]: | *@oo.. . o . o o|
[0;32m  OK  [0m] Started Regular background program processing daemon.
[   47.013351] cloud-init[949]: |+==o.    .   o..+|
         Starting System Logging Service...
         Starting LSB: MD monitoring daemon...
         Starting Virtualbox guest utils...
[   47.039743] cloud-init[949]: |%O=           E++|
         Starting Snappy daemon...
[   47.225547] cloud-init[949]: +----[SHA256]-----+
[   47.403209] cloud-init[949]: Generating public/private ed25519 key pair.
[   47.413595] cloud-init[949]: Your identification has been saved in /etc/ssh/ssh_host_ed25519_key.
[   47.428112] cloud-init[949]: Your public key has been saved in /etc/ssh/ssh_host_ed25519_key.pub.
[[0;32m  OK  [0m] Started iSCSI initiator daemon (iscsid).
[   47.527369] cloud-init[949]: The key fingerprint is:[[0;32m  OK  [0m] Started /etc/rc.local Compatibility.

[   47.725405] cloud-init[949]: SHA256:tTYdzE7dugG6oUP+HkTXdSygQRKBi0XmEJ+DbVcxt+o root@ubuntu-xenial
[   48.025923] cloud-init[949]: The key's randomart image is:
[   48.122349] cloud-init[949]: +--[ED25519 256]--+
[   48.143341] cloud-init[949]: |    ooo.++*.o. .o|
[   48.153429] cloud-init[949]: |     Bo. o B +.oo|
[   48.162810] cloud-init[949]: |    .oB.. + O o..|         Starting Login to default iSCSI targets...

[[0;32m  OK  [0m] Started Login Service.
[[0;32m  OK  [0m] Started Unattended Upgrades Shutdown.
[   48.444607] cloud-init[949]: |    ...o o O o . |
[   48.528761] cloud-init[949]: |        S O o o  |
[[0;32m  OK  [0m] Started System Logging Service.
[   48.555826] cloud-init[949]: |       o = +   o |
[   48.633955] cloud-init[949]: |        + E   .  |
[   48.676887] cloud-init[949]: |         o .     |
[   48.969625] cloud-init[949]: |         .o      |
[   48.980543] cloud-init[949]: +----[SHA256]-----+
[[0;32m  OK  [0m] Started LSB: MD monitoring daemon.
[[0;32m  OK  [0m] Started LSB: Record successful boot for GRUB.
[[0;32m  OK  [0m] Started Login to default iSCSI targets.
[[0;32m  OK  [0m] Reached target Remote File Systems (Pre).
[[0;32m  OK  [0m] Reached target Remote File Systems.
         Starting LSB: Set the CPU Frequency Scaling governor to "ondemand"...
         Starting LSB: daemon to balance interrupts for SMP systems...
         Starting LSB: automatic crash report generation...
         Starting Permit User Sessions...
         Starting Authenticate and Authorize Users to Run Privileged Tasks...
[[0;32m  OK  [0m] Started Permit User Sessions.
         Starting Hold until boot process finishes up...
         Starting Terminate Plymouth Boot Screen...
[[0;32m  OK  [0m] Started Hold until boot process finishes up.
[[0;32m  OK  [0m] Started Authenticate and Authorize Users to Run Privileged Tasks.
[[0;32m  OK  [0m] Started Getty on tty1.
         Starting Set console scheme...
[[0;32m  OK  [0m] Started Serial Getty on ttyS0.
[[0;32m  OK  [0m] Reached target Login Prompts.
[[0;32m  OK  [0m] Started Terminate Plymouth Boot Screen.
[[0;32m  OK  [0m] Started LXD - container startup/shutdown.
[[0;32m  OK  [0m] Started Set console scheme.
[[0;32m  OK  [0m] Started Accounts Service.
[[0;32m  OK  [0m] Started LSB: daemon to balance interrupts for SMP systems.
[[0;32m  OK  [0m] Started LSB: Set the CPU Frequency Scaling governor to "ondemand".
[[0;32m  OK  [0m] Started LSB: automatic crash report generation.
[[0;32m  OK  [0m] Started Virtualbox guest utils.
[[0;32m  OK  [0m] Started Snappy daemon.
         Starting Wait until snapd is fully seeded...
[[0;32m  OK  [0m] Started Pollinate to seed the pseudo random number generator.
         Starting OpenBSD Secure Shell server...
[[0;32m  OK  [0m] Started OpenBSD Secure Shell server.
[[0;32m  OK  [0m] Created slice User Slice of vagrant.
[[0;32m  OK  [0m] Started Session 1 of user vagrant.
         Starting User Manager for UID 1000...
[[0;32m  OK  [0m] Started User Manager for UID 1000.

Ubuntu 16.04.6 LTS ubuntu-xenial ttyS0

ubuntu-xenial login: [   63.182285] cloud-init[1382]: Generating locales (this might take a while)...
[   71.159187] cloud-init[1382]:   en_US.UTF-8... done
[   71.160349] cloud-init[1382]: Generation complete.
[   75.246998] cloud-init[1382]: Cloud-init v. 19.1-1-gbaa47854-0ubuntu1~16.04.1 running 'modules:config' at Fri, 23 Aug 2019 16:26:04 +0000. Up 61.46 seconds.
ci-info: no authorized ssh keys fingerprints found for user ubuntu.
<14>Aug 23 16:26:21 ec2: 
<14>Aug 23 16:26:21 ec2: #############################################################
<14>Aug 23 16:26:21 ec2: -----BEGIN SSH HOST KEY FINGERPRINTS-----
<14>Aug 23 16:26:21 ec2: 1024 SHA256:ORkznxvVi+6w/AGFAx10QQIWdVzHzJDXG9yTTlEU37Y root@ubuntu-xenial (DSA)
<14>Aug 23 16:26:21 ec2: 256 SHA256:xg+gyeKZW6ioXoc4zKPmuev4FLbG3B3tR/dhend/Lss root@ubuntu-xenial (ECDSA)
<14>Aug 23 16:26:21 ec2: 256 SHA256:tTYdzE7dugG6oUP+HkTXdSygQRKBi0XmEJ+DbVcxt+o root@ubuntu-xenial (ED25519)
<14>Aug 23 16:26:21 ec2: 2048 SHA256:R4QWA1aWPDpyQ3bGZOl7HEtABKUQppW5fj43eP+vlCM root@ubuntu-xenial (RSA)
<14>Aug 23 16:26:21 ec2: -----END SSH HOST KEY FINGERPRINTS-----
<14>Aug 23 16:26:21 ec2: #############################################################
-----BEGIN SSH HOST KEY KEYS-----
ecdsa-sha2-nistp256 AAAAE2VjZHNhLXNoYTItbmlzdHAyNTYAAAAIbmlzdHAyNTYAAABBBBe8Mx2k3x3h1yt7LVjHgTnSXyrCQZoieK9dW7FdneXO18WZGQZ1gOsfwHc9XSj9fA5nw9ASD57op7yjSBC5dGE= root@ubuntu-xenial
ssh-ed25519 AAAAC3NzaC1lZDI1NTE5AAAAIM51MynY9JdiqWdYZ+NW4cDzjOAvXeSGodXbvMpgJ4Hx root@ubuntu-xenial
ssh-rsa AAAAB3NzaC1yc2EAAAADAQABAAABAQDfqqBnHgdAkUCP+yptsfiNTuIds5ltP5P7NvR+KZ/vSa+mvHz9wu655SfBqdmGGi4rtyl4PmDSj/bt+eL+9jSARJWD/ji/2NeZeN7YfNL2y1LLykLzucYbc2b1IvpV83Q3vLIzF8TBPvUmpVsoEccpnMTLmDQWMFCJY9IyFCueLbMQdKJt/C4u3QEaShAM320QGQsPwGMBMML46otf5u7P9K6Peg50VrZQaV4QpuRkBwrDkUTP/6tTytP7dn/YFD5cr17p+/bh9BpBWNwEUPl5Qci2wr0LWcBCp89e/jGQVtfx5D07TrrVCopJdSohU/e0UCUU5hwaAjCjgO42YJxv root@ubuntu-xenial
-----END SSH HOST KEY KEYS-----
[   78.693539] cloud-init[1587]: Cloud-init v. 19.1-1-gbaa47854-0ubuntu1~16.04.1 running 'modules:final' at Fri, 23 Aug 2019 16:26:21 +0000. Up 77.51 seconds.
[   78.957568] cloud-init[1587]: ci-info: no authorized ssh keys fingerprints found for user ubuntu.
[   78.958366] cloud-init[1587]: Cloud-init v. 19.1-1-gbaa47854-0ubuntu1~16.04.1 finished at Fri, 23 Aug 2019 16:26:22 +0000. Datasource DataSourceNoCloud [seed=/dev/sdb][dsmode=net].  Up 78.59 seconds
